timestamp	equity	avail_balance	cash
2018-11-11T10:44:45.550Z	9	9	1890.837
2018-11-11T14:12:01.759Z	9	9	1882.377
2018-11-11T14:30:01.767Z	9	9	1883.538
2018-11-11T14:45:01.749Z	9	9	1886.292
2018-11-11T15:00:01.806Z	9	9	1887.687
2018-11-11T16:02:02.679Z	9.062	9	1873.831298
2018-11-11T16:02:16.079Z	9.067	9	1873.550478
2018-11-11T16:04:01.863Z	9.061	9	1874.403765
2018-11-11T16:15:01.931Z	9.035	9	1875.1239
2018-11-11T16:30:01.946Z	9.027	9	1875.72033
2018-11-11T16:45:01.921Z	9.037	9	1875.1775
2018-11-11T17:00:01.994Z	9.035	9	1875.3046
2018-11-11T17:15:02.014Z	9.044	9	1874.622232
2018-11-11T17:30:02.052Z	9.034	9	1875.259652
2018-11-11T17:45:02.084Z	9.026	9	1875.675008
2018-11-11T18:00:02.069Z	9.035	9	1875.14197
2018-11-11T18:15:02.096Z	9.038	9	1875.131936
2018-11-11T18:30:02.116Z	9.025	9	1875.6477
2018-11-11T18:45:02.100Z	9.027	9	1875.693249
2018-11-11T19:00:02.150Z	9.012	9	1876.442592
2018-11-11T19:15:02.195Z	8.98	9	1877.99638
2018-11-11T19:30:02.202Z	8.984	9	1877.988408
2018-11-11T19:45:02.214Z	8.982	9	1878.019434
2018-11-11T20:00:02.224Z	8.991	9	1877.554566
2018-11-11T20:15:02.244Z	8.978	9	1878.188622
2018-11-11T20:30:02.256Z	8.994	9	1877.281644
2018-11-11T20:45:02.315Z	9.004	9	1876.694716
2018-11-11T21:00:01.286Z	8.989	9	1877.658276
2018-11-11T21:15:01.343Z	9.001	9	1877.095543
2018-11-11T21:30:01.398Z	8.993	9	1877.441631
2018-11-11T21:45:01.453Z	9.002	9	1876.808976
2018-11-11T22:00:01.377Z	9.009	9	1876.5747
2018-11-11T22:15:01.393Z	9.003	9	1876.94544
2018-11-11T22:30:01.672Z	9.005	9	1876.66001
2018-11-11T22:45:01.709Z	9.007	9	1876.761569
2018-11-11T23:00:01.768Z	9.001	9	1876.97853
2018-11-11T23:15:01.799Z	8.994	9	1877.326614
2018-11-11T23:30:01.772Z	8.982	9	1878.055362
2018-11-11T23:45:01.861Z	8.974	9	1878.356914
2018-11-12T00:00:01.852Z	8.927	9	1880.963535
2018-11-12T00:15:01.841Z	8.901	9	1882.223262
2018-11-12T00:30:01.858Z	8.909	9	1881.696617
2018-11-12T00:45:01.883Z	8.9	9	1882.2432
2018-11-12T01:00:01.977Z	8.903	9	1882.165424
2018-11-12T01:15:01.917Z	8.912	9	1881.63512
2018-11-12T01:30:01.918Z	8.92	9	1881.19232
2018-11-12T01:45:01.986Z	8.912	9	1881.688592
2018-11-12T02:00:02.044Z	8.92	9	1881.1834
2018-11-12T02:15:02.011Z	8.922	9	1881.132324
2018-11-12T02:30:02.009Z	8.923	9	1881.164706
2018-11-12T02:45:02.029Z	8.912	9	1881.697504
2018-11-12T03:00:02.089Z	8.909	9	1881.856979
2018-11-12T03:15:02.106Z	8.915	9	1881.51075
2018-11-12T03:30:02.099Z	8.917	9	1881.326494
2018-11-12T03:45:02.159Z	8.935	9	1880.361815
2018-11-12T04:00:02.335Z	8.946	9	1879.876656
2018-11-12T04:15:02.184Z	8.94	9	1880.082
2018-11-12T04:30:02.207Z	8.94	9	1880.2608
2018-11-12T04:45:02.352Z	8.926	9	1881.029536
2018-11-12T05:00:02.226Z	8.933	9	1880.655557
2018-11-12T05:15:02.278Z	8.938	9	1880.28706
2018-11-12T05:30:02.315Z	8.932	9	1880.695124
2018-11-12T05:45:02.271Z	8.938	9	1880.385378
2018-11-12T06:00:02.398Z	8.93	9	1880.61335
2018-11-12T06:15:01.398Z	8.927	9	1880.936754
2018-11-12T06:30:01.350Z	8.947	9	1879.7647
2018-11-12T06:45:01.496Z	8.955	9	1879.430625
2018-11-12T07:00:01.379Z	8.962	9	1878.713022
2018-11-12T07:15:01.469Z	8.963	9	1879.012283
2018-11-12T07:30:01.433Z	8.971	9	1878.536371
2018-11-12T07:45:01.410Z	8.967	9	1878.747906
2018-11-12T08:00:01.527Z	8.978	9	1878.206578
2018-11-12T08:15:01.481Z	8.981	9	1877.998948
2018-11-12T08:30:01.532Z	8.95	9	1879.65215
2018-11-12T08:45:01.573Z	8.945	9	1879.836475
2018-11-12T09:00:01.550Z	8.94	9	1880.13564
2018-11-12T09:15:01.647Z	8.947	9	1879.934693
2018-11-12T09:30:01.613Z	8.947	9	1879.702071
2018-11-12T09:45:01.807Z	8.94	9	1880.22504
2018-11-12T10:00:01.682Z	8.944	9	1879.98408
2018-11-12T10:15:01.693Z	8.937	9	1880.3448
2018-11-12T10:30:01.701Z	8.957	9	1879.348783
2018-11-12T10:45:02.680Z	8.953	9	1879.521196
2018-11-12T11:00:01.719Z	8.952	9	1879.105368
2018-11-12T11:15:01.793Z	8.958	9	1879.191324
2018-11-12T11:30:01.773Z	8.957	9	1879.223385
2018-11-12T11:45:01.748Z	8.941	9	1880.059834
2018-11-12T12:00:01.775Z	8.941	9	1880.274418
2018-11-12T12:15:01.830Z	8.916	9	1881.596976
2018-11-12T12:30:01.824Z	8.912	9	1881.750976
2018-11-12T12:45:01.827Z	8.922	9	1881.043104
2018-11-12T13:00:01.877Z	8.919	9	1881.204399
2018-11-12T13:15:01.875Z	8.929	9	1880.706341
2018-11-12T13:30:01.994Z	8.934	9	1880.589132
2018-11-12T13:45:01.979Z	8.931	9	1880.707842
2018-11-12T14:00:01.949Z	8.931	9	1880.770359
2018-11-12T14:15:01.986Z	8.943	9	1880.131605
2018-11-12T14:30:02.008Z	8.922	9	1881.24831
2018-11-12T14:45:01.986Z	8.924	9	1881.04534
2018-11-12T15:00:02.024Z	8.925	9	1880.916975
2018-11-12T15:15:02.050Z	8.932	9	1880.516484
2018-11-12T15:30:02.133Z	8.943	9	1880.024289
2018-11-12T15:45:02.084Z	8.935	9	1880.56732
2018-11-12T16:00:02.136Z	8.941	9	1880.158185
2018-11-12T16:15:02.147Z	8.948	9	1879.760048
2018-11-12T16:30:02.195Z	8.959	9	1879.168168
2018-11-12T16:45:02.269Z	8.961	9	1879.050012
2018-11-12T17:00:02.275Z	8.957	9	1879.1786
2018-11-12T17:15:02.317Z	8.982	9	1878.04638
2018-11-12T17:30:02.318Z	8.99	9	1877.5615
2018-11-12T17:45:01.361Z	8.982	9	1878.019434
2018-11-12T18:00:01.349Z	8.986	9	1877.750504
2018-11-12T18:15:01.491Z	8.991	9	1877.482638
2018-11-12T18:30:01.359Z	8.992	9	1877.358752
2018-11-12T18:45:01.413Z	8.996	9	1877.159336
2018-11-12T19:00:01.432Z	9.003	9	1876.990455
2018-11-12T19:15:01.485Z	8.999	9	1877.200399
2018-11-12T19:30:01.495Z	8.994	9	1877.326614
2018-11-12T19:45:01.519Z	8.99	9	1877.49857
2018-11-12T20:00:01.506Z	8.973	9	1878.416793
2018-11-12T20:15:01.538Z	8.98	9	1878.15802
2018-11-12T20:30:01.528Z	8.988	9	1877.575224
2018-11-12T20:45:01.555Z	8.983	9	1877.923099
2018-11-12T21:00:01.616Z	8.982	9	1877.947578
2018-11-12T21:15:01.624Z	8.985	9	1877.712255
2018-11-12T21:30:01.612Z	8.982	9	1877.95656
2018-11-12T21:45:01.635Z	8.98	9	1878.15802
2018-11-12T22:00:01.645Z	9.002	9	1876.82698
2018-11-12T22:15:01.673Z	9.027	9	1875.548817
2018-11-12T22:30:01.956Z	9.021	9	1876.00716
2018-11-12T22:45:01.921Z	9.005	9	1876.66001
2018-11-12T23:00:01.972Z	8.981	9	1878.151625
2018-11-12T23:15:01.962Z	8.986	9	1877.71456
2018-11-12T23:30:01.997Z	8.996	9	1877.051384
2018-11-12T23:45:01.983Z	8.979	9	1878.209262
2018-11-13T00:00:01.997Z	8.965	9	1878.875735
2018-11-13T00:15:03.080Z	8.975	9	1878.3239
2018-11-13T00:30:02.116Z	8.975	9	1878.4675
2018-11-13T00:45:02.096Z	8.99	9	1877.44463
2018-11-13T01:00:02.119Z	8.994	9	1877.461524
2018-11-13T01:15:02.141Z	9.009	9	1876.493619
2018-11-13T01:30:02.195Z	9.007	9	1876.689513
2018-11-13T01:45:02.244Z	9.057	9	1873.965756
2018-11-13T02:00:02.210Z	9.042	9	1874.804448
2018-11-13T02:15:02.220Z	9.051	9	1874.37159
2018-11-13T02:30:02.309Z	9.048	9	1874.709408
2018-11-13T02:45:02.348Z	9.025	9	1875.6116
2018-11-13T03:00:02.317Z	9.024	9	1875.665472
2018-11-13T03:15:01.333Z	9.009	9	1877.016141
2018-11-13T03:30:01.374Z	9.025	9	1875.62965
2018-11-13T03:45:01.334Z	9.031	9	1875.422615
2018-11-13T04:00:01.378Z	9.023	9	1875.800493
2018-11-13T04:15:01.404Z	9.008	9	1876.72672
2018-11-13T04:30:01.435Z	9.018	9	1876.185882
2018-11-13T04:45:01.409Z	9.02	9	1876.07882
2018-11-13T05:00:01.513Z	9.013	9	1876.389431
2018-11-13T05:15:01.652Z	9.021	9	1875.82674
2018-11-13T05:30:01.505Z	9.029	9	1875.603199
2018-11-13T05:45:01.609Z	9.03	9	1875.52197
2018-11-13T06:00:01.581Z	9.017	9	1876.203258
2018-11-13T06:15:01.623Z	9.018	9	1876.005522
2018-11-13T06:30:01.695Z	9.027	9	1875.503682
2018-11-13T06:45:01.665Z	9.035	9	1875.1239
2018-11-13T07:00:01.675Z	9.068	9	1873.53948
2018-11-13T07:15:01.751Z	9.092	9	1872.17918
2018-11-13T07:30:01.699Z	9.09	9	1872.48546
2018-11-13T07:45:01.733Z	9.082	9	1872.726564
2018-11-13T08:00:01.759Z	9.06	9	1873.79826
2018-11-13T08:15:01.773Z	9.071	9	1873.370133
2018-11-13T08:30:01.848Z	9.072	9	1873.368
2018-11-13T08:45:01.834Z	9.083	9	1872.651193
2018-11-13T09:00:01.867Z	9.123	9	1870.67115
2018-11-13T09:15:01.813Z	9.136	9	1870.04784
2018-11-13T09:30:01.896Z	9.133	9	1870.246607
2018-11-13T09:45:01.895Z	9.105	9	1871.71485
2018-11-13T10:00:01.907Z	9.121	9	1870.790068
2018-11-13T10:15:01.907Z	9.111	9	1871.235402
2018-11-13T10:30:01.992Z	9.101	9	1871.920983
2018-11-13T10:45:02.029Z	9.103	9	1871.75886
2018-11-13T11:00:02.011Z	9.094	9	1871.927148
2018-11-13T11:15:01.969Z	9.064	9	1873.637568
2018-11-13T11:30:02.025Z	9.068	9	1873.485072
2018-11-13T11:45:02.029Z	9.082	9	1872.89004
2018-11-13T12:00:02.102Z	9.078	9	1873.090974
2018-11-13T12:15:02.111Z	9.09	9	1872.3582
2018-11-13T12:30:02.132Z	9.066	9	1873.4889
2018-11-13T12:45:02.253Z	9.075	9	1873.17075
2018-11-13T13:00:02.187Z	9.077	9	1872.993565
2018-11-13T13:15:02.228Z	9.08	9	1872.76816
2018-11-13T13:30:02.222Z	9.072	9	1873.404288
2018-11-13T13:45:02.212Z	9.083	9	1872.73294
2018-11-13T14:00:02.278Z	9.103	9	1871.786169
2018-11-13T14:15:02.300Z	9.126	9	1870.565346
2018-11-13T14:30:02.339Z	9.135	9	1870.06239
2018-11-13T14:45:01.387Z	9.111	9	1871.235402
2018-11-13T15:00:01.436Z	9.091	9	1872.409633
2018-11-13T15:15:01.378Z	9.118	9	1870.977128
2018-11-13T15:30:01.538Z	9.084	9	1872.675684
2018-11-13T15:45:01.441Z	9.083	9	1872.623944
2018-11-13T16:00:01.441Z	9.091	9	1872.345996
2018-11-13T16:15:01.446Z	9.086	9	1872.6246
2018-11-13T16:30:01.459Z	9.073	9	1873.129923
2018-11-13T16:45:01.598Z	9.074	9	1873.109524
2018-11-13T17:00:01.529Z	9.037	9	1875.1775
2018-11-13T17:15:01.524Z	9.055	9	1874.18579
2018-11-13T17:30:01.597Z	9.051	9	1874.317284
2018-11-13T17:45:01.629Z	9.048	9	1874.555592
2018-11-13T18:00:01.600Z	9.06	9	1873.82544
2018-11-13T18:15:01.596Z	9.087	9	1872.494481
2018-11-13T18:30:01.682Z	9.072	9	1873.313568
2018-11-13T18:45:01.652Z	9.1	9	1871.9246
2018-11-13T19:00:01.765Z	9.196	9	1867.146644
2018-11-13T19:15:01.694Z	9.188	9	1867.516128
2018-11-13T19:30:01.740Z	9.183	9	1867.63854
2018-11-13T19:45:01.792Z	9.178	9	1868.025874
2018-11-13T20:00:01.784Z	9.165	9	1868.569365
2018-11-13T20:15:01.797Z	9.144	9	1869.81084
2018-11-13T20:30:01.839Z	9.141	9	1869.70014
2018-11-13T20:45:01.864Z	9.159	9	1868.774883
2018-11-13T21:00:01.883Z	9.154	9	1869.210184
2018-11-13T21:15:01.868Z	9.167	9	1868.537111
2018-11-13T21:30:01.902Z	9.193	9	1867.236195
2018-11-13T21:45:01.921Z	9.166	9	1868.571594
2018-11-13T22:00:01.966Z	9.167	9	1868.390439
2018-11-13T22:15:01.982Z	9.201	9	1866.800091
2018-11-13T22:30:02.209Z	9.197	9	1866.853045
2018-11-13T22:45:02.353Z	9.168	9	1868.319216
2018-11-13T23:00:02.238Z	9.182	9	1867.6188
2018-11-13T23:15:02.269Z	9.183	9	1867.629357
2018-11-13T23:30:02.295Z	9.162	9	1868.709006
2018-11-13T23:45:01.345Z	9.181	9	1867.892812
2018-11-14T00:00:01.326Z	9.209	9	1866.351194
2018-11-14T00:15:01.330Z	9.212	9	1866.277504
2018-11-14T00:30:01.366Z	9.195	9	1866.9528
2018-11-14T00:45:01.538Z	9.188	9	1867.387496
2018-11-14T01:00:01.379Z	9.191	9	1867.399807
2018-11-14T01:15:01.598Z	9.202	9	1866.828144
2018-11-14T01:30:01.505Z	9.189	9	1867.379391
2018-11-14T01:45:01.580Z	9.178	9	1868.016696
2018-11-14T02:00:01.534Z	9.167	9	1868.445441
2018-11-14T02:15:01.593Z	9.19	9	1867.44476
2018-11-14T02:30:01.740Z	9.173	9	1868.182353
2018-11-14T02:45:01.577Z	9.18	9	1867.79034
2018-11-14T03:00:01.616Z	9.172	9	1868.207992
2018-11-14T03:15:01.684Z	9.175	9	1868.04835
2018-11-14T03:30:01.621Z	9.156	9	1869.581952
2018-11-14T03:45:01.719Z	9.149	9	1869.296233
2018-11-14T04:00:01.708Z	9.162	9	1868.77314
2018-11-14T04:15:01.684Z	9.145	9	1869.594655
2018-11-14T04:30:01.721Z	9.156	9	1868.931876
2018-11-14T04:45:01.753Z	9.164	9	1868.512108
2018-11-14T05:00:01.748Z	9.167	9	1868.463775
2018-11-14T05:15:01.772Z	9.164	9	1868.530436
2018-11-14T05:30:01.799Z	9.168	9	1868.310048
2018-11-14T05:45:01.839Z	9.15	9	1869.35415
2018-11-14T06:00:01.857Z	9.141	9	1869.70014
2018-11-14T06:15:01.849Z	9.133	9	1870.07308
2018-11-14T06:30:01.929Z	9.142	9	1869.740124
2018-11-14T06:45:01.910Z	9.153	9	1869.051753
2018-11-14T07:00:01.943Z	9.149	9	1869.332829
2018-11-14T07:15:01.934Z	9.16	9	1868.79572
2018-11-14T07:30:01.991Z	9.158	9	1868.992114
2018-11-14T07:45:01.973Z	9.183	9	1867.712004
2018-11-14T08:00:02.015Z	9.182	9	1867.655528
2018-11-14T08:15:02.036Z	9.179	9	1867.935679
2018-11-14T08:30:02.079Z	9.17	9	1868.2958
2018-11-14T08:45:02.039Z	9.202	9	1866.616498
2018-11-14T09:00:02.046Z	9.184	9	1867.722528
2018-11-14T09:15:02.093Z	9.202	9	1866.67171
2018-11-14T09:30:02.142Z	9.178	9	1867.924916
2018-11-14T09:45:02.239Z	9.205	9	1866.64513
2018-11-14T10:00:02.203Z	9.37	9	1858.61446
2018-11-14T10:15:02.192Z	9.352	9	1859.495568
2018-11-14T10:30:02.244Z	9.434	9	1855.554592
2018-11-14T10:45:02.229Z	9.418	9	1856.2878
2018-11-14T11:00:02.285Z	9.428	9	1856.005508
2018-11-14T11:15:02.276Z	9.433	9	1855.640894
2018-11-14T11:30:01.325Z	9.436	9	1855.570528
2018-11-14T11:45:01.352Z	9.407	9	1856.772474
2018-11-14T12:00:01.345Z	9.422	9	1856.134
2018-11-14T12:15:01.450Z	9.408	9	1856.80992
2018-11-14T12:30:01.378Z	9.426	9	1855.988826
2018-11-14T12:45:01.420Z	9.418	9	1856.297218
2018-11-14T13:00:01.502Z	9.421	9	1856.106578
2018-11-14T13:15:01.528Z	9.436	9	1855.570528
2018-11-14T13:30:01.532Z	9.47	9	1853.8472
2018-11-14T13:45:01.524Z	9.448	9	1854.83136
2018-11-14T14:00:01.518Z	9.449	9	1854.885945
2018-11-14T14:15:01.604Z	9.458	9	1854.57193
2018-11-14T14:30:01.583Z	9.495	9	1852.83531
2018-11-14T14:45:01.651Z	9.502	9	1852.50992
2018-11-14T15:00:01.668Z	9.525	9	1851.37425
2018-11-14T15:15:01.920Z	9.729	9	1841.203521
2018-11-14T15:30:01.651Z	9.818	9	1838.46959
2018-11-14T15:45:01.684Z	9.808	9	1839.0
2018-11-14T16:00:01.768Z	10.136	9	1826.486928
2018-11-14T16:15:01.809Z	10.541	9	1813.052
2018-11-14T16:30:01.779Z	12.266	9	1759.238784
2018-11-14T16:45:02.032Z	11.982	9	1766.56617
2018-11-14T17:00:01.950Z	11.407	9	1782.503448
2018-11-14T17:15:02.341Z	11.313	9	1785.1914
2018-11-14T17:30:01.881Z	11.018	9	1794.358426
2018-11-14T17:45:01.938Z	10.508	9	1811.5792
2018-11-14T18:00:01.924Z	10.803	9	1801.389447
2018-11-14T18:15:01.879Z	10.795	9	1801.66391
2018-11-14T18:30:01.903Z	10.493	9	1812.1411
2018-11-14T18:45:01.917Z	10.579	9	1810.17269
2018-11-14T19:00:01.968Z	10.943	9	1796.884372
2018-11-14T19:15:02.005Z	10.94	9	1797.02628
2018-11-14T19:30:01.975Z	11.036	9	1793.857656
2018-11-14T19:45:02.013Z	10.939	9	1796.905774
2018-11-14T20:00:02.077Z	10.825	9	1800.662975
2018-11-14T20:15:02.091Z	10.975	9	1795.872175
2018-11-14T20:30:02.102Z	11.124	9	1791.01962
2018-11-14T20:45:02.132Z	11.118	9	1791.343278
2018-11-14T21:00:02.231Z	11.033	9	1792.928698
2018-11-14T21:15:02.234Z	10.894	9	1798.523142
2018-11-14T21:30:02.342Z	10.728	9	1803.59136
2018-11-14T21:45:02.225Z	10.639	9	1805.321271
2018-11-14T22:00:02.263Z	10.689	9	1805.404167
2018-11-14T22:15:02.208Z	10.757	9	1802.991527
2018-11-14T22:30:01.498Z	10.597	9	1808.526408
2018-11-14T22:45:01.598Z	10.631	9	1807.238107
2018-11-14T23:00:01.601Z	10.924	9	1800.996184
2018-11-14T23:15:01.584Z	10.761	9	1802.801091
2018-11-14T23:30:01.620Z	10.746	9	1803.372228
2018-11-14T23:45:01.700Z	10.758	9	1802.943978
2018-11-15T00:00:01.634Z	10.663	9	1806.130929
2018-11-15T00:15:01.719Z	10.641	9	1807.012056
2018-11-15T00:30:01.701Z	10.633	9	1807.333542
2018-11-15T00:45:01.698Z	10.566	9	1809.702216
2018-11-15T01:00:01.809Z	10.752	9	1803.1104
2018-11-15T01:15:01.735Z	10.72	9	1804.2832
2018-11-15T01:30:01.805Z	10.73	9	1804.01344
2018-11-15T01:45:01.838Z	10.723	9	1803.855229
2018-11-15T02:00:01.886Z	10.813	9	1801.024093
2018-11-15T02:15:01.857Z	10.939	9	1796.94953
2018-11-15T02:30:01.931Z	10.891	9	1799.127854
2018-11-15T02:45:01.918Z	10.926	9	1797.327
2018-11-15T03:00:01.955Z	10.915	9	1797.7005
2018-11-15T03:15:01.957Z	10.739	9	1803.700962
2018-11-15T03:30:01.966Z	10.811	9	1801.263954
2018-11-15T03:45:02.021Z	10.829	9	1800.689436
2018-11-15T04:00:01.999Z	10.809	9	1802.40075
2018-11-15T04:15:02.062Z	10.89	9	1798.53795
2018-11-15T04:30:02.146Z	10.888	9	1798.686712
2018-11-15T04:45:02.102Z	10.931	9	1797.242227
2018-11-15T05:00:02.141Z	10.866	9	1799.398734
2018-11-15T05:15:02.144Z	10.858	9	1799.60492
2018-11-15T05:30:02.270Z	10.85	9	1799.85225
2018-11-15T05:45:02.213Z	10.849	9	1799.838251
2018-11-15T06:00:02.204Z	10.801	9	1801.444785
2018-11-15T06:15:02.293Z	10.857	9	1799.678034
2018-11-15T06:30:02.242Z	10.826	9	1800.753536
2018-11-15T06:45:02.280Z	10.902	9	1798.263096
2018-11-15T07:00:02.287Z	10.858	9	1799.724358
2018-11-15T07:15:01.371Z	10.802	9	1801.417134
2018-11-15T07:30:01.429Z	10.698	9	1804.987956
2018-11-15T07:45:01.601Z	10.745	9	1803.50527
2018-11-15T08:00:01.415Z	10.731	9	1803.805983
2018-11-15T08:15:01.482Z	10.719	9	1804.200642
2018-11-15T08:30:01.454Z	10.747	9	1803.518552
2018-11-15T08:45:02.493Z	10.793	9	1801.945315
2018-11-15T09:00:01.454Z	10.809	9	1801.741401
2018-11-15T09:15:01.621Z	10.795	9	1801.6855
2018-11-15T09:30:01.525Z	10.75	9	1803.25875
2018-11-15T09:45:01.561Z	10.786	9	1802.383744
2018-11-15T10:00:01.529Z	10.778	9	1802.329494
2018-11-15T10:15:01.657Z	11.308	9	1785.386196
2018-11-15T10:30:01.604Z	11.093	9	1792.085243
2018-11-15T10:45:01.749Z	11.039	9	1793.771266
2018-11-15T11:00:01.669Z	11.019	9	1794.355998
2018-11-15T11:15:01.664Z	11.045	9	1793.57546
2018-11-15T11:30:01.698Z	11.044	9	1793.501424
2018-11-15T11:45:01.679Z	11.015	9	1794.67395
2018-11-15T12:00:01.800Z	11.055	9	1793.264715
2018-11-15T12:15:01.737Z	10.983	9	1795.489857
2018-11-15T12:30:01.725Z	10.984	9	1795.521528
2018-11-15T12:45:01.767Z	11.019	9	1794.355998
2018-11-15T13:00:01.857Z	11.056	9	1793.272144
2018-11-15T13:15:01.834Z	11.035	9	1793.882705
2018-11-15T13:30:01.834Z	11.006	9	1794.792444
2018-11-15T13:45:01.855Z	11.002	9	1794.932292
2018-11-15T14:00:01.861Z	11.016	9	1794.550464
2018-11-15T14:15:01.919Z	11.112	9	1791.509976
2018-11-15T14:30:01.959Z	11.071	9	1792.760243
2018-11-15T14:45:01.956Z	11.272	9	1786.454192
2018-11-15T15:00:01.993Z	11.454	9	1781.108454
2018-11-15T15:15:02.034Z	10.867	9	1799.346993
2018-11-15T15:30:02.028Z	10.881	9	1799.162469
2018-11-15T15:45:02.090Z	10.968	9	1796.020968
2018-11-15T16:00:02.075Z	10.912	9	1797.86112
2018-11-15T16:15:02.132Z	10.866	9	1800.409272
2018-11-15T16:30:02.167Z	10.83	9	1799.37201
2018-11-15T16:45:02.132Z	10.953	9	1796.51106
2018-11-15T17:00:02.244Z	10.807	9	1801.31076
2018-11-15T17:15:02.195Z	10.813	9	1801.164662
2018-11-15T17:30:02.269Z	10.821	9	1800.094992
2018-11-15T17:45:02.214Z	10.806	9	1801.284558
2018-11-15T18:00:02.244Z	10.849	9	1800.022684
2018-11-15T18:15:02.258Z	10.834	9	1800.513294
2018-11-15T18:30:02.305Z	10.833	9	1800.531264
2018-11-15T18:45:02.370Z	10.732	9	1803.920416
2018-11-15T19:00:01.316Z	10.782	9	1802.232864
2018-11-15T19:15:01.323Z	10.78	9	1802.2004
2018-11-15T19:30:01.378Z	10.736	9	1803.658736
2018-11-15T19:45:01.411Z	10.665	9	1806.09642
2018-11-15T20:00:01.432Z	10.666	9	1806.18044
2018-11-15T20:15:01.450Z	10.646	9	1806.30682
2018-11-15T20:30:01.445Z	10.713	9	1804.465581
2018-11-15T20:45:01.459Z	10.71	9	1804.90275
2018-11-15T21:00:01.494Z	10.779	9	1802.216463
2018-11-15T21:15:01.511Z	10.797	9	1801.727781
2018-11-15T21:30:01.500Z	10.784	9	1801.046624
2018-11-15T21:45:01.551Z	10.772	9	1802.511076
2018-11-15T22:00:01.589Z	10.744	9	1803.391144
2018-11-15T22:15:01.597Z	10.799	9	1801.553974
2018-11-15T22:30:01.916Z	10.778	9	1802.394162
2018-11-15T22:45:01.911Z	10.738	9	1803.737026
2018-11-15T23:00:01.934Z	10.736	9	1803.766096
2018-11-15T23:15:02.038Z	10.738	9	1803.55448
2018-11-15T23:30:01.968Z	10.666	9	1806.148442
2018-11-15T23:45:01.984Z	10.632	9	1807.291152
2018-11-16T00:00:02.054Z	10.626	9	1807.578234
2018-11-16T00:15:02.058Z	10.6	9	1808.413
2018-11-16T00:30:02.074Z	10.649	9	1806.645446
2018-11-16T00:45:02.170Z	10.694	9	1805.1472
2018-11-16T01:00:02.144Z	10.682	9	1805.653234
2018-11-16T01:15:02.211Z	10.697	9	1805.150841
2018-11-16T01:30:02.210Z	10.69	9	1805.2203
2018-11-16T01:45:02.226Z	10.736	9	1803.75536
2018-11-16T02:00:02.229Z	10.737	9	1803.676419
2018-11-16T02:15:02.220Z	10.735	9	1803.67323
2018-11-16T02:30:02.329Z	10.701	9	1804.916268
2018-11-16T02:45:02.323Z	10.713	9	1804.476294
2018-11-16T03:00:01.359Z	10.728	9	1803.999024
2018-11-16T03:15:01.468Z	10.665	9	1805.7978
2018-11-16T03:30:01.387Z	10.672	9	1805.894496
2018-11-16T03:45:01.391Z	10.661	9	1806.367857
2018-11-16T04:00:01.431Z	10.668	9	1806.0924
2018-11-16T04:15:01.422Z	10.699	9	1805.081785
2018-11-16T04:30:01.573Z	10.701	9	1804.916268
2018-11-16T04:45:01.432Z	10.705	9	1804.766655
2018-11-16T05:00:01.470Z	10.715	9	1804.973895
2018-11-16T05:15:01.483Z	10.714	9	1804.462594
2018-11-16T05:30:01.569Z	10.726	9	1805.02491
2018-11-16T05:45:01.591Z	10.711	9	1804.48217
2018-11-16T06:00:01.546Z	10.721	9	1804.258532
2018-11-16T06:15:01.636Z	10.759	9	1802.88563
2018-11-16T06:30:01.601Z	10.743	9	1803.459639
2018-11-16T06:45:01.583Z	10.736	9	1803.648
2018-11-16T07:00:01.614Z	10.749	9	1803.35973
2018-11-16T07:15:01.758Z	10.713	9	1804.60485
2018-11-16T07:30:01.669Z	10.72	9	1804.2296
2018-11-16T07:45:01.660Z	10.739	9	1803.711701
2018-11-16T08:00:02.011Z	10.79	9	1801.91921
2018-11-16T08:15:01.728Z	10.745	10.781	1801.581915
2018-11-16T08:30:01.761Z	10.787	10.781	1799.843311
2018-11-16T08:45:01.781Z	10.767	10.781	1800.834585
2018-11-16T09:00:01.819Z	10.759	10.781	1801.239503
2018-11-16T09:15:01.804Z	10.793	10.781	1799.959403
2018-11-16T09:30:01.940Z	10.758	10.781	1801.115118
2018-11-16T09:45:01.888Z	10.822	10.781	1798.638044
2018-11-16T10:00:01.898Z	10.832	10.781	1798.6536
2018-11-16T10:15:01.910Z	10.733	10.781	1802.0707
2018-11-16T10:30:01.929Z	10.729	10.781	1801.978466
2018-11-16T10:45:01.986Z	10.74	10.781	1801.7961
2018-11-16T11:00:01.999Z	10.677	10.781	1803.921858
2018-11-16T11:15:01.990Z	10.669	10.781	1804.287935
2018-11-16T11:30:02.014Z	10.697	10.781	1803.171896
2018-11-16T11:45:02.018Z	10.714	10.781	1802.759068
2018-11-16T12:00:02.047Z	10.707	10.781	1802.941023
2018-11-16T12:15:02.083Z	10.736	10.781	1801.98392
2018-11-16T12:30:02.082Z	10.727	10.781	1802.24327
2018-11-16T12:45:02.110Z	10.709	10.781	1802.86015
2018-11-16T13:00:02.113Z	10.734	10.781	1802.02392
2018-11-16T13:15:02.157Z	10.714	10.781	1802.780496
2018-11-16T13:30:02.166Z	10.719	10.781	1802.453445
2018-11-16T13:45:02.176Z	10.714	10.781	1802.641214
2018-11-16T14:00:02.176Z	10.71	10.781	1802.80359
2018-11-16T14:15:02.256Z	10.706	10.781	1802.976048
2018-11-16T14:30:02.395Z	10.737	10.781	1801.808181
2018-11-16T14:45:02.276Z	10.727	10.781	1802.136
2018-11-16T15:00:02.383Z	10.73	10.781	1802.04985
2018-11-16T15:15:01.310Z	10.737	10.781	1801.829655
2018-11-16T15:30:01.355Z	10.758	10.781	1801.308762
2018-11-16T15:45:01.510Z	10.794	10.781	1800.00744
2018-11-16T16:00:02.382Z	10.793	10.781	1800.067333
2018-11-16T16:15:01.456Z	10.751	10.781	1801.340801
2018-11-16T16:30:01.480Z	10.747	10.781	1801.573345
2018-11-16T16:45:01.550Z	10.734	10.781	1802.034654
2018-11-16T17:00:01.543Z	10.76	10.781	1801.21324
2018-11-16T17:15:01.537Z	10.751	10.781	1801.373054
2018-11-16T17:30:01.570Z	10.765	10.781	1800.85532
2018-11-16T17:45:01.577Z	10.792	10.781	1800.116392
2018-11-16T18:00:01.569Z	10.796	10.781	1799.876732
2018-11-16T18:15:01.630Z	10.834	10.781	1798.639012
2018-11-16T18:30:01.640Z	10.816	10.781	1799.2416
2018-11-16T18:45:01.669Z	10.813	10.781	1799.758972
2018-11-16T19:00:01.720Z	10.799	10.781	1799.901727
2018-11-16T19:15:01.719Z	10.82	10.781	1799.12796
2018-11-16T19:30:01.738Z	10.835	10.781	1798.599165
2018-11-16T19:45:01.819Z	10.855	10.781	1797.87023
2018-11-16T20:00:01.732Z	10.905	10.781	1796.347935
2018-11-16T20:15:01.795Z	10.899	10.781	1796.438574
2018-11-16T20:30:01.772Z	10.892	10.781	1796.755212
2018-11-16T20:45:01.794Z	10.869	10.781	1797.504351
2018-11-16T21:00:01.817Z	10.863	10.781	1797.60924
2018-11-16T21:15:01.854Z	10.881	10.781	1797.018912
2018-11-16T21:30:01.901Z	10.876	10.781	1797.171992
2018-11-16T21:45:01.903Z	10.926	10.781	1795.6881
2018-11-16T22:00:01.940Z	10.925	10.781	1795.5893
2018-11-16T22:15:01.933Z	10.956	10.781	1794.669492
2018-11-16T22:30:02.274Z	10.942	10.781	1795.122636
2018-11-16T22:45:02.356Z	10.929	10.781	1795.470765
2018-11-16T23:00:02.263Z	10.908	10.781	1796.209452
2018-11-16T23:15:02.263Z	10.891	10.781	1796.79718
2018-11-16T23:30:01.369Z	10.828	10.781	1799.158824
2018-11-16T23:45:01.337Z	10.822	10.781	1799.060102
2018-11-17T00:00:01.355Z	10.804	10.781	1799.600672
2018-11-17T00:15:01.440Z	10.81	10.781	1799.4326
2018-11-17T00:30:01.402Z	10.823	10.781	1798.912476
2018-11-17T00:45:01.410Z	10.832	10.781	1798.642768
2018-11-17T01:00:01.425Z	10.848	10.781	1798.251264
2018-11-17T01:15:01.594Z	10.852	10.781	1798.12214
2018-11-17T01:30:01.486Z	10.825	10.781	1798.92015
2018-11-17T01:45:01.510Z	10.843	10.781	1798.430823
2018-11-17T02:00:01.533Z	10.877	10.781	1797.239341
2018-11-17T02:15:01.610Z	10.901	10.781	1796.4848
2018-11-17T02:30:01.544Z	10.914	10.781	1795.975098
2018-11-17T02:45:01.605Z	10.937	10.781	1795.658534
2018-11-17T03:00:01.646Z	10.88	10.781	1797.13664
2018-11-17T03:15:01.609Z	10.882	10.781	1797.1623
2018-11-17T03:30:01.618Z	10.895	10.781	1796.574605
2018-11-17T03:45:01.685Z	10.898	10.781	1796.469912
2018-11-17T04:00:01.739Z	10.911	10.781	1796.212464
2018-11-17T04:15:01.689Z	10.914	10.781	1796.06241
2018-11-17T04:30:01.846Z	10.896	10.781	1796.652336
2018-11-17T04:45:01.801Z	10.866	10.781	1797.551514
2018-11-17T05:00:01.776Z	10.874	10.781	1797.36346
2018-11-17T05:15:01.816Z	10.868	10.781	1797.469388
2018-11-17T05:30:01.822Z	10.883	10.781	1797.077141
2018-11-17T05:45:01.890Z	10.894	10.781	1796.714738
2018-11-17T06:00:01.869Z	10.893	10.781	1796.767671
2018-11-17T06:15:01.863Z	10.888	10.781	1796.7922
2018-11-17T06:30:01.924Z	10.865	10.781	1797.668575
2018-11-17T06:45:01.973Z	10.862	10.781	1797.661
2018-11-17T07:00:01.961Z	10.873	10.781	1797.41563
2018-11-17T07:15:01.939Z	10.879	10.781	1797.134647
2018-11-17T07:30:02.001Z	10.827	10.781	1798.90605
2018-11-17T07:45:02.020Z	10.816	10.781	1799.2416
2018-11-17T08:00:02.058Z	10.781	10.781	1800.437781
2018-11-17T08:15:02.089Z	10.821	10.781	1798.980429
2018-11-17T08:30:02.130Z	10.826	10.781	1798.84816
2018-11-17T08:45:02.070Z	10.841	10.781	1798.500218
2018-11-17T09:00:02.099Z	10.826	10.781	1798.945594
2018-11-17T09:15:02.137Z	10.848	10.781	1798.27296
2018-11-17T09:30:02.150Z	10.828	10.781	1798.779844
2018-11-17T09:45:02.240Z	10.823	10.781	1799.042352
2018-11-17T10:00:02.225Z	10.84	10.781	1798.49692
2018-11-17T10:15:02.298Z	10.841	10.781	1798.348444
2018-11-17T10:30:02.295Z	10.885	10.781	1797.037305
2018-11-17T10:45:02.270Z	10.891	10.781	1796.710052
2018-11-17T11:00:02.288Z	10.88	10.781	1796.87552
2018-11-17T11:15:01.286Z	10.869	10.781	1797.547827
2018-11-17T11:30:01.335Z	10.854	10.781	1798.062786
2018-11-17T11:45:01.403Z	10.842	10.781	1798.297488
2018-11-17T12:00:01.386Z	10.851	10.781	1798.66176
2018-11-17T12:15:01.504Z	10.858	10.781	1797.81335
2018-11-17T12:30:01.411Z	10.862	10.781	1797.758758
2018-11-17T12:45:01.584Z	10.851	10.781	1798.086657
2018-11-17T13:00:01.503Z	10.863	10.781	1797.728733
2018-11-17T13:15:01.538Z	10.863	10.781	1797.739596
2018-11-17T13:30:01.518Z	10.873	10.781	1797.383011
2018-11-17T13:45:01.648Z	10.859	10.781	1797.805181
2018-11-17T14:00:01.591Z	10.854	10.781	1798.084494
2018-11-17T14:15:01.560Z	10.873	10.781	1797.459122
2018-11-17T14:30:01.671Z	10.923	10.781	1795.752123
2018-11-17T14:45:01.693Z	10.883	10.781	1796.946545
2018-11-17T15:00:01.681Z	10.885	10.781	1796.993765
2018-11-17T15:15:01.688Z	10.907	10.781	1796.306551
2018-11-17T15:30:01.746Z	10.901	10.781	1796.397592
2018-11-17T15:45:01.708Z	10.899	10.781	1796.558463
2018-11-17T16:00:01.837Z	10.918	10.781	1795.967328
2018-11-17T16:15:01.775Z	10.898	10.781	1796.557096
2018-11-17T16:30:01.845Z	10.87	10.781	1797.48494
2018-11-17T16:45:01.828Z	10.865	10.781	1797.625115
2018-11-17T17:00:01.857Z	10.787	10.781	1800.177708
2018-11-17T17:15:01.880Z	10.838	10.781	1798.45772
2018-11-17T17:30:01.908Z	10.865	10.781	1797.59252
2018-11-17T17:45:01.949Z	10.864	10.781	1797.622624
2018-11-17T18:00:01.935Z	10.867	10.781	1797.586539
2018-11-17T18:15:01.975Z	10.866	10.781	1797.551514
2018-11-17T18:30:01.960Z	10.853	10.781	1797.994804
2018-11-17T18:45:02.012Z	10.814	10.781	1799.276576
2018-11-17T19:00:02.080Z	10.828	10.781	1798.758188
2018-11-17T19:15:02.055Z	10.809	10.781	1799.503938
2018-11-17T19:30:02.052Z	10.827	10.781	1798.79778
2018-11-17T19:45:02.136Z	10.808	10.781	1799.434728
2018-11-17T20:00:02.129Z	10.807	10.781	1799.624868
2018-11-17T20:15:02.136Z	10.812	10.781	1799.3871
2018-11-17T20:30:02.130Z	10.8	10.781	1799.7984
2018-11-17T20:45:02.168Z	10.8	10.781	1799.7876
2018-11-17T21:00:02.188Z	10.808	10.781	1799.607656
2018-11-17T21:15:02.235Z	10.826	10.781	1798.988898
2018-11-17T21:30:02.308Z	10.827	10.781	1798.873569
2018-11-17T21:45:02.274Z	10.827	10.781	1798.851915
2018-11-17T22:00:02.319Z	10.844	10.781	1798.401492
2018-11-17T22:15:02.325Z	10.835	10.781	1798.555825
2018-11-17T22:30:01.607Z	10.834	10.781	1798.671514
2018-11-17T22:45:01.601Z	10.815	10.781	1799.280735
2018-11-17T23:00:02.121Z	10.837	10.781	1798.541031
2018-11-17T23:15:02.147Z	10.841	10.781	1798.380967
2018-11-17T23:30:02.214Z	10.84	10.781	1798.4102
2018-11-17T23:45:02.250Z	10.84	10.781	1798.49692
2018-11-18T00:00:02.231Z	10.837	10.781	1798.61689
2018-11-18T00:15:02.237Z	10.831	10.781	1798.682508
2018-11-18T00:30:02.278Z	10.822	10.781	1798.973526
2018-11-18T00:45:02.284Z	10.835	10.781	1798.577495
2018-11-18T01:00:01.293Z	10.804	10.781	1799.73032
2018-11-18T01:15:01.320Z	10.811	10.781	1799.469328
2018-11-18T01:30:01.383Z	10.812	10.781	1799.289792
2018-11-18T01:45:01.384Z	10.814	10.781	1799.330646
2018-11-18T02:00:01.397Z	10.818	10.781	1799.19567
2018-11-18T02:15:01.500Z	10.796	10.781	1799.887528
2018-11-18T02:30:01.478Z	10.747	10.781	1801.62708
2018-11-18T02:45:01.494Z	10.761	10.781	1800.993243
2018-11-18T03:00:01.446Z	10.762	10.781	1801.031462
2018-11-18T03:15:01.532Z	10.695	10.781	1803.957735
2018-11-18T03:30:01.625Z	10.602	10.781	1779.980382
2018-11-18T03:45:01.746Z	10.614	10.781	1782.99279
2018-11-18T04:00:01.586Z	10.622	10.781	1784.995234
2018-11-18T04:15:01.573Z	10.619	10.781	1784.236237
2018-11-18T04:30:01.606Z	10.601	10.781	1779.727683
2018-11-18T04:45:01.648Z	10.594	10.781	1777.959238
2018-11-18T05:00:01.643Z	10.632	10.781	1787.515632
2018-11-18T05:15:01.671Z	10.614	10.781	1783.024632
2018-11-18T05:30:01.682Z	10.638	10.781	1789.056288
2018-11-18T05:45:01.725Z	10.646	10.781	1791.13627
2018-11-18T06:00:01.749Z	10.628	10.781	1786.51366
2018-11-18T06:15:01.751Z	10.619	10.781	1784.289332
2018-11-18T06:30:01.805Z	10.619	10.781	1784.214999
2018-11-18T06:45:01.825Z	10.622	10.781	1785.016478
2018-11-18T07:00:01.830Z	10.621	10.781	1784.75284
2018-11-18T07:15:01.952Z	10.628	10.781	1786.545544
2018-11-18T07:30:01.866Z	10.626	10.781	1786.07121
2018-11-18T07:45:01.954Z	10.581	10.781	1774.64532
2018-11-18T08:00:01.900Z	10.563	10.781	1770.052473
2018-11-18T08:15:01.922Z	10.579	10.781	1774.119458
2018-11-18T08:30:01.993Z	10.538	10.781	1763.776674
2018-11-18T08:45:01.972Z	10.54	10.781	1764.31168
2018-11-18T09:00:02.021Z	10.564	10.781	1770.357376
2018-11-18T09:15:01.993Z	10.57	10.781	1771.89138
2018-11-18T09:30:02.031Z	10.54	10.781	1764.24844
2018-11-18T09:45:02.062Z	10.475	10.781	1747.96325
2018-11-18T10:00:02.068Z	10.514	10.781	1757.78309
2018-11-18T10:15:02.089Z	10.476	10.781	1748.255832
2018-11-18T10:30:02.108Z	10.498	10.781	1753.764386
2018-11-18T10:45:02.146Z	10.479	10.781	1748.997495
2018-11-18T11:00:02.186Z	10.428	10.781	1736.262
2018-11-18T11:15:02.149Z	10.406	10.781	1730.767544
2018-11-18T11:30:02.253Z	10.447	10.781	1740.99255
2018-11-18T11:45:02.241Z	10.473	10.781	1747.503834
2018-11-18T12:00:02.322Z	10.464	10.781	1745.248704
2018-11-18T12:15:02.292Z	10.484	10.781	1750.219928
2018-11-18T12:30:02.295Z	10.508	10.781	1756.212548
2018-11-18T12:45:02.292Z	10.484	10.781	1750.219928
2018-11-18T13:00:01.355Z	10.522	10.781	1759.75189
2018-11-18T13:15:01.327Z	10.482	10.781	1749.76026
2018-11-18T13:30:01.347Z	10.472	10.781	1747.2532
2018-11-18T13:45:01.358Z	10.477	10.781	1748.464622
2018-11-18T14:00:01.413Z	10.43	10.781	1736.6993
2018-11-18T14:15:01.426Z	10.466	10.781	1745.7288
2018-11-18T14:30:01.440Z	10.459	10.781	1743.93366
2018-11-18T14:45:01.529Z	10.426	10.781	1735.730906
2018-11-18T15:00:01.520Z	10.453	10.781	1742.5151
2018-11-18T15:15:01.519Z	10.41	10.781	1731.72432
2018-11-18T15:30:01.551Z	10.425	10.781	1735.522725
2018-11-18T15:45:01.560Z	10.441	10.781	1739.4706
2018-11-18T16:00:01.570Z	10.451	10.781	1742.014484
2018-11-18T16:15:01.578Z	10.466	10.781	1745.760198
2018-11-18T16:30:01.654Z	10.523	10.781	1760.045411
2018-11-18T16:45:01.682Z	10.537	10.781	1763.493394
2018-11-18T17:00:01.649Z	10.428	10.781	1736.355852
2018-11-18T17:15:01.698Z	10.45	10.781	1741.7015
2018-11-18T17:30:01.691Z	10.413	10.781	1732.504527
2018-11-18T17:45:02.703Z	10.408	10.781	1731.256312
2018-11-18T18:00:01.717Z	10.401	10.781	1729.47828
2018-11-18T18:15:01.781Z	10.418	10.781	1733.773978
2018-11-18T18:30:01.809Z	10.457	10.781	1743.49561
2018-11-18T18:45:01.775Z	10.64	10.781	1789.37136
2018-11-18T19:00:01.831Z	10.715	10.781	1808.831295
2018-11-18T19:15:01.844Z	10.824	10.781	1836.811152
2018-11-18T19:30:01.864Z	10.753	10.781	1818.472089
2018-11-18T19:45:01.887Z	10.72	10.781	1809.97552
2018-11-18T20:00:01.898Z	10.722	10.781	1810.549086
2018-11-18T20:15:01.959Z	10.625	10.781	1785.78625
2018-11-18T20:30:01.967Z	10.586	10.781	1775.865016
2018-11-18T20:45:01.976Z	10.593	10.781	1777.706667
2018-11-18T21:00:02.052Z	10.329	10.781	1712.5482
2018-11-18T21:15:01.996Z	10.354	10.781	1717.873556
2018-11-18T21:30:02.051Z	10.36	10.781	1719.23164
2018-11-18T21:45:02.064Z	10.369	10.781	1721.56507
2018-11-18T22:00:02.070Z	10.389	10.781	1726.527132
2018-11-18T22:15:02.100Z	10.376	10.781	1723.308336
2018-11-18T22:30:01.397Z	10.326	10.781	1710.96657
2018-11-18T22:45:01.420Z	9.975	10.781	1645.13685
2018-11-18T23:00:01.463Z	9.886	10.781	1637.339092
2018-11-18T23:15:01.449Z	9.851	10.781	1634.271049
2018-11-18T23:30:01.464Z	9.802	10.781	1629.935372
2018-11-18T23:45:01.509Z	9.821	10.781	1631.602014
2018-11-19T00:00:01.561Z	9.618	10.781	1612.448082
2018-11-19T00:15:01.521Z	9.745	10.781	1624.793595
2018-11-19T00:30:01.642Z	9.79	10.781	1628.89936
2018-11-19T00:45:01.622Z	9.762	10.781	1626.3492
2018-11-19T01:00:01.630Z	9.784	10.781	1628.282632
2018-11-19T01:15:01.650Z	10.023	10.781	1649.354811
2018-11-19T01:30:01.662Z	10.004	10.781	1647.648796
2018-11-19T01:45:01.801Z	9.952	10.781	1643.095104
2018-11-19T02:00:01.779Z	9.985	10.781	1646.037235
2018-11-19T02:15:01.746Z	10.026	10.781	1649.567754
2018-11-19T02:30:01.754Z	10.665	10.781	1703.595105
2018-11-19T02:45:01.829Z	10.6	10.781	1698.2366
2018-11-19T03:00:01.832Z	10.659	10.781	1702.2423
2018-11-19T03:15:01.794Z	10.528	10.781	1692.53392
2018-11-19T03:30:01.939Z	10.55	10.781	1694.10845
2018-11-19T03:45:01.874Z	10.524	10.781	1691.89086
2018-11-19T04:00:01.877Z	10.521	10.781	1691.67159
2018-11-19T04:15:01.901Z	10.571	10.781	1695.831533
2018-11-19T04:30:01.922Z	10.575	10.781	1696.1454
2018-11-19T04:45:01.950Z	10.659	10.781	1703.041725
2018-11-19T05:00:01.967Z	10.665	10.781	1703.56311
2018-11-19T05:15:02.022Z	10.897	10.781	1722.92467
2018-11-19T05:30:01.969Z	10.927	10.781	1724.761388
2018-11-19T05:45:02.046Z	10.96	10.781	1728.392
2018-11-19T06:00:02.058Z	11.484	10.781	1768.260384
2018-11-19T06:15:02.046Z	11.564	10.781	1774.368596
2018-11-19T06:30:02.159Z	11.889	10.781	1798.627365
2018-11-19T06:45:02.243Z	11.752	10.781	1788.47812
2018-11-19T07:00:02.160Z	11.687	10.781	1783.599818
2018-11-19T07:15:02.166Z	11.779	10.781	1790.478674
2018-11-19T07:30:02.173Z	11.874	10.781	1797.474246
2018-11-19T07:45:02.208Z	11.719	10.781	1785.9756
2018-11-19T08:00:02.257Z	11.772	10.781	1789.9326
2018-11-19T08:15:02.280Z	12.599	10.781	1849.28122
2018-11-19T08:30:02.265Z	13.436	10.781	1905.2248
2018-11-19T08:45:02.341Z	12.795	10.781	1862.6961
2018-11-19T09:00:01.334Z	12.792	10.781	1862.502408
2018-11-19T09:15:01.391Z	12.92814214	10.78091307	1871.73641903
2018-11-19T09:30:01.349Z	12.99360608	10.78091307	1876.13378829
2018-11-19T09:45:01.566Z	13.21981785	10.78091307	1891.14782271
2018-11-19T10:00:01.464Z	13.19128942	10.78091307	1889.26966202
2018-11-19T10:15:01.485Z	12.61467418	10.78091307	1850.34563807
2018-11-19T10:30:01.457Z	12.5578743	10.78091307	1845.36707051
2018-11-19T10:45:01.481Z	12.44700653	10.78091307	1838.67180461
2018-11-19T11:00:01.489Z	12.42809509	10.78091307	1837.34472192
2018-11-19T11:15:01.523Z	12.59793066	10.78091307	1849.18725193
2018-11-19T11:30:01.546Z	12.59468221	10.78091307	1848.96232184
2018-11-19T11:45:01.545Z	12.76181868	10.78091307	1860.45621263
2018-11-19T12:00:01.592Z	12.76000728	10.78091307	1860.33250138
2018-11-19T12:15:01.678Z	12.72383661	10.78091307	1857.85827877
2018-11-19T12:30:01.610Z	12.68090257	10.78091307	1854.91170433
2018-11-19T12:45:01.654Z	12.92697338	10.78091307	1871.65769477
2018-11-19T13:00:01.610Z	12.96443006	10.78091307	1874.17690276
2018-11-19T13:15:01.801Z	13.05942553	10.78091307	1880.53115747
2018-11-19T13:30:01.688Z	13.0289123	10.78091307	1878.36525738
2018-11-19T13:45:01.900Z	13.07242956	10.78091307	1881.3971347
2018-11-19T14:00:01.803Z	12.68515632	10.78091307	1855.2041118
2018-11-19T14:15:01.830Z	12.787207	10.78091307	1861.25470209
2018-11-19T14:30:01.841Z	12.96459754	10.78091307	1872.30828293
2018-11-19T14:45:01.969Z	12.60443021	10.78091307	1849.7757599
2018-11-19T15:00:01.841Z	12.78027759	10.78091307	1861.71581681
2018-11-19T15:15:01.917Z	12.85821559	10.78091307	1866.6271572
2018-11-19T15:30:01.908Z	12.50231102	10.78091307	1842.52808657
2018-11-19T15:45:01.908Z	12.76050127	10.78091307	1860.34071965
2018-11-19T16:00:01.915Z	12.70366138	10.78091307	1856.57659238
2018-11-19T16:15:01.945Z	13.01847786	10.78091307	1879.21727909
2018-11-19T16:30:02.024Z	12.99243097	10.78091307	1876.05506234
2018-11-19T16:45:01.960Z	12.79232413	10.78091307	1861.28316092
2018-11-19T17:00:01.996Z	12.74667721	10.78091307	1859.42153801
2018-11-19T17:15:02.001Z	12.77961785	10.78091307	1861.6708303
2018-11-19T17:30:02.052Z	12.854232	10.78091307	1866.74298797
2018-11-19T17:45:02.077Z	12.93198317	10.78091307	1871.99508774
2018-11-19T18:00:02.104Z	12.87848586	10.78091307	1868.3849716
2018-11-19T18:15:02.108Z	12.68597452	10.78091307	1855.26034368
2018-11-19T18:30:02.277Z	12.90978886	10.78091307	1871.23516589
2018-11-19T18:45:02.150Z	12.85821559	10.78091307	1865.67564925
2018-11-19T19:00:02.250Z	12.97230401	10.78091307	1874.70548631
2018-11-19T19:15:02.259Z	13.09103091	10.78091307	1882.6342462
2018-11-19T19:30:02.212Z	12.96443006	10.78091307	1874.17690276
2018-11-19T19:45:02.198Z	12.79529637	10.78091307	1862.73924554
2018-11-19T20:00:02.287Z	12.7358266	10.78091307	1858.67926983
2018-11-19T20:15:02.323Z	12.77664949	10.78091307	1861.46839415
2018-11-19T20:30:02.262Z	12.90945542	10.78091307	1869.88297977
2018-11-19T20:45:02.282Z	12.91145619	10.78091307	1870.61177281
2018-11-19T21:00:01.345Z	13.06162004	10.78091307	1880.67736146
2018-11-19T21:15:01.333Z	13.29495832	10.78091307	1896.07377577
2018-11-19T21:30:01.361Z	13.35706405	10.78091307	1900.1225035
2018-11-19T21:45:01.502Z	13.7521039	10.78091307	1925.40456283
2018-11-19T22:00:01.399Z	13.15908291	10.78091307	1888.26260217
2018-11-19T22:15:01.416Z	13.26779969	10.78091307	1894.29683294
2018-11-19T22:30:01.702Z	13.38962215	10.78091307	1902.23683961
2018-11-19T22:45:01.695Z	13.38563435	10.78091307	1901.97817043
2018-11-19T23:00:01.741Z	13.33891743	10.78091307	1898.94162425
2018-11-19T23:15:01.767Z	13.22837225	10.78091307	1891.71014524
2018-11-19T23:30:01.805Z	13.14938649	10.78091307	1886.79231806
2018-11-19T23:45:01.820Z	13.22922802	10.78091307	1891.76637763
2018-11-20T00:00:01.848Z	13.48204861	10.78091307	1908.51880123
2018-11-20T00:15:01.841Z	13.54633539	10.78091307	1912.33616701
2018-11-20T00:30:01.888Z	13.4219188	10.78091307	1904.32868318
2018-11-20T00:45:01.873Z	13.2458418	10.78091307	1892.65859728
2018-11-20T01:00:01.933Z	13.24549902	10.78091307	1893.21891143
2018-11-20T01:15:01.935Z	13.28773307	10.78091307	1895.6014243
2018-11-20T01:30:02.014Z	13.33063075	10.78091307	1898.40179448
2018-11-20T01:45:01.948Z	13.32821485	10.78091307	1898.24434358
2018-11-20T02:00:02.005Z	13.23761773	10.78091307	1892.3174545
2018-11-20T02:15:02.003Z	13.13935795	10.78091307	1885.83948913
2018-11-20T02:30:02.019Z	12.87150372	10.78091307	1867.91261985
2018-11-20T02:45:02.055Z	12.99679623	10.78091307	1876.34747173
2018-11-20T03:00:02.065Z	12.98035079	10.78091307	1875.24531793
2018-11-20T03:15:02.084Z	13.03295385	10.78091307	1878.76546225
2018-11-20T03:30:02.106Z	13.1815674	10.78091307	1888.62861394
2018-11-20T03:45:02.170Z	13.22905687	10.78091307	1891.75513241
2018-11-20T04:00:02.214Z	13.28034019	10.78091307	1895.11782545
2018-11-20T04:15:02.201Z	13.1815674	10.78091307	1888.62861394
2018-11-20T04:30:02.232Z	13.28429397	10.78091307	1895.89458252
2018-11-20T04:45:02.398Z	13.47418897	10.78091307	1909.03656746
2018-11-20T05:00:02.333Z	13.72321206	10.78091307	1923.58263445
2018-11-20T05:15:02.347Z	14.07603252	10.78091307	1947.51763137
2018-11-20T05:30:02.454Z	14.3179584	10.78091307	1961.07349021
2018-11-20T05:45:01.347Z	13.82768023	10.78091307	1930.15057258
2018-11-20T06:00:01.494Z	14.08776328	10.78091307	1946.26676042
2018-11-20T06:15:01.412Z	14.37241131	10.78091307	1963.53008835
2018-11-20T06:30:01.394Z	14.5045422	10.78091307	1971.64593487
2018-11-20T06:45:01.403Z	14.95015677	10.78091307	1997.41569526
2018-11-20T07:00:01.486Z	14.80644213	10.78091307	1987.61679153
2018-11-20T07:15:01.797Z	14.92430039	10.78091307	1995.93116126
2018-11-20T07:30:01.499Z	14.94858826	10.78091307	1997.32572318
2018-11-20T07:45:01.752Z	15.22456552	10.78091307	2012.99205305
2018-11-20T08:00:01.576Z	15.39928848	10.78091307	2023.22011766
2018-11-20T08:15:01.695Z	15.68261657	10.78091307	2038.28535822
2018-11-20T08:30:01.623Z	15.97161142	10.78091307	2053.80548411
2018-11-20T08:45:01.689Z	17.77509126	10.78091307	2144.1914836
2018-11-20T09:00:01.867Z	17.18154454	10.78091307	2112.76298745
2018-11-20T09:15:01.909Z	16.73204489	10.78091307	2093.11188756
2018-11-20T09:30:01.765Z	16.52359626	10.78091307	2082.55145463
2018-11-20T09:45:01.765Z	16.82539636	10.78091307	2097.79041816
2018-11-20T10:00:01.752Z	16.81346841	10.78091307	2097.19435518
2018-11-20T10:15:01.731Z	16.46576853	10.78091307	2079.5936338
2018-11-20T10:30:01.744Z	16.57038622	10.78091307	2084.93570536
2018-11-20T10:45:01.820Z	16.16280769	10.78091307	2063.99054201
2018-11-20T11:00:01.806Z	16.33191409	10.78091307	2072.69954908
2018-11-20T11:15:01.854Z	16.6553181	10.78091307	2089.24310246
2018-11-20T11:30:01.879Z	16.4027195	10.78091307	2076.35465063
2018-11-20T11:45:01.865Z	16.5845425	10.78091307	2085.65548026
2018-11-20T12:00:01.848Z	16.93207161	10.78091307	2103.06488639
2018-11-20T12:15:01.911Z	16.49344299	10.78091307	2081.01068893
2018-11-20T12:30:02.024Z	16.58144458	10.78091307	2085.49802916
2018-11-20T12:45:01.985Z	16.38263926	10.78091307	2075.31997618
2018-11-20T13:00:01.994Z	16.61511604	10.78091307	2088.50347111
2018-11-20T13:15:01.961Z	16.56928087	10.78091307	2083.90188574
2018-11-20T13:30:02.058Z	16.65887746	10.78091307	2089.42304654
2018-11-20T13:45:02.007Z	16.68604743	10.78091307	2090.79511507
2018-11-20T14:00:02.042Z	16.69251365	10.78091307	2091.12126248
2018-11-20T14:15:02.058Z	16.41189628	10.78091307	2076.82700286
2018-11-20T14:30:02.103Z	16.37675168	10.78091307	2075.01632161
2018-11-20T14:45:02.139Z	16.1088229	10.78091307	2061.05945476
2018-11-20T15:00:02.176Z	15.5209465	10.78091307	2030.62095154
2018-11-20T15:15:02.177Z	15.38266466	10.78091307	2021.82052959
2018-11-20T15:30:02.168Z	15.165836	10.78091307	2009.74625505
2018-11-20T15:45:02.203Z	14.73816434	10.78091307	1985.15704578
2018-11-20T16:00:02.270Z	13.98312165	10.78091307	1939.82253402
2018-11-20T16:15:02.249Z	14.55884239	10.78091307	1974.6303522
2018-11-20T16:30:02.283Z	14.50624746	10.78091307	1971.51507979
2018-11-20T16:45:02.267Z	14.68329976	10.78091307	1981.93711831
2018-11-20T17:00:02.284Z	14.48598837	10.78091307	1970.31170815
2018-11-20T17:15:01.337Z	14.79151809	10.78091307	1988.26107014
2018-11-20T17:30:01.394Z	15.11927801	10.78091307	2007.05391727
2018-11-20T17:45:01.499Z	15.2869759	10.78091307	2016.47441702
2018-11-20T18:00:01.415Z	15.33513792	10.78091307	2019.17760993
2018-11-20T18:15:01.416Z	15.27370667	10.78091307	2015.74743777
2018-11-20T18:30:01.430Z	15.40354914	10.78091307	2022.97891565
2018-11-20T18:45:01.545Z	15.37861322	10.78091307	2021.59560084
2018-11-20T19:00:01.456Z	15.20136216	10.78091307	2011.68746281
2018-11-20T19:15:01.496Z	15.27109459	10.78091307	2015.60123274
2018-11-20T19:30:01.501Z	15.39847708	10.78091307	2022.6977538
2018-11-20T19:45:01.583Z	15.35513913	10.78091307	2020.29101047
2018-11-20T20:00:01.557Z	15.37355064	10.78091307	2021.31443815
2018-11-20T20:15:01.572Z	15.79058087	10.78091307	2045.22761544
2018-11-20T20:30:01.581Z	17.2735086	10.78091307	2119.40768469
2018-11-20T20:45:01.641Z	17.22386224	10.78091307	2117.41550447
2018-11-20T21:00:01.641Z	16.5542568	10.78091307	2084.11471409
2018-11-20T21:15:01.642Z	16.0180449	10.78091307	2056.2684599
2018-11-20T21:30:01.670Z	16.27444829	10.78091307	2069.76805907
2018-11-20T21:45:01.705Z	16.45567891	10.78091307	2079.07629621
2018-11-20T22:00:01.703Z	16.21442024	10.78091307	2066.59271727
2018-11-20T22:15:01.724Z	16.37805981	10.78091307	2075.08379987
2018-11-20T22:30:02.039Z	16.4517328	10.78091307	2078.87386007
2018-11-20T22:45:02.050Z	17.05923397	10.78091307	2109.37428039
2018-11-20T23:00:02.045Z	17.33662753	10.78091307	2122.87004105
2018-11-20T23:15:02.090Z	17.49860466	10.78091307	2131.3650448
2018-11-20T23:30:02.156Z	17.39416608	10.78091307	2125.63667164
2018-11-20T23:45:02.127Z	17.08420804	10.78091307	2110.60014547
2018-11-21T00:00:02.205Z	16.89763017	10.78091307	2101.38928794
2018-11-21T00:15:02.198Z	17.05305453	10.78091307	2109.07062511
2018-11-21T00:30:02.230Z	17.05946289	10.78091307	2109.38552689
2018-11-21T00:45:02.261Z	17.89348743	10.78091307	2148.32788782
2018-11-21T01:00:02.306Z	17.72176665	10.78091307	2141.17929019
2018-11-21T01:15:02.297Z	17.94452488	10.78091307	2151.54853311
2018-11-21T01:30:02.669Z	18.1556611	10.78091307	2161.23174168
2018-11-21T01:45:01.317Z	17.73351964	10.78091307	2141.73036748
2018-11-21T02:00:01.349Z	17.70259858	10.78091307	2140.65132809
2018-11-21T02:15:01.374Z	16.86598219	10.78091307	2099.81478266
2018-11-21T02:30:01.423Z	16.42589166	10.78091307	2076.72548257
2018-11-21T02:45:01.504Z	16.70880396	10.78091307	2091.94225579
2018-11-21T03:00:01.463Z	16.51280399	10.78091307	2082.00037828
2018-11-21T03:15:01.480Z	16.59959933	10.78091307	2087.98060172
2018-11-21T03:30:01.496Z	16.8224697	10.78091307	2097.6442143
2018-11-21T03:45:01.529Z	15.9434892	10.78091307	2052.30970378
2018-11-21T04:00:01.518Z	15.97626882	10.78091307	2054.05290592
2018-11-21T04:15:01.557Z	15.9902506	10.78091307	2054.79517285
2018-11-21T04:30:01.565Z	16.26709264	10.78091307	2068.57230138
2018-11-21T04:45:02.632Z	16.13321823	10.78091307	2062.357686
2018-11-21T05:00:01.596Z	15.96695561	10.78091307	2053.55806187
2018-11-21T05:15:01.675Z	16.17096674	10.78091307	2064.32093016
2018-11-21T05:30:01.717Z	16.21959219	10.78091307	2066.86263277
2018-11-21T05:45:01.742Z	16.58122333	10.78091307	2085.48678311
2018-11-21T06:00:01.700Z	17.41457057	10.78091307	2126.6151143
2018-11-21T06:15:01.724Z	17.011699	10.78091307	2107.03501474
2018-11-21T06:30:01.770Z	16.8926522	10.78091307	2101.14186594
2018-11-21T06:45:01.858Z	16.5092818	10.78091307	2081.82043498
2018-11-21T07:00:01.800Z	16.56375543	10.78091307	2084.48236584
2018-11-21T07:15:01.803Z	16.61068093	10.78091307	2086.98256273
2018-11-21T07:30:01.832Z	16.48531063	10.78091307	2080.5945693
2018-11-21T07:45:01.902Z	16.5622087	10.78091307	2084.51958698
2018-11-21T08:00:01.869Z	16.22994193	10.78091307	2067.40246293
2018-11-21T08:15:01.955Z	16.30065765	10.78091307	2071.52017548
2018-11-21T08:30:01.941Z	16.31258751	10.78091307	2071.69861377
2018-11-21T08:45:01.953Z	15.70189932	10.78091307	2039.33127988
2018-11-21T09:00:01.989Z	15.50212618	10.78091307	2028.4222064
2018-11-21T09:15:02.011Z	15.81755039	10.78091307	2045.57306909
2018-11-21T09:30:02.411Z	15.32948647	10.78091307	2018.86270913
2018-11-21T09:45:02.013Z	15.44541653	10.78091307	2025.29568791
2018-11-21T10:00:02.086Z	15.49047903	10.78091307	2027.78115742
2018-11-21T10:15:02.038Z	15.70189932	10.78091307	2039.33127988
2018-11-21T10:30:02.150Z	15.94708053	10.78091307	2052.50089377
2018-11-21T10:45:02.116Z	15.69775016	10.78091307	2039.10635028
2018-11-21T11:00:02.232Z	15.71352376	10.78091307	2039.96108157
2018-11-21T11:15:02.136Z	15.48761988	10.78091307	2027.62370707
2018-11-21T11:30:02.171Z	15.71975527	10.78091307	2040.298476
2018-11-21T11:45:02.243Z	15.86240939	10.78091307	2047.97981393
2018-11-21T12:00:02.276Z	16.15250845	10.78091307	2063.35373442
2018-11-21T12:15:02.254Z	15.64950645	10.78091307	2036.48592384
2018-11-21T12:30:02.538Z	15.47598536	10.78091307	2026.98265851
2018-11-21T12:45:02.317Z	15.44134597	10.78091307	2025.07075858
2018-11-21T13:00:02.386Z	15.51623894	10.78091307	2029.19821233
2018-11-21T13:15:02.336Z	15.52463184	10.78091307	2028.9296598
2018-11-21T13:30:01.381Z	15.71809325	10.78091307	2040.06704101
2018-11-21T13:45:01.365Z	15.5570245	10.78091307	2031.43625921
2018-11-21T14:00:01.406Z	16.04440632	10.78091307	2057.66302173
2018-11-21T14:15:01.486Z	16.00233734	10.78091307	2055.43622197
2018-11-21T14:30:01.486Z	16.14393166	10.78091307	2062.90387538
2018-11-21T14:45:01.668Z	16.2593086	10.78091307	2068.78564834
2018-11-21T15:00:01.512Z	16.16409564	10.78091307	2065.77142279
2018-11-21T15:15:01.709Z	16.09728239	10.78091307	2060.45214592
2018-11-21T15:30:01.597Z	15.7647073	10.78091307	2042.12865423
2018-11-21T15:45:01.529Z	15.44989558	10.78091307	2025.51221033
2018-11-21T16:00:01.558Z	15.63876318	10.78091307	2035.90110706
2018-11-21T16:15:01.742Z	15.72682113	10.78091307	2040.68085619
2018-11-21T16:30:01.646Z	15.74887377	10.78091307	2041.87298203
2018-11-21T16:45:01.681Z	15.81211035	10.78091307	2045.28066166
2018-11-21T17:00:01.646Z	15.90215169	10.78091307	2050.10539587
2018-11-21T17:15:01.663Z	16.18815959	10.78091307	2065.22064785
2018-11-21T17:30:01.709Z	16.20688131	10.78091307	2066.19909133
2018-11-21T17:45:01.727Z	16.00764192	10.78091307	2055.71738301
2018-11-21T18:00:01.815Z	15.97986881	10.78091307	2054.24409526
2018-11-21T18:15:01.767Z	16.01464714	10.78091307	2056.08851701
2018-11-21T18:30:01.779Z	16.12636603	10.78091307	2061.98166606
2018-11-21T18:45:01.897Z	15.99088648	10.78091307	2054.82891268
2018-11-21T19:00:01.833Z	16.21549757	10.78091307	2067.08676823
2018-11-21T19:15:01.851Z	16.43311356	10.78091307	2077.91791032
2018-11-21T19:30:01.882Z	16.2984897	10.78091307	2070.96759373
2018-11-21T19:45:01.930Z	16.39857011	10.78091307	2076.14096878
2018-11-21T20:00:01.909Z	16.31454065	10.78091307	2071.79983168
2018-11-21T20:15:01.932Z	16.27553033	10.78091307	2069.7754676
2018-11-21T20:30:01.956Z	15.92723446	10.78091307	2051.44372568
2018-11-21T20:45:02.015Z	15.96018636	10.78091307	2053.19817428
2018-11-21T21:00:02.023Z	16.05526332	10.78091307	2057.2893313
2018-11-21T21:15:02.048Z	16.04589599	10.78091307	2057.74174765
2018-11-21T21:30:02.054Z	16.13536024	10.78091307	2062.4540166
2018-11-21T21:45:02.101Z	15.83493134	10.78091307	2046.50652638
2018-11-21T22:00:02.086Z	15.96505141	10.78091307	2053.45684246
2018-11-21T22:15:02.127Z	15.60617277	10.78091307	2035.13856624
2018-11-21T22:30:01.405Z	15.53569394	10.78091307	2030.26662685
2018-11-21T22:45:01.376Z	15.64186132	10.78091307	2036.0698043
2018-11-21T23:00:01.409Z	15.68158065	10.78091307	2038.22912656
2018-11-21T23:15:01.445Z	15.40415792	10.78091307	2023.01265548
2018-11-21T23:30:01.494Z	15.5051929	10.78091307	2028.07923132
2018-11-21T23:45:01.456Z	15.30227208	10.78091307	2017.34443512
2018-11-22T00:00:01.645Z	15.46864246	10.78091307	2026.57778597
2018-11-22T00:15:01.603Z	15.44500942	10.78091307	2025.27319523
2018-11-22T00:30:01.510Z	15.60843917	10.78091307	2034.24787703
2018-11-22T00:45:01.586Z	15.50008209	10.78091307	2028.30974213
2018-11-22T01:00:01.583Z	15.53221044	10.78091307	2030.88311166
2018-11-22T01:15:01.699Z	15.44562009	10.78091307	2025.3069343
2018-11-22T01:30:01.616Z	15.39178492	10.78091307	2022.32662064
2018-11-22T01:45:01.859Z	15.28235027	10.78091307	2016.23103582
2018-11-22T02:00:01.685Z	15.19157295	10.78091307	2011.13638499
2018-11-22T02:15:01.728Z	15.35473476	10.78091307	2020.26851658
2018-11-22T02:30:01.717Z	15.38246206	10.78091307	2021.80928332
2018-11-22T02:45:01.711Z	15.36970438	10.78091307	2021.10075627
2018-11-22T03:00:01.750Z	15.3383684	10.78091307	2019.35755333
2018-11-22T03:15:01.764Z	15.48945783	10.78091307	2027.72492453
2018-11-22T03:30:01.894Z	15.4865989	10.78091307	2027.56747438
2018-11-22T03:45:01.803Z	15.43809042	10.78091307	2024.87537758
2018-11-22T04:00:01.888Z	15.37962596	10.78091307	2021.65183244
2018-11-22T04:15:02.044Z	15.33332112	10.78091307	2019.07639176
2018-11-22T04:30:01.873Z	15.34200363	10.78091307	2019.55998984
2018-11-22T04:45:01.879Z	15.51132847	10.78091307	2028.92829786
2018-11-22T05:00:01.932Z	15.48904938	10.78091307	2027.70243243
2018-11-22T05:15:01.939Z	15.39178492	10.78091307	2021.41850533
2018-11-22T05:30:02.015Z	15.45071012	10.78091307	2025.58809673
2018-11-22T05:45:02.063Z	15.46211882	10.78091307	2026.21789865
2018-11-22T06:00:02.113Z	15.37861322	10.78091307	2021.59560084
2018-11-22T06:15:02.042Z	15.50560185	10.78091307	2028.61339564
2018-11-22T06:30:02.065Z	15.52033238	10.78091307	2029.42314168
2018-11-22T06:45:02.075Z	15.53221044	10.78091307	2030.07543672
2018-11-22T07:00:02.123Z	15.72765265	10.78091307	2040.72584195
2018-11-22T07:15:02.221Z	15.87186128	10.78091307	2047.97800468
2018-11-22T07:30:02.174Z	15.7492902	10.78091307	2041.89547443
2018-11-22T07:45:02.210Z	15.65860361	10.78091307	2036.98076781
2018-11-22T08:00:02.301Z	15.66749997	10.78091307	2038.1850711
2018-11-22T08:15:02.223Z	15.76345661	10.78091307	2042.66023444
2018-11-22T08:30:02.226Z	15.7388832	10.78091307	2041.33315104
2018-11-22T08:45:02.290Z	15.66770693	10.78091307	2037.4756123
2018-11-22T09:00:02.377Z	15.66977673	10.78091307	2037.58807753
2018-11-22T09:15:02.321Z	15.72495039	10.78091307	2040.57963726
2018-11-22T09:30:01.355Z	15.97605708	10.78091307	2054.04165878
2018-11-22T09:45:01.370Z	16.00870309	10.78091307	2055.70958119
2018-11-22T10:00:01.453Z	16.28375664	10.78091307	2070.20283291
2018-11-22T10:15:01.376Z	16.05292088	10.78091307	2058.11288018
2018-11-22T10:30:01.410Z	16.02973118	10.78091307	2056.88701582
2018-11-22T10:45:01.538Z	16.04781151	10.78091307	2057.84296555
2018-11-22T11:00:01.446Z	16.12208514	10.78091307	2061.75673604
2018-11-22T11:15:01.484Z	16.05973636	10.78091307	2058.47276768
2018-11-22T11:30:01.548Z	16.24850474	10.78091307	2068.36965938
2018-11-22T11:45:01.488Z	16.13428919	10.78091307	2061.96215848
2018-11-22T12:00:01.545Z	16.05526332	10.78091307	2058.23659183
2018-11-22T12:15:01.570Z	16.22605986	10.78091307	2067.20002616
2018-11-22T12:30:01.585Z	16.23274633	10.78091307	2067.54866731
2018-11-22T12:45:01.601Z	16.33995672	10.78091307	2073.11566889
2018-11-22T13:00:01.674Z	16.61555963	10.78091307	2087.22998516
2018-11-22T13:15:01.665Z	16.93388666	10.78091307	2103.18872317
2018-11-22T13:30:01.678Z	16.80402327	10.78091307	2096.72200351
2018-11-22T13:45:01.786Z	16.6983135	10.78091307	2091.41367093
2018-11-22T14:00:01.720Z	16.85627602	10.78091307	2099.33118436
2018-11-22T14:15:01.768Z	16.64731287	10.78091307	2088.83822968
2018-11-22T14:30:01.763Z	16.46511029	10.78091307	2079.55989474
2018-11-22T14:45:01.789Z	16.4607228	10.78091307	2079.33496482
2018-11-22T15:00:01.801Z	16.50818129	10.78091307	2081.76420158
2018-11-22T15:15:01.817Z	16.54630944	10.78091307	2083.7098404
2018-11-22T15:30:01.867Z	16.72846685	10.78091307	2092.93194454
2018-11-22T15:45:01.838Z	16.49168424	10.78091307	2082.22356046
2018-11-22T16:00:01.933Z	16.57414508	10.78091307	2085.12689593
2018-11-22T16:15:01.888Z	16.67089699	10.78091307	2090.03035564
2018-11-22T16:30:01.917Z	16.81999377	10.78091307	2097.53732309
2018-11-22T16:45:01.929Z	16.81436828	10.78091307	2097.2393412
2018-11-22T17:00:02.032Z	16.78784639	10.78091307	2094.72032116
2018-11-22T17:15:01.961Z	16.48794763	10.78091307	2079.60834662
2018-11-22T17:30:02.012Z	16.59738407	10.78091307	2086.30777498
2018-11-22T17:45:02.036Z	16.57923221	10.78091307	2085.88294204
2018-11-22T18:00:02.019Z	16.48421203	10.78091307	2080.53833715
2018-11-22T18:15:02.009Z	16.52029161	10.78091307	2081.8706284
2018-11-22T18:30:02.064Z	16.62265897	10.78091307	2087.58987207
2018-11-22T18:45:02.091Z	16.71483395	10.78091307	2092.24591002
2018-11-22T19:00:02.096Z	16.76451269	10.78091307	2094.74262513
2018-11-22T19:15:02.116Z	16.84995933	10.78091307	2099.0162837
2018-11-22T19:30:02.154Z	16.7539804	10.78091307	2094.21404204
2018-11-22T19:45:02.224Z	17.09728543	10.78091307	2111.24119404
2018-11-22T20:00:02.221Z	17.01717565	10.78091307	2107.30492944
2018-11-22T20:15:02.211Z	16.94909682	10.78091307	2103.94223556
2018-11-22T20:30:02.283Z	16.93956017	10.78091307	2103.46988411
2018-11-22T20:45:02.285Z	16.99231957	10.78091307	2106.07906446
2018-11-22T21:00:02.274Z	16.8714025	10.78091307	2100.08469759
2018-11-22T21:15:01.289Z	16.64086756	10.78091307	2088.51208312
2018-11-22T21:30:01.394Z	16.74726179	10.78091307	2093.87664708
2018-11-22T21:45:01.353Z	16.88270153	10.78091307	2100.64702057
2018-11-22T22:00:01.396Z	16.83823586	10.78091307	2098.43146758
2018-11-22T22:15:01.424Z	16.80852017	10.78091307	2096.94693381
2018-11-22T22:30:01.651Z	17.04733524	10.78091307	2108.78946386
2018-11-22T22:45:01.686Z	16.8375598	10.78091307	2098.39772763
2018-11-22T23:00:01.717Z	16.93592886	10.78091307	2103.28994105
2018-11-22T23:15:01.781Z	16.95432201	10.78091307	2103.67532068
2018-11-22T23:30:01.765Z	17.72176665	10.78091307	2141.17929019
2018-11-22T23:45:01.783Z	17.57909655	10.78091307	2134.4539031
2018-11-23T00:00:01.854Z	18.04811875	10.78091307	2156.31703578
2018-11-23T00:15:01.842Z	17.6722213	10.78091307	2135.95302742
2018-11-23T00:30:01.862Z	17.82378273	10.78091307	2145.94779313
2018-11-23T00:45:01.958Z	17.88063474	10.78091307	2148.59071226
2018-11-23T01:00:01.895Z	18.08322326	10.78091307	2157.32853492
2018-11-23T01:15:01.953Z	19.04869382	10.78091307	2200.69559702
2018-11-23T01:30:01.958Z	19.40205513	10.78091307	2216.82061299
2018-11-23T01:45:01.990Z	19.34793798	10.78091307	2213.40410491
2018-11-23T02:00:02.124Z	19.43402573	10.78091307	2217.01422125
2018-11-23T02:15:02.007Z	19.45528678	10.78091307	2217.90269292
2018-11-23T02:30:02.023Z	19.22832973	10.78091307	2208.35444116
2018-11-23T02:45:02.025Z	19.4195098	10.78091307	2216.406912
2018-11-23T03:00:02.073Z	19.22143228	10.78091307	2208.88855475
2018-11-23T03:15:02.052Z	18.61701362	10.78091307	2181.91399626
2018-11-23T03:30:02.122Z	18.43089704	10.78091307	2173.62941152
2018-11-23T03:45:02.117Z	18.44021071	10.78091307	2174.0824025
2018-11-23T04:00:02.204Z	18.51796814	10.78091307	2176.91678063
2018-11-23T04:15:02.183Z	18.43316199	10.78091307	2175.18684747
2018-11-23T04:30:02.176Z	18.30635595	10.78091307	2168.05834787
2018-11-23T04:45:02.301Z	18.60962602	10.78091307	2181.94143159
2018-11-23T05:00:02.264Z	18.52936292	10.78091307	2178.03396443
2018-11-23T05:15:02.215Z	18.8675354	10.78091307	2192.87930186
2018-11-23T05:30:02.320Z	18.44701085	10.78091307	2174.3676159
2018-11-23T05:45:02.344Z	18.31659039	10.78091307	2168.51945286
2018-11-23T06:00:02.306Z	18.44852242	10.78091307	2174.43509503
2018-11-23T06:15:01.331Z	18.3395813	10.78091307	2169.55412821
2018-11-23T06:30:01.357Z	18.42511041	10.78091307	2173.38917374
2018-11-23T06:45:01.380Z	18.51037646	10.78091307	2177.19047923
2018-11-23T07:00:01.466Z	18.24932292	10.78091307	2165.48290701
2018-11-23T07:15:01.568Z	18.11841199	10.78091307	2159.53352509
2018-11-23T07:30:01.482Z	18.24758302	10.78091307	2165.40418182
2018-11-23T07:45:01.572Z	18.19795814	10.78091307	2163.15488819
2018-11-23T08:00:02.158Z	18.3806539	10.78091307	2171.39854848
2018-11-23T08:15:01.609Z	18.35584645	18.3806539	2170.28514917
2018-11-23T08:30:01.547Z	18.45633464	18.3806539	2174.78373597
2018-11-23T08:45:01.576Z	18.34933824	18.3806539	2169.60740416
2018-11-23T09:00:01.679Z	18.04272551	18.3806539	2156.06961299
2018-11-23T09:15:01.630Z	17.9608459	18.3806539	2152.30204673
2018-11-23T09:30:01.591Z	17.82788798	18.3806539	2146.13898292
2018-11-23T09:45:01.625Z	18.01236438	18.3806539	2154.67505186
2018-11-23T10:00:01.720Z	18.18508301	18.3806539	2163.18836437
2018-11-23T10:15:01.714Z	18.10585248	18.3806539	2158.95995557
2018-11-23T10:30:01.695Z	18.08469801	18.3806539	2158.57146978
2018-11-23T10:45:01.809Z	18.17370286	18.3806539	2162.05273444
2018-11-23T11:00:01.838Z	18.34933824	18.3806539	2169.99274026
2018-11-23T11:15:01.789Z	18.45885558	18.3806539	2174.89619986
2018-11-23T11:30:01.826Z	18.33433023	18.3806539	2169.31795281
2018-11-23T11:45:01.797Z	18.33708056	18.3806539	2169.44166397
2018-11-23T12:00:01.798Z	18.15961357	18.3806539	2161.41168594
2018-11-23T12:15:01.833Z	18.40776405	18.3806539	2172.61316753
2018-11-23T12:30:01.943Z	18.43291031	18.3806539	2173.73781413
2018-11-23T12:45:01.900Z	18.78072845	18.3806539	2189.10048886
2018-11-23T13:00:01.928Z	18.8253611	18.3806539	2191.04612771
2018-11-23T13:15:01.944Z	18.7123604	18.3806539	2186.10892845
2018-11-23T13:30:01.938Z	18.78124368	18.3806539	2189.1229821
2018-11-23T13:45:01.984Z	18.85355045	18.3806539	2192.21543212
2018-11-23T14:00:02.002Z	18.6680623	18.3806539	2184.1632891
2018-11-23T14:15:02.086Z	18.62262044	18.3806539	2182.16141792
2018-11-23T14:30:02.067Z	18.82742825	18.3806539	2191.13609973
2018-11-23T14:45:02.043Z	18.58468805	18.3806539	2180.63437235
2018-11-23T15:00:02.042Z	18.43416874	18.3806539	2173.79404616
2018-11-23T15:15:02.102Z	18.50936453	18.3806539	2177.14549348
2018-11-23T15:30:02.173Z	18.63690187	18.3806539	2182.79122082
2018-11-23T15:45:02.127Z	18.58265414	18.3806539	2180.39572352
2018-11-23T16:00:02.169Z	18.52480396	18.3806539	2177.83152795
2018-11-23T16:15:02.166Z	18.73314625	18.3806539	2187.0198921
2018-11-23T16:30:02.261Z	18.80857606	18.3806539	2190.31510792
2018-11-23T16:45:02.293Z	18.77789502	18.3806539	2188.97677827
2018-11-23T17:00:02.197Z	18.78923196	18.3806539	2189.47162183
2018-11-23T17:15:02.295Z	18.97831844	18.3806539	2197.67029703
2018-11-23T17:30:02.288Z	18.98824011	18.3806539	2197.98373393
2018-11-23T17:45:02.331Z	18.98771775	18.3806539	2198.07516989
2018-11-23T18:00:01.371Z	19.01490418	18.3806539	2199.24480255
2018-11-23T18:15:01.353Z	18.93271048	18.3806539	2195.70216521
2018-11-23T18:30:01.407Z	18.81812832	18.3806539	2190.41131832
2018-11-23T18:45:01.468Z	18.8452692	18.3806539	2191.91210592
2018-11-23T19:00:01.444Z	19.0020891	18.3806539	2198.69372558
2018-11-23T19:15:01.494Z	18.91658524	18.3806539	2195.00488491
2018-11-23T19:30:01.501Z	18.59893321	18.3806539	2181.11549647
2018-11-23T19:45:01.486Z	18.71697699	18.3806539	2186.31136522
2018-11-23T20:00:01.491Z	18.73597125	18.3806539	2187.14360387
2018-11-23T20:15:01.510Z	18.87531044	18.3806539	2193.21669658
2018-11-23T20:30:01.574Z	18.89762113	18.3806539	2194.16499416
2018-11-23T20:45:01.608Z	18.94338342	18.3806539	2196.16327003
2018-11-23T21:00:01.606Z	18.84966805	18.3806539	2192.10329621
2018-11-23T21:15:01.605Z	18.79361444	18.3806539	2189.66281202
2018-11-23T21:30:01.637Z	18.71082185	18.3806539	2186.0414492
2018-11-23T21:45:01.687Z	18.63537106	18.3806539	2182.72374152
2018-11-23T22:00:01.684Z	18.60046029	18.3806539	2181.18297591
2018-11-23T22:15:01.722Z	18.61573963	18.3806539	2181.85776333
2018-11-23T22:30:01.943Z	18.42712289	18.3806539	2173.47914488
2018-11-23T22:45:01.942Z	18.28391494	18.3806539	2166.8998952
2018-11-23T23:00:01.992Z	18.11323913	18.3806539	2157.2505539
2018-11-23T23:15:02.096Z	18.16554426	18.3806539	2161.69976694
2018-11-23T23:30:02.083Z	18.24286147	18.3806539	2165.19049929
2018-11-23T23:45:02.084Z	18.2450978	18.3806539	2165.29171671
2018-11-24T00:00:02.076Z	18.25504118	18.3806539	2165.74157551
2018-11-24T00:15:02.125Z	18.19151917	18.3806539	2162.8624802
2018-11-24T00:30:02.116Z	18.02141716	18.3806539	2155.09117108
2018-11-24T00:45:02.341Z	17.39979201	18.3806539	2125.90658778
2018-11-24T01:00:02.187Z	17.20141587	18.3806539	2119.85088757
2018-11-24T01:15:02.205Z	17.42795481	18.3806539	2127.25616411
2018-11-24T01:30:02.241Z	17.42795481	18.3806539	2127.25616411
2018-11-24T01:45:02.286Z	17.33849507	18.3806539	2122.97735186
2018-11-24T02:00:02.253Z	17.37847207	18.3806539	2124.88315847
2018-11-24T02:15:02.301Z	17.51112234	18.3806539	2131.22616663
2018-11-24T02:30:02.326Z	17.6116576	18.3806539	2135.9946687
2018-11-24T02:45:01.295Z	17.73855955	18.3806539	2141.96654278
2018-11-24T03:00:01.352Z	17.77533191	18.3806539	2143.68725301
2018-11-24T03:15:01.448Z	17.67915222	18.3806539	2139.17741862
2018-11-24T03:30:01.424Z	17.54660889	18.3806539	2132.91313684
2018-11-24T03:45:01.499Z	17.63237328	18.3806539	2136.97311204
2018-11-24T04:00:01.400Z	17.65216425	18.3806539	2137.00630843
2018-11-24T04:15:01.399Z	17.57909655	18.3806539	2134.4539031
2018-11-24T04:30:01.478Z	17.49034425	18.3806539	2130.74369791
2018-11-24T04:45:01.453Z	17.51135863	18.3806539	2131.23741342
2018-11-24T05:00:01.572Z	17.7040353	18.3806539	2140.34705163
2018-11-24T05:15:01.639Z	17.86222425	18.3806539	2147.7359816
2018-11-24T05:30:01.534Z	17.84891537	18.3806539	2147.11742552
2018-11-24T05:45:01.723Z	18.01774644	18.3806539	2154.92247422
2018-11-24T06:00:01.609Z	17.87627226	18.3806539	2148.38827648
2018-11-24T06:15:01.580Z	17.93892635	18.3806539	2151.28986467
2018-11-24T06:30:01.628Z	17.94525529	18.3806539	2151.58227351
2018-11-24T06:45:01.624Z	17.96913519	18.3806539	2152.68442663
2018-11-24T07:00:01.674Z	17.92579041	18.3806539	2150.70048181
2018-11-24T07:15:01.714Z	18.24882578	18.3806539	2165.46041353
2018-11-24T07:30:01.745Z	18.24236455	18.3806539	2165.14976371
2018-11-24T07:45:01.802Z	18.28864964	18.3806539	2167.25984829
2018-11-24T08:00:01.819Z	18.21902829	18.3806539	2164.11083737
2018-11-24T08:15:01.751Z	18.13566805	18.3806539	2160.32077812
2018-11-24T08:30:01.818Z	18.14603142	18.3806539	2160.79312943
2018-11-24T08:45:01.920Z	18.22920233	18.3806539	2164.57194307
2018-11-24T09:00:01.827Z	18.05474044	18.3806539	2156.62069082
2018-11-24T09:15:01.842Z	18.16455564	18.3806539	2161.63661483
2018-11-24T09:30:01.889Z	18.30710457	18.3806539	2168.09208712
2018-11-24T09:45:01.899Z	18.33733061	18.3806539	2169.45290981
2018-11-24T10:00:01.929Z	18.00136178	18.3806539	2154.16896013
2018-11-24T10:15:01.877Z	18.07658869	18.3806539	2157.62162604
2018-11-24T10:30:01.987Z	18.14381009	18.3806539	2160.69191219
2018-11-24T10:45:01.981Z	18.31209635	18.3806539	2168.31701671
2018-11-24T11:00:01.992Z	18.56055322	18.3806539	2179.4172802
2018-11-24T11:15:02.032Z	18.47474739	18.3806539	2175.58625265
2018-11-24T11:30:02.054Z	18.49924901	18.3806539	2176.69563551
2018-11-24T11:45:02.099Z	18.6060609	18.3806539	2181.4303981
2018-11-24T12:00:02.080Z	18.5053175	18.3806539	2176.9655507
2018-11-24T12:15:02.059Z	18.62211065	18.3806539	2182.17617019
2018-11-24T12:30:02.108Z	18.51417182	18.3806539	2177.35917689
2018-11-24T12:45:02.116Z	18.42460733	18.3806539	2173.36668065
2018-11-24T13:00:02.271Z	18.39545793	18.3806539	2172.06209054
2018-11-24T13:15:02.180Z	18.35184106	18.3806539	2170.10520535
2018-11-24T13:30:02.204Z	18.27046668	18.3806539	2166.87734825
2018-11-24T13:45:02.243Z	18.34883773	18.3806539	2169.97024763
2018-11-24T14:00:02.232Z	18.39219475	18.3806539	2171.91588583
2018-11-24T14:15:02.263Z	18.39093988	18.3806539	2171.85965419
2018-11-24T14:30:02.313Z	18.34883773	18.3806539	2169.97024763
2018-11-24T14:45:02.314Z	18.26026414	18.3806539	2165.97775149
2018-11-24T15:00:01.339Z	18.28914812	18.3806539	2167.28234137
2018-11-24T15:15:01.431Z	18.42812924	18.3806539	2173.52413134
2018-11-24T15:30:01.459Z	18.54431597	18.3806539	2178.69750605
2018-11-24T15:45:01.428Z	18.38868137	18.3806539	2171.75843584
2018-11-24T16:00:01.431Z	18.33933121	18.3806539	2169.54288214
2018-11-24T16:15:01.558Z	18.46238563	18.3806539	2175.05365107
2018-11-24T16:30:01.420Z	18.48838248	18.3806539	2176.21203657
2018-11-24T16:45:01.488Z	18.52683	18.3806539	2177.92150065
2018-11-24T17:00:01.493Z	18.55903023	18.3806539	2179.34980185
2018-11-24T17:15:01.561Z	18.53214964	18.3806539	2178.15767579
2018-11-24T17:30:01.566Z	18.50304152	18.3806539	2176.86433179
2018-11-24T17:45:01.638Z	18.49116154	18.3806539	2176.33574861
2018-11-24T18:00:01.586Z	18.47247609	18.3806539	2175.50350912
2018-11-24T18:15:01.616Z	18.40098186	18.3806539	2172.3095125
2018-11-24T18:30:01.648Z	18.43970711	18.3806539	2174.04146827
2018-11-24T18:45:01.621Z	18.41354392	18.3806539	2172.87183674
2018-11-24T19:00:01.625Z	18.43895176	18.3806539	2174.00772936
2018-11-24T19:15:01.689Z	18.44575133	18.3806539	2174.31138378
2018-11-24T19:30:01.671Z	18.47626179	18.3806539	2175.67220708
2018-11-24T19:45:01.695Z	18.69032299	18.3806539	2185.14173173
2018-11-24T20:00:01.741Z	18.68085176	18.3806539	2184.72561333
2018-11-24T20:15:01.777Z	18.62873938	18.3806539	2182.44996206
2018-11-24T20:30:01.870Z	18.57528352	18.3806539	2180.06957504
2018-11-24T20:45:01.818Z	18.56740862	18.3806539	2179.72093494
2018-11-24T21:00:01.783Z	18.53138958	18.3806539	2178.12393706
2018-11-24T21:15:01.820Z	18.63996395	18.3806539	2182.92617818
2018-11-24T21:30:01.898Z	21.03778137	18.3806539	2280.74795388
2018-11-24T21:45:01.896Z	21.0917719	18.3806539	2282.78356451
2018-11-24T22:00:01.914Z	21.16153995	18.3806539	2284.02849142
2018-11-24T22:15:01.897Z	21.3881736	18.3806539	2293.83884225
2018-11-24T22:30:02.291Z	21.88868595	18.3806539	2310.26324728
2018-11-24T22:45:01.312Z	21.4598391	18.3806539	2296.52468129
2018-11-24T23:00:01.866Z	21.59826128	18.3806539	2301.57551678
2018-11-24T23:15:01.902Z	20.86804356	18.3806539	2274.30372739
2018-11-24T23:30:01.899Z	20.7339421	18.3806539	2267.60904565
2018-11-24T23:45:01.899Z	20.6901701	18.3806539	2269.13233521
2018-11-25T00:00:01.936Z	21.00238295	18.3806539	2279.40962395
2018-11-25T00:15:02.074Z	20.68405158	18.3806539	2267.24094584
2018-11-25T00:30:02.057Z	21.00208581	18.3806539	2279.39837713
2018-11-25T00:45:02.010Z	20.81009849	18.3806539	2272.08817334
2018-11-25T01:00:02.080Z	20.87010638	18.3806539	2274.38245308
2018-11-25T01:15:02.298Z	20.85155057	18.3806539	2273.13178539
2018-11-25T01:30:02.065Z	20.96706207	18.3806539	2278.07129391
2018-11-25T01:45:02.140Z	21.00505743	18.3806539	2279.51084242
2018-11-25T02:00:02.170Z	21.11240149	18.3806539	2283.60179476
2018-11-25T02:15:02.141Z	21.36020278	18.3806539	2292.80416641
2018-11-25T02:30:02.161Z	21.21022589	18.3806539	2287.22591907
2018-11-25T02:45:02.189Z	21.44120634	18.3806539	2295.79572765
2018-11-25T03:00:02.224Z	21.22919884	18.3806539	2287.93444658
2018-11-25T03:15:02.319Z	21.567468	18.3806539	2300.42927182
2018-11-25T03:30:02.265Z	21.72294619	18.3806539	2306.08624458
2018-11-25T03:45:02.472Z	22.53959902	18.3806539	2335.07991887
2018-11-25T04:00:02.330Z	22.38344956	18.3806539	2329.53512951
2018-11-25T04:15:01.293Z	22.26014277	18.3806539	2325.22773333
2018-11-25T04:30:01.395Z	22.16291183	18.3806539	2321.80880622
2018-11-25T04:45:01.427Z	22.07448937	18.3806539	2318.68228894
2018-11-25T05:00:01.358Z	22.45728603	18.3806539	2331.82983764
2018-11-25T05:15:01.470Z	22.47482112	18.3806539	2329.26798606
2018-11-25T05:30:01.437Z	22.37214365	18.3806539	2329.14150326
2018-11-25T05:45:01.424Z	22.23578201	18.3806539	2324.37300085
2018-11-25T06:00:01.457Z	22.45501429	18.3806539	2332.02059906
2018-11-25T06:15:01.474Z	22.16833419	18.3806539	2321.9999964
2018-11-25T06:30:01.533Z	22.41611787	18.3806539	2330.6710233
2018-11-25T06:45:01.620Z	22.44982291	18.3806539	2331.84065584
2018-11-25T07:00:01.514Z	22.38151087	18.3806539	2329.46765135
2018-11-25T07:15:01.630Z	22.14824839	18.3806539	2321.02569003
2018-11-25T07:30:01.614Z	22.13805533	18.3806539	2320.93158274
2018-11-25T07:45:01.661Z	22.22137457	18.3806539	2323.86690978
