2018-11-11T16:15:01.917Z	135.557	135.619	723.467709
2018-11-11T16:30:01.978Z	135.559	135.619	722.936147
2018-11-11T16:45:01.907Z	135.559	135.619	722.665029
2018-11-11T17:00:01.995Z	135.56	135.619	722.5348
2018-11-11T17:15:02.056Z	135.561	135.619	721.997886
2018-11-11T17:30:02.060Z	135.559	135.619	722.800588
2018-11-11T17:45:02.074Z	135.557	135.619	723.467709
2018-11-11T18:00:02.053Z	135.559	135.619	722.665029
2018-11-11T18:15:02.112Z	135.559	135.619	722.665029
2018-11-11T18:30:02.089Z	135.558	135.619	723.337488
2018-11-11T18:45:02.126Z	135.558	135.619	723.337488
2018-11-11T19:00:02.166Z	135.557	135.619	723.467709
2018-11-11T19:15:02.195Z	135.553	135.619	725.072997
2018-11-11T19:30:02.197Z	135.553	135.619	725.20855
2018-11-11T19:45:02.262Z	135.553	135.619	725.072997
2018-11-11T20:00:02.211Z	135.553	135.619	725.072997
2018-11-11T20:15:02.307Z	135.552	135.619	725.609856
2018-11-11T20:30:02.261Z	135.551	135.619	726.011156
2018-11-11T20:45:02.312Z	135.55	135.619	726.14135
2018-11-11T21:00:01.297Z	135.548	135.619	726.808376
2018-11-11T21:15:01.321Z	135.552	135.619	725.474304
2018-11-11T21:30:01.352Z	135.551	135.619	726.011156
2018-11-11T21:45:01.537Z	135.551	135.619	725.875605
2018-11-11T22:00:01.383Z	135.554	135.619	724.671684
2018-11-11T22:15:01.430Z	135.552	135.619	725.609856
2018-11-11T22:30:01.721Z	135.554	135.619	724.807238
2018-11-11T22:45:01.724Z	135.552	135.619	725.338752
2018-11-11T23:00:01.788Z	135.551	135.619	725.740054
2018-11-11T23:15:01.781Z	135.551	135.619	725.875605
2018-11-11T23:30:01.788Z	135.547	135.619	727.345202
2018-11-11T23:45:01.798Z	135.532	135.619	733.363652
2018-11-12T00:00:01.875Z	136.961	135.619	755.476876
2018-11-12T00:15:01.854Z	136.615	135.619	752.612035
2018-11-12T00:30:01.880Z	136.517	135.619	751.799119
2018-11-12T00:45:01.929Z	136.467	135.619	751.387302
2018-11-12T01:00:01.894Z	136.467	135.619	751.387302
2018-11-12T01:15:01.975Z	136.517	135.619	751.799119
2018-11-12T01:30:01.949Z	135.872	135.619	746.480768
2018-11-12T01:45:01.945Z	135.971	135.619	747.296616
2018-11-12T02:00:01.992Z	135.623	135.619	744.434647
2018-11-12T02:15:02.018Z	135.971	135.619	747.296616
2018-11-12T02:30:02.024Z	136.021	135.619	747.707437
2018-11-12T02:45:02.079Z	136.17	135.619	748.935
2018-11-12T03:00:02.088Z	136.17	135.619	748.935
2018-11-12T03:15:02.090Z	136.071	135.619	748.118358
2018-11-12T03:30:02.224Z	86.071	85.619	473.218358
2018-11-12T03:45:02.142Z	85.374	85.619	468.191016
2018-11-12T04:00:02.423Z	84.774	85.619	463.883328
2018-11-12T04:15:02.156Z	85.175	85.619	466.759
2018-11-12T04:30:02.243Z	85.025	85.619	465.681925
2018-11-12T04:45:02.372Z	85.274	85.619	467.557342
2018-11-12T05:00:02.229Z	84.874	85.619	464.600276
2018-11-12T05:15:02.274Z	84.925	85.619	464.964375
2018-11-12T05:30:02.322Z	85.075	85.619	466.04085
2018-11-12T05:45:02.326Z	84.975	85.619	465.3231
2018-11-12T06:00:02.355Z	85.125	85.619	466.399875
2018-11-12T06:15:01.419Z	85.274	85.619	467.472068
2018-11-12T06:30:01.381Z	84.323	85.619	460.656549
2018-11-12T06:45:01.499Z	84.071	85.619	458.859518
2018-11-12T07:00:01.388Z	84.222	85.619	459.936342
2018-11-12T07:15:01.464Z	83.97	85.619	458.14032
2018-11-12T07:30:01.445Z	83.769	85.619	456.708588
2018-11-12T07:45:01.506Z	84.122	85.619	459.221998
2018-11-12T08:00:01.480Z	83.516	85.619	454.911652
2018-11-12T08:15:01.581Z	82.857	85.619	450.244938
2018-11-12T08:30:01.517Z	84.423	85.619	461.371695
2018-11-12T08:45:01.567Z	84.122	85.619	459.221998
2018-11-12T09:00:01.554Z	84.373	85.619	461.014072
2018-11-12T09:15:01.762Z	84.624	85.619	462.808656
2018-11-12T09:30:01.581Z	84.524	85.619	462.092708
2018-11-12T09:45:01.763Z	84.824	85.619	464.241752
2018-11-12T10:00:01.647Z	84.473	85.619	461.729418
2018-11-12T10:15:01.652Z	84.222	85.619	459.936342
2018-11-12T10:30:01.734Z	84.021	85.619	458.502597
2018-11-12T10:45:01.771Z	84.272	85.619	460.293664
2018-11-12T11:00:01.715Z	84.323	85.619	460.656549
2018-11-12T11:15:01.790Z	83.718	85.619	456.179382
2018-11-12T11:30:01.760Z	83.87	85.619	457.42698
2018-11-12T11:45:01.771Z	84.524	85.619	461.92366
2018-11-12T12:00:01.758Z	84.423	85.619	461.371695
2018-11-12T12:15:01.799Z	85.623	85.619	469.984647
2018-11-12T12:30:01.868Z	85.524	85.619	469.270188
2018-11-12T12:45:01.848Z	85.424	85.619	468.55064
2018-11-12T13:00:01.865Z	85.374	85.619	468.191016
2018-11-12T13:15:01.879Z	85.474	85.619	468.910364
2018-11-12T13:30:01.906Z	85.224	85.619	467.112744
2018-11-12T13:45:01.910Z	84.975	85.619	465.3231
2018-11-12T14:00:01.988Z	85.623	85.619	469.984647
2018-11-12T14:15:01.966Z	85.872	85.619	471.780768
2018-11-12T14:30:02.008Z	86.418	85.619	475.73109
2018-11-12T14:45:02.002Z	86.319	85.619	475.013457
2018-11-12T15:00:02.051Z	85.922	85.619	472.14139
2018-11-12T15:15:02.098Z	85.574	85.619	469.630112
2018-11-12T15:30:02.108Z	85.075	85.619	466.04085
2018-11-12T15:45:02.087Z	85.723	85.619	470.790716
2018-11-12T16:00:02.219Z	85.574	85.619	469.630112
2018-11-12T16:15:02.210Z	85.175	85.619	466.759
2018-11-12T16:30:02.302Z	83.92	85.619	457.7836
2018-11-12T16:45:02.309Z	84.071	85.619	458.859518
2018-11-12T17:00:02.285Z	84.071	85.619	458.859518
2018-11-12T17:15:02.268Z	83.718	85.619	456.430536
2018-11-12T17:30:02.344Z	83.769	85.619	456.708588
2018-11-12T17:45:01.340Z	84.824	85.619	464.241752
2018-11-12T18:00:01.338Z	84.774	85.619	463.883328
2018-11-12T18:15:01.471Z	84.975	85.619	465.3231
2018-11-12T18:30:01.384Z	85.025	85.619	465.681925
2018-11-12T18:45:01.404Z	84.975	85.619	465.3231
2018-11-12T19:00:01.440Z	84.323	85.619	460.656549
2018-11-12T19:15:01.528Z	83.97	85.619	458.14032
2018-11-12T19:30:01.552Z	84.323	85.619	460.656549
2018-11-12T19:45:01.535Z	84.824	85.619	464.241752
2018-11-12T20:00:01.516Z	84.724	85.619	463.525004
2018-11-12T20:15:01.503Z	83.92	85.619	457.7836
2018-11-12T20:30:01.527Z	83.718	85.619	456.346818
2018-11-12T20:45:01.542Z	84.071	85.619	458.859518
2018-11-12T21:00:01.581Z	83.819	85.619	457.065007
2018-11-12T21:15:01.598Z	83.718	85.619	456.346818
2018-11-12T21:30:01.616Z	83.617	85.619	455.629033
2018-11-12T21:45:01.637Z	83.769	85.619	456.708588
2018-11-12T22:00:01.634Z	83.819	85.619	457.065007
2018-11-12T22:15:01.642Z	83.213	85.619	452.761933
2018-11-12T22:30:01.913Z	83.718	85.619	456.346818
2018-11-12T22:45:01.910Z	84.323	85.619	460.656549
2018-11-12T23:00:01.990Z	84.524	85.619	462.092708
2018-11-12T23:15:01.981Z	84.323	85.619	460.656549
2018-11-12T23:30:02.009Z	83.87	85.619	457.42698
2018-11-12T23:45:02.030Z	84.574	85.619	462.450632
2018-11-13T00:00:02.040Z	84.774	85.619	463.883328
2018-11-13T00:15:02.038Z	84.272	85.619	460.293664
2018-11-13T00:30:02.077Z	84.172	85.619	459.57912
2018-11-13T00:45:02.102Z	83.806	85.619	456.7427
2018-11-13T01:00:02.186Z	83.907	85.619	457.125336
2018-11-13T01:15:02.199Z	84.312	85.619	458.65728
2018-11-13T01:30:02.190Z	84.008	85.619	457.507568
2018-11-13T01:45:02.234Z	85.482	85.619	463.055994
2018-11-13T02:00:02.222Z	85.125	85.619	461.632875
2018-11-13T02:15:02.261Z	86.508	85.619	466.883676
2018-11-13T02:30:02.314Z	86.303	85.619	466.122503
2018-11-13T02:45:02.318Z	85.636	85.619	463.633304
2018-11-13T03:00:02.345Z	85.892	85.619	464.589828
2018-11-13T03:15:01.289Z	84.718	85.619	460.188176
2018-11-13T03:30:01.409Z	85.176	85.619	461.909448
2018-11-13T03:45:01.344Z	85.38	85.619	462.67422
2018-11-13T04:00:01.437Z	85.329	85.619	462.48318
2018-11-13T04:15:01.443Z	84.768	85.619	460.29024
2018-11-13T04:30:01.425Z	84.921	85.619	460.951188
2018-11-13T04:45:01.421Z	84.87	85.619	460.75923
2018-11-13T05:00:01.473Z	84.819	85.619	460.56717
2018-11-13T05:15:01.727Z	85.074	85.619	461.52645
2018-11-13T05:30:01.515Z	85.125	85.619	461.718
2018-11-13T05:45:01.622Z	84.87	85.619	460.75923
2018-11-13T06:00:01.593Z	84.464	85.619	459.230768
2018-11-13T06:15:01.635Z	84.109	85.619	457.973505
2018-11-13T06:30:01.652Z	84.718	85.619	460.188176
2018-11-13T06:45:01.660Z	85.125	85.619	461.718
2018-11-13T07:00:01.667Z	85.278	85.619	462.292038
2018-11-13T07:15:01.767Z	85.687	85.619	463.823731
2018-11-13T07:30:01.703Z	85.789	85.619	464.204279
2018-11-13T07:45:01.707Z	85.125	85.619	461.718
2018-11-13T08:00:01.729Z	84.972	85.619	461.143044
2018-11-13T08:15:01.779Z	84.819	85.619	460.56717
2018-11-13T08:30:01.772Z	85.329	85.619	462.48318
2018-11-13T08:45:01.864Z	85.789	85.619	464.204279
2018-11-13T09:00:01.867Z	86.2	85.619	465.7386
2018-11-13T09:15:01.849Z	86.2	85.619	465.7386
2018-11-13T09:30:01.882Z	85.943	85.619	464.779744
2018-11-13T09:45:01.896Z	85.023	85.619	461.334798
2018-11-13T10:00:01.931Z	85.892	85.619	464.589828
2018-11-13T10:15:01.927Z	85.738	85.619	464.014056
2018-11-13T10:30:01.992Z	85.687	85.619	463.823731
2018-11-13T10:45:02.009Z	85.431	85.619	462.865158
2018-11-13T11:00:02.015Z	85.125	85.619	461.718
2018-11-13T11:15:01.976Z	83.806	85.619	456.7427
2018-11-13T11:30:02.034Z	84.16	85.619	458.08288
2018-11-13T11:45:02.067Z	84.464	85.619	459.230768
2018-11-13T12:00:02.087Z	84.464	85.619	459.230768
2018-11-13T12:15:02.080Z	84.16	85.619	458.08288
2018-11-13T12:30:02.171Z	84.464	85.619	459.230768
2018-11-13T12:45:02.126Z	84.972	85.619	461.143044
2018-11-13T13:00:02.169Z	84.718	85.619	460.188176
2018-11-13T13:15:02.244Z	84.16	85.619	458.08288
2018-11-13T13:30:02.222Z	84.312	85.619	458.65728
2018-11-13T13:45:02.222Z	84.921	85.619	460.951188
2018-11-13T14:00:02.295Z	85.738	85.619	464.014056
2018-11-13T14:15:02.309Z	86.508	85.619	466.883676
2018-11-13T14:30:02.425Z	86.457	85.619	466.694886
2018-11-13T14:45:01.308Z	85.687	85.619	463.823731
2018-11-13T15:00:01.377Z	85.585	85.619	463.442775
2018-11-13T15:15:01.402Z	86.56	85.619	467.07776
2018-11-13T15:30:01.458Z	84.921	85.619	460.951188
2018-11-13T15:45:01.425Z	85.38	85.619	462.67422
2018-11-13T16:00:01.440Z	85.482	85.619	463.055994
2018-11-13T16:15:01.504Z	85.533	85.619	463.246728
2018-11-13T16:30:01.492Z	85.125	85.619	461.718
2018-11-13T16:45:01.657Z	85.074	85.619	461.52645
2018-11-13T17:00:01.540Z	84.261	85.619	458.464101
2018-11-13T17:15:01.561Z	84.972	85.619	461.143044
2018-11-13T17:30:01.579Z	84.87	85.619	460.75923
2018-11-13T17:45:01.605Z	84.616	85.619	459.803344
2018-11-13T18:00:01.633Z	84.819	85.619	460.56717
2018-11-13T18:15:01.628Z	85.841	85.619	464.39981
2018-11-13T18:30:01.701Z	85.329	85.619	462.48318
2018-11-13T18:45:01.658Z	86.405	85.619	466.500595
2018-11-13T19:00:01.708Z	108.037	85.619	541.157333
2018-11-13T19:15:01.727Z	100.235	85.619	515.508605
2018-11-13T19:30:01.735Z	99.33	85.619	512.44347
2018-11-13T19:45:01.809Z	98.824	85.619	510.722432
2018-11-13T20:00:01.810Z	99.499	85.619	513.016844
2018-11-13T20:15:01.791Z	98.207	85.619	508.614053
2018-11-13T20:30:01.808Z	97.26	85.619	505.36296
2018-11-13T20:45:01.871Z	96.982	85.619	504.403382
2018-11-13T21:00:01.866Z	96.871	85.619	504.019813
2018-11-13T21:15:01.959Z	97.149	85.619	505.077651
2018-11-13T21:30:01.919Z	97.984	85.619	507.851072
2018-11-13T21:45:01.921Z	97.315	85.619	505.551425
2018-11-13T22:00:01.967Z	96.982	85.619	504.403382
2018-11-13T22:15:01.943Z	97.482	85.619	506.126544
2018-11-13T22:30:02.235Z	97.371	85.619	505.744974
2018-11-13T22:45:02.240Z	97.149	85.619	504.980502
2018-11-13T23:00:02.230Z	97.093	85.619	504.786507
2018-11-13T23:15:02.245Z	98.207	85.619	508.614053
2018-11-13T23:30:02.407Z	97.482	85.619	506.126544
2018-11-13T23:45:01.405Z	97.594	85.619	506.51286
2018-11-14T00:00:01.367Z	98.263	85.619	508.805814
2018-11-14T00:15:01.343Z	97.984	85.619	507.949056
2018-11-14T00:30:01.360Z	97.371	85.619	505.744974
2018-11-14T00:45:01.487Z	97.093	85.619	504.786507
2018-11-14T01:00:01.430Z	97.149	85.619	504.980502
2018-11-14T01:15:01.684Z	97.427	85.619	505.938411
2018-11-14T01:30:01.477Z	97.594	85.619	506.51286
2018-11-14T01:45:01.617Z	97.984	85.619	507.851072
2018-11-14T02:00:01.508Z	97.204	85.619	505.169188
2018-11-14T02:15:01.586Z	97.371	85.619	505.744974
2018-11-14T02:30:01.848Z	97.482	85.619	506.126544
2018-11-14T02:45:01.609Z	97.371	85.619	505.744974
2018-11-14T03:00:01.602Z	97.371	85.619	505.744974
2018-11-14T03:15:01.625Z	97.816	85.619	507.273776
2018-11-14T03:30:01.643Z	96.927	85.619	504.214254
2018-11-14T03:45:01.666Z	95.493	85.619	499.237404
2018-11-14T04:00:01.711Z	96.043	85.619	501.152374
2018-11-14T04:15:01.697Z	96.153	85.619	501.534048
2018-11-14T04:30:01.720Z	95.988	85.619	500.961372
2018-11-14T04:45:01.754Z	96.595	85.619	503.06676
2018-11-14T05:00:01.757Z	96.208	85.619	501.72472
2018-11-14T05:15:01.802Z	96.429	85.619	502.491519
2018-11-14T05:30:01.875Z	96.484	85.619	502.68164
2018-11-14T05:45:01.880Z	95.933	85.619	500.77026
2018-11-14T06:00:01.932Z	95.438	85.619	499.045302
2018-11-14T06:15:01.860Z	95.878	85.619	500.579038
2018-11-14T06:30:01.882Z	96.043	85.619	501.152374
2018-11-14T06:45:01.946Z	95.548	85.619	499.429396
2018-11-14T07:00:01.960Z	95.933	85.619	500.77026
2018-11-14T07:15:01.957Z	96.043	85.619	501.152374
2018-11-14T07:30:02.003Z	96.043	85.619	501.152374
2018-11-14T07:45:02.043Z	96.871	85.619	504.019813
2018-11-14T08:00:02.083Z	96.65	85.619	503.25655
2018-11-14T08:15:02.038Z	96.208	85.619	501.72472
2018-11-14T08:30:02.079Z	96.153	85.619	501.534048
2018-11-14T08:45:02.075Z	96.429	85.619	502.491519
2018-11-14T09:00:02.085Z	96.65	85.619	503.25655
2018-11-14T09:15:02.194Z	98.543	85.619	509.762939
2018-11-14T09:30:02.182Z	97.315	85.619	505.551425
2018-11-14T09:45:02.164Z	97.538	85.619	506.319758
2018-11-14T10:00:02.203Z	102.061	85.619	521.633771
2018-11-14T10:15:02.248Z	99.556	85.619	513.21118
2018-11-14T10:30:02.267Z	102.061	85.619	521.633771
2018-11-14T10:45:02.280Z	102.348	85.619	522.588888
2018-11-14T11:00:02.262Z	103.852	85.619	527.56816
2018-11-14T11:15:02.299Z	102.982	85.619	524.69329
2018-11-14T11:30:01.347Z	102.925	85.619	524.5058
2018-11-14T11:45:01.359Z	102.118	85.619	521.925098
2018-11-14T12:00:01.345Z	102.463	85.619	522.971152
2018-11-14T12:15:01.467Z	101.831	85.619	520.865565
2018-11-14T12:30:01.467Z	102.348	85.619	522.588888
2018-11-14T12:45:01.455Z	102.291	85.619	522.400137
2018-11-14T13:00:01.446Z	102.003	85.619	521.439336
2018-11-14T13:15:01.472Z	102.406	85.619	522.78263
2018-11-14T13:30:01.477Z	103.098	85.619	525.078114
2018-11-14T13:45:01.516Z	102.463	85.619	522.971152
2018-11-14T14:00:01.501Z	102.752	85.619	523.932448
2018-11-14T14:15:01.571Z	103.272	85.619	525.65448
2018-11-14T14:30:01.610Z	104.551	85.619	530.07357
2018-11-14T14:45:01.734Z	106.668	85.619	536.753376
2018-11-14T15:00:01.752Z	106.787	85.619	537.13861
2018-11-14T15:15:01.930Z	125.567	85.619	594.183044
2018-11-14T15:30:01.624Z	121.141	85.619	581.355659
2018-11-14T15:45:01.726Z	120.491	85.619	579.441219
2018-11-14T16:00:01.801Z	125.299	85.619	593.91726
2018-11-14T16:15:01.821Z	125.099	85.619	592.844161
2018-11-14T16:30:01.905Z	149.176	85.619	656.971104
2018-11-14T16:45:02.121Z	169.066	85.619	701.962032
2018-11-14T17:00:01.837Z	155.959	85.619	673.430962
2018-11-14T17:15:02.416Z	157.413	85.619	676.8759
2018-11-14T17:30:01.831Z	143.398	85.619	642.709836
2018-11-14T17:45:01.859Z	145.655	85.619	648.16475
2018-11-14T18:00:01.890Z	148.867	85.619	656.50347
2018-11-14T18:15:01.988Z	149.33	85.619	657.052
2018-11-14T18:30:01.899Z	145.277	85.619	647.209035
2018-11-14T18:45:01.921Z	147.713	85.619	653.482312
2018-11-14T19:00:01.954Z	153.008	85.619	666.34984
2018-11-14T19:15:01.983Z	151.042	85.619	661.56396
2018-11-14T19:30:02.011Z	153.88	85.619	668.45472
2018-11-14T19:45:02.119Z	149.098	85.619	657.074886
2018-11-14T20:00:02.072Z	149.021	85.619	656.586526
2018-11-14T20:15:02.064Z	151.277	85.619	662.139429
2018-11-14T20:30:02.116Z	152.376	85.619	664.816488
2018-11-14T20:45:02.114Z	150.886	85.619	661.785996
2018-11-14T21:00:02.177Z	150.106	85.619	659.71587
2018-11-14T21:15:02.252Z	147.483	85.619	652.759758
2018-11-14T21:30:02.363Z	145.352	85.619	647.397808
2018-11-14T21:45:02.247Z	145.352	85.619	647.397808
2018-11-14T22:00:02.253Z	147.943	85.619	653.90806
2018-11-14T22:15:02.252Z	150.964	85.619	661.373284
2018-11-14T22:30:01.518Z	147.406	85.619	652.566362
2018-11-14T22:45:01.533Z	148.944	85.619	656.396208
2018-11-14T23:00:01.528Z	150.573	85.619	660.413178
2018-11-14T23:15:01.590Z	147.33	85.619	652.37724
2018-11-14T23:30:01.635Z	146.566	85.619	650.459908
2018-11-14T23:45:01.618Z	146.566	85.619	650.459908
2018-11-15T00:00:01.630Z	145.579	85.619	647.82655
2018-11-15T00:15:01.694Z	146.948	85.619	651.420484
2018-11-15T00:30:01.775Z	146.871	85.619	651.226014
2018-11-15T00:45:01.702Z	144.899	85.619	646.24954
2018-11-15T01:00:01.785Z	146.186	85.619	649.650584
2018-11-15T01:15:01.731Z	146.719	85.619	650.845484
2018-11-15T01:30:01.797Z	147.024	85.619	651.610368
2018-11-15T01:45:01.803Z	148.02	85.619	654.10038
2018-11-15T02:00:01.860Z	150.029	85.619	659.077397
2018-11-15T02:15:01.869Z	151.826	85.619	663.47962
2018-11-15T02:30:01.896Z	150.573	85.619	660.413178
2018-11-15T02:45:01.931Z	152.455	85.619	664.856255
2018-11-15T03:00:01.944Z	154.597	85.619	670.177995
2018-11-15T03:15:01.941Z	150.262	85.619	659.65018
2018-11-15T03:30:02.021Z	151.747	85.619	663.286137
2018-11-15T03:45:02.033Z	152.219	85.619	664.435935
2018-11-15T04:00:02.066Z	151.433	85.619	662.519375
2018-11-15T04:15:02.073Z	153.404	85.619	667.000592
2018-11-15T04:30:02.189Z	153.88	85.619	668.45472
2018-11-15T04:45:02.087Z	155.237	85.619	671.710499
2018-11-15T05:00:02.169Z	153.801	85.619	668.265345
2018-11-15T05:15:02.141Z	154.517	85.619	669.985712
2018-11-15T05:30:02.256Z	154.997	85.619	671.13701
2018-11-15T05:45:02.188Z	154.358	85.619	669.605004
2018-11-15T06:00:03.241Z	153.562	85.619	667.687576
2018-11-15T06:15:02.328Z	154.517	85.619	669.985712
2018-11-15T06:30:02.376Z	154.119	85.619	669.030579
2018-11-15T06:45:02.302Z	156.685	85.619	675.155665
2018-11-15T07:00:02.303Z	155.477	85.619	672.127071
2018-11-15T07:15:01.353Z	154.119	85.619	669.030579
2018-11-15T07:30:01.402Z	151.355	85.619	662.178125
2018-11-15T07:45:01.548Z	153.008	85.619	666.34984
2018-11-15T08:00:01.446Z	152.771	85.619	665.776018
2018-11-15T08:15:01.476Z	153.166	85.619	666.731598
2018-11-15T08:30:01.612Z	153.166	85.619	666.731598
2018-11-15T08:45:01.474Z	154.278	85.619	669.257964
2018-11-15T09:00:01.510Z	155.157	85.619	671.519496
2018-11-15T09:15:01.665Z	155.157	85.619	671.519496
2018-11-15T09:30:01.538Z	154.119	85.619	669.030579
2018-11-15T09:45:01.569Z	155.317	85.619	672.056659
2018-11-15T10:00:01.554Z	154.917	85.619	670.79061
2018-11-15T10:15:01.664Z	161.933	85.619	687.243652
2018-11-15T10:30:01.604Z	161.268	85.619	685.872804
2018-11-15T10:45:01.682Z	159.371	85.619	681.470396
2018-11-15T11:00:01.617Z	159.618	85.619	682.047714
2018-11-15T11:15:01.630Z	160.029	85.619	683.003772
2018-11-15T11:30:01.689Z	159.453	85.619	681.661575
2018-11-15T11:45:01.686Z	158.471	85.619	678.731293
2018-11-15T12:00:01.756Z	160.194	85.619	683.387604
2018-11-15T12:15:01.760Z	158.471	85.619	679.365177
2018-11-15T12:30:01.774Z	158.635	85.619	679.750975
2018-11-15T12:45:01.821Z	157.982	85.619	678.058744
2018-11-15T13:00:01.915Z	159.125	85.619	680.895875
2018-11-15T13:15:01.820Z	158.962	85.619	680.516322
2018-11-15T13:30:01.877Z	158.308	85.619	678.983012
2018-11-15T13:45:01.865Z	158.553	85.619	679.558158
2018-11-15T14:00:01.875Z	159.618	85.619	682.047714
2018-11-15T14:15:01.960Z	165.04	85.619	694.48832
2018-11-15T14:30:01.919Z	163.774	85.619	691.617602
2018-11-15T14:45:02.038Z	174.43	85.619	715.163
2018-11-15T15:00:02.042Z	198.998	85.619	774.699214
2018-11-15T15:15:02.122Z	171.948	85.619	709.801344
2018-11-15T15:30:02.070Z	167.428	85.619	699.84904
2018-11-15T15:45:02.117Z	169.5	85.619	704.442
2018-11-15T16:00:02.082Z	163.438	85.619	691.179302
2018-11-15T16:15:02.142Z	158.39	85.619	679.17632
2018-11-15T16:30:02.150Z	154.437	85.619	669.793269
2018-11-15T16:45:02.135Z	159.044	85.619	680.70832
2018-11-15T17:00:02.160Z	155.557	85.619	672.472911
2018-11-15T17:15:02.150Z	152.534	85.619	665.200774
2018-11-15T17:30:02.326Z	153.008	85.619	666.34984
2018-11-15T17:45:02.205Z	153.008	85.619	666.34984
2018-11-15T18:00:02.273Z	154.917	85.619	670.945527
2018-11-15T18:15:02.278Z	154.039	85.619	668.837338
2018-11-15T18:30:02.260Z	154.278	85.619	669.412242
2018-11-15T18:45:02.328Z	152.692	85.619	665.584428
2018-11-15T19:00:01.315Z	153.483	85.619	667.497567
2018-11-15T19:15:01.320Z	153.88	85.619	668.45472
2018-11-15T19:30:01.346Z	150.964	85.619	661.22232
2018-11-15T19:45:01.384Z	150.106	85.619	659.865976
2018-11-15T20:00:01.417Z	149.098	85.619	656.77669
2018-11-15T20:15:01.428Z	147.253	85.619	652.036284
2018-11-15T20:30:01.442Z	149.176	85.619	656.971104
2018-11-15T20:45:01.474Z	148.481	85.619	654.652729
2018-11-15T21:00:01.488Z	151.198	85.619	661.944844
2018-11-15T21:15:01.543Z	151.983	85.619	663.861744
2018-11-15T21:30:01.509Z	150.964	85.619	661.373284
2018-11-15T21:45:01.536Z	151.198	85.619	661.944844
2018-11-15T22:00:01.592Z	150.184	85.619	659.457944
2018-11-15T22:15:01.612Z	152.534	85.619	665.04824
2018-11-15T22:30:01.931Z	152.14	85.619	664.24324
2018-11-15T22:45:01.907Z	150.886	85.619	661.182452
2018-11-15T23:00:01.943Z	151.042	85.619	661.56396
2018-11-15T23:15:02.004Z	151.433	85.619	662.519375
2018-11-15T23:30:02Z	148.789	85.619	656.010701
2018-11-15T23:45:02.012Z	145.655	85.619	648.16475
2018-11-16T00:00:02.129Z	146.338	85.619	649.887058
2018-11-16T00:15:02.060Z	145.428	85.619	647.590884
2018-11-16T00:30:02.099Z	145.428	85.619	647.590884
2018-11-16T00:45:02.266Z	148.096	85.619	654.288128
2018-11-16T01:00:02.153Z	147.713	85.619	653.334599
2018-11-16T01:15:02.148Z	148.02	85.619	654.10038
2018-11-16T01:30:02.165Z	148.558	85.619	655.437896
2018-11-16T01:45:02.229Z	149.796	85.619	658.503216
2018-11-16T02:00:02.226Z	148.173	85.619	654.480141
2018-11-16T02:15:02.285Z	147.713	85.619	653.482312
2018-11-16T02:30:02.282Z	147.483	85.619	652.759758
2018-11-16T02:45:02.326Z	148.173	85.619	654.480141
2018-11-16T03:00:01.357Z	148.404	85.619	655.055256
2018-11-16T03:15:01.364Z	146.566	85.619	650.459908
2018-11-16T03:30:01.417Z	147.024	85.619	651.610368
2018-11-16T03:45:01.373Z	147.253	85.619	652.183537
2018-11-16T04:00:01.438Z	147.559	85.619	652.948575
2018-11-16T04:15:01.451Z	147.866	85.619	653.715586
2018-11-16T04:30:01.453Z	148.404	85.619	655.055256
2018-11-16T04:45:01.510Z	147.943	85.619	653.90806
2018-11-16T05:00:01.473Z	148.327	85.619	654.863705
2018-11-16T05:15:01.526Z	149.64	85.619	658.11672
2018-11-16T05:30:01.576Z	149.408	85.619	657.544608
2018-11-16T05:45:01.620Z	149.176	85.619	656.971104
2018-11-16T06:00:01.572Z	150.106	85.619	659.115446
2018-11-16T06:15:01.649Z	150.886	85.619	661.182452
2018-11-16T06:30:01.600Z	150.886	85.619	661.182452
2018-11-16T06:45:01.632Z	150.262	85.619	659.65018
2018-11-16T07:00:01.631Z	151.355	85.619	662.32948
2018-11-16T07:15:01.722Z	149.408	85.619	657.544608
2018-11-16T07:30:01.681Z	150.184	85.619	659.457944
2018-11-16T07:45:01.701Z	151.355	85.619	662.32948
2018-11-16T08:00:01.994Z	151.826	85.619	661.050404
2018-11-16T08:15:01.728Z	149.951	151.826	658.884694
2018-11-16T08:30:01.747Z	152.061	151.826	664.050387
2018-11-16T08:45:01.823Z	151.669	151.826	662.945199
2018-11-16T09:00:01.811Z	150.808	151.826	660.991464
2018-11-16T09:15:01.811Z	151.826	151.826	663.47962
2018-11-16T09:30:01.848Z	151.042	151.826	661.56396
2018-11-16T09:45:01.911Z	153.404	151.826	667.3074
2018-11-16T10:00:01.929Z	155.879	151.826	673.241401
2018-11-16T10:15:01.905Z	151.826	151.826	663.47962
2018-11-16T10:30:01.973Z	152.298	151.826	664.78077
2018-11-16T10:45:01.957Z	152.771	151.826	665.776018
2018-11-16T11:00:02.004Z	149.485	151.826	657.734
2018-11-16T11:15:02.048Z	147.943	151.826	653.90806
2018-11-16T11:30:02.039Z	149.796	151.826	658.503216
2018-11-16T11:45:02.045Z	150.106	151.826	659.265552
2018-11-16T12:00:02.085Z	150.651	151.826	660.604635
2018-11-16T12:15:02.093Z	151.042	151.826	661.56396
2018-11-16T12:30:02.107Z	150.808	151.826	660.991464
2018-11-16T12:45:02.100Z	150.418	151.826	660.034184
2018-11-16T13:00:02.158Z	151.277	151.826	662.139429
2018-11-16T13:15:02.143Z	150.73	151.826	660.80032
2018-11-16T13:30:02.207Z	150.496	151.826	660.225952
2018-11-16T13:45:02.201Z	151.433	151.826	662.519375
2018-11-16T14:00:02.254Z	150.808	151.826	660.991464
2018-11-16T14:15:02.293Z	150.029	151.826	659.077397
2018-11-16T14:30:02.348Z	151.198	151.826	661.944844
2018-11-16T14:45:02.283Z	150.73	151.826	660.80032
2018-11-16T15:00:02.405Z	150.808	151.826	660.991464
2018-11-16T15:15:01.331Z	151.042	151.826	661.56396
2018-11-16T15:30:01.337Z	151.747	151.826	663.286137
2018-11-16T15:45:01.453Z	153.562	151.826	667.687576
2018-11-16T16:00:01.386Z	153.404	151.826	667.3074
2018-11-16T16:15:01.441Z	151.669	151.826	663.096868
2018-11-16T16:30:01.464Z	151.355	151.826	662.32948
2018-11-16T16:45:01.565Z	150.964	151.826	661.373284
2018-11-16T17:00:01.540Z	152.061	151.826	664.050387
2018-11-16T17:15:01.531Z	151.12	151.826	661.75448
2018-11-16T17:30:01.586Z	151.198	151.826	661.944844
2018-11-16T17:45:01.575Z	152.14	151.826	664.24324
2018-11-16T18:00:01.626Z	152.14	151.826	664.24324
2018-11-16T18:15:01.618Z	152.613	151.826	665.39268
2018-11-16T18:30:01.637Z	152.85	151.826	665.96745
2018-11-16T18:45:01.657Z	152.85	151.826	665.96745
2018-11-16T19:00:01.691Z	152.14	151.826	664.24324
2018-11-16T19:15:01.707Z	152.929	151.826	666.158724
2018-11-16T19:30:01.738Z	153.245	151.826	666.92224
2018-11-16T19:45:01.835Z	153.801	151.826	668.265345
2018-11-16T20:00:01.753Z	154.517	151.826	670.140229
2018-11-16T20:15:01.766Z	154.677	151.826	670.370118
2018-11-16T20:30:01.818Z	154.677	151.826	670.370118
2018-11-16T20:45:01.795Z	153.087	151.826	666.540798
2018-11-16T21:00:01.829Z	153.166	151.826	666.731598
2018-11-16T21:15:01.869Z	153.642	151.826	667.881774
2018-11-16T21:30:01.909Z	153.008	151.826	666.196832
2018-11-16T21:45:01.918Z	155.397	151.826	672.092025
2018-11-16T22:00:01.945Z	155.959	151.826	673.430962
2018-11-16T22:15:01.938Z	158.798	151.826	680.131834
2018-11-16T22:30:02.253Z	157.576	151.826	677.261648
2018-11-16T22:45:02.378Z	157.576	151.826	677.261648
2018-11-16T23:00:02.306Z	156.443	151.826	674.582216
2018-11-16T23:15:02.274Z	155.879	151.826	673.241401
2018-11-16T23:30:01.361Z	153.801	151.826	668.265345
2018-11-16T23:45:01.367Z	154.198	151.826	669.21932
2018-11-17T00:00:01.366Z	153.166	151.826	666.731598
2018-11-17T00:15:01.484Z	153.245	151.826	666.92224
2018-11-17T00:30:01.402Z	153.483	151.826	667.497567
2018-11-17T00:45:01.423Z	153.325	151.826	667.117075
2018-11-17T01:00:01.433Z	154.039	151.826	668.837338
2018-11-17T01:15:01.519Z	154.437	151.826	669.793269
2018-11-17T01:30:01.496Z	153.801	151.826	668.265345
2018-11-17T01:45:01.486Z	154.119	151.826	669.030579
2018-11-17T02:00:01.534Z	155.477	151.826	672.282548
2018-11-17T02:15:01.633Z	156.12	151.826	673.6578
2018-11-17T02:30:01.560Z	156.604	151.826	674.96324
2018-11-17T02:45:01.655Z	158.635	151.826	679.750975
2018-11-17T03:00:01.646Z	156.04	151.826	673.62468
2018-11-17T03:15:01.608Z	155.959	151.826	673.430962
2018-11-17T03:30:01.618Z	155.798	151.826	673.04736
2018-11-17T03:45:01.714Z	156.281	151.826	674.196234
2018-11-17T04:00:01.773Z	157.332	151.826	676.684932
2018-11-17T04:15:01.731Z	156.766	151.826	675.347928
2018-11-17T04:30:01.753Z	155.959	151.826	673.430962
2018-11-17T04:45:01.754Z	154.757	151.826	670.562081
2018-11-17T05:00:01.796Z	154.997	151.826	671.13701
2018-11-17T05:15:01.839Z	154.198	151.826	669.21932
2018-11-17T05:30:01.821Z	155.557	151.826	672.472911
2018-11-17T05:45:01.895Z	155.477	151.826	672.282548
2018-11-17T06:00:01.851Z	155.959	151.826	673.430962
2018-11-17T06:15:01.874Z	155.557	151.826	672.472911
2018-11-17T06:30:01.897Z	154.997	151.826	671.13701
2018-11-17T06:45:01.989Z	154.997	151.826	671.13701
2018-11-17T07:00:01.953Z	154.837	151.826	670.753884
2018-11-17T07:15:01.982Z	155.718	151.826	672.857478
2018-11-17T07:30:02.032Z	153.721	151.826	668.071466
2018-11-17T07:45:02.043Z	153.325	151.826	667.117075
2018-11-17T08:00:02.062Z	149.718	151.826	658.310046
2018-11-17T08:15:02.140Z	150.651	151.826	660.604635
2018-11-17T08:30:02.066Z	151.669	151.826	663.096868
2018-11-17T08:45:02.073Z	151.904	151.826	663.668576
2018-11-17T09:00:02.123Z	151.433	151.826	662.519375
2018-11-17T09:15:02.108Z	152.219	151.826	664.435935
2018-11-17T09:30:02.167Z	151.355	151.826	662.32948
2018-11-17T09:45:02.273Z	150.808	151.826	660.991464
2018-11-17T10:00:02.200Z	151.669	151.826	663.096868
2018-11-17T10:15:02.270Z	151.433	151.826	662.519375
2018-11-17T10:30:02.278Z	151.983	151.826	663.861744
2018-11-17T10:45:02.283Z	153.087	151.826	666.540798
2018-11-17T11:00:02.376Z	152.85	151.826	665.96745
2018-11-17T11:15:01.304Z	151.747	151.826	663.286137
2018-11-17T11:30:01.377Z	152.376	151.826	664.816488
2018-11-17T11:45:01.410Z	151.433	151.826	662.519375
2018-11-17T12:00:01.387Z	151.983	151.826	663.861744
2018-11-17T12:15:01.574Z	152.061	151.826	664.050387
2018-11-17T12:30:01.410Z	152.14	151.826	664.24324
2018-11-17T12:45:01.576Z	151.747	151.826	663.286137
2018-11-17T13:00:01.481Z	151.983	151.826	663.861744
2018-11-17T13:15:01.506Z	152.455	151.826	665.00871
2018-11-17T13:30:01.583Z	153.88	151.826	668.45472
2018-11-17T13:45:01.584Z	153.404	151.826	667.3074
2018-11-17T14:00:01.583Z	153.562	151.826	667.687576
2018-11-17T14:15:01.620Z	153.801	151.826	668.265345
2018-11-17T14:30:01.604Z	155.638	151.826	672.667436
2018-11-17T14:45:01.675Z	154.278	151.826	669.412242
2018-11-17T15:00:01.663Z	154.437	151.826	669.793269
2018-11-17T15:15:01.720Z	154.757	151.826	670.562081
2018-11-17T15:30:01.700Z	155.317	151.826	672.056659
2018-11-17T15:45:01.782Z	153.404	151.826	667.614208
2018-11-17T16:00:01.778Z	153.166	151.826	666.731598
2018-11-17T16:15:01.765Z	152.061	151.826	664.050387
2018-11-17T16:30:01.856Z	152.298	151.826	664.628472
2018-11-17T16:45:01.855Z	152.455	151.826	665.00871
2018-11-17T17:00:01.868Z	150.418	151.826	660.034184
2018-11-17T17:15:01.873Z	151.59	151.826	662.90307
2018-11-17T17:30:01.919Z	152.061	151.826	664.050387
2018-11-17T17:45:01.903Z	152.534	151.826	665.200774
2018-11-17T18:00:02.003Z	152.771	151.826	665.776018
2018-11-17T18:15:02.020Z	152.14	151.826	664.24324
2018-11-17T18:30:01.984Z	151.983	151.826	663.861744
2018-11-17T18:45:02.053Z	151.669	151.826	663.096868
2018-11-17T19:00:02.073Z	152.298	151.826	664.628472
2018-11-17T19:15:02.028Z	151.747	151.826	663.286137
2018-11-17T19:30:02.051Z	152.14	151.826	664.24324
2018-11-17T19:45:02.138Z	151.12	151.826	661.75448
2018-11-17T20:00:02.109Z	150.418	151.826	660.034184
2018-11-17T20:15:02.213Z	150.73	151.826	660.80032
2018-11-17T20:30:02.128Z	150.573	151.826	660.413178
2018-11-17T20:45:02.197Z	150.73	151.826	660.80032
2018-11-17T21:00:02.165Z	150.418	151.826	660.034184
2018-11-17T21:15:02.219Z	151.042	151.826	661.56396
2018-11-17T21:30:02.233Z	151.042	151.826	661.56396
2018-11-17T21:45:02.236Z	151.198	151.826	661.944844
2018-11-17T22:00:02.295Z	152.061	151.826	664.050387
2018-11-17T22:15:02.337Z	152.061	151.826	664.050387
2018-11-17T22:30:01.602Z	151.669	151.826	663.096868
2018-11-17T22:45:01.578Z	151.669	151.826	663.096868
2018-11-17T23:00:02.137Z	151.904	151.826	663.668576
2018-11-17T23:15:02.142Z	152.061	151.826	664.050387
2018-11-17T23:30:02.154Z	151.59	151.826	662.90307
2018-11-17T23:45:02.259Z	151.355	151.826	662.480835
2018-11-18T00:00:02.237Z	151.355	151.826	662.32948
2018-11-18T00:15:02.270Z	151.355	151.826	662.32948
2018-11-18T00:30:02.267Z	151.355	151.826	662.32948
2018-11-18T00:45:02.330Z	150.964	151.826	661.373284
2018-11-18T01:00:01.297Z	149.951	151.826	658.884694
2018-11-18T01:15:01.330Z	150.418	151.826	660.034184
2018-11-18T01:30:01.362Z	150.496	151.826	660.225952
2018-11-18T01:45:01.411Z	150.496	151.826	660.225952
2018-11-18T02:00:01.388Z	150.418	151.826	660.034184
2018-11-18T02:15:01.454Z	149.098	151.826	656.77669
2018-11-18T02:30:01.443Z	147.713	151.826	653.334599
2018-11-18T02:45:01.537Z	148.635	151.826	655.628985
2018-11-18T03:00:01.484Z	148.096	151.826	654.288128
2018-11-18T03:15:01.468Z	146.566	151.826	650.313342
2018-11-18T03:30:01.515Z	147.33	151.826	652.37724
2018-11-18T03:45:01.619Z	147.559	151.826	652.948575
2018-11-18T04:00:01.623Z	147.483	151.826	652.759758
2018-11-18T04:15:01.573Z	147.943	151.826	653.90806
2018-11-18T04:30:01.597Z	148.327	151.826	654.863705
2018-11-18T04:45:01.688Z	148.635	151.826	655.628985
2018-11-18T05:00:01.692Z	147.943	151.826	653.90806
2018-11-18T05:15:01.738Z	148.481	151.826	655.246653
2018-11-18T05:30:01.675Z	148.096	151.826	654.288128
2018-11-18T05:45:01.774Z	147.024	151.826	651.463344
2018-11-18T06:00:01.769Z	147.943	151.826	653.90806
2018-11-18T06:15:01.799Z	147.943	151.826	653.90806
2018-11-18T06:30:01.795Z	147.406	151.826	652.566362
2018-11-18T06:45:01.832Z	147.713	151.826	653.334599
2018-11-18T07:00:01.903Z	148.02	151.826	654.10038
2018-11-18T07:15:01.847Z	147.713	151.826	653.334599
2018-11-18T07:30:01.895Z	147.636	151.826	653.141664
2018-11-18T07:45:01.919Z	148.558	151.826	655.437896
2018-11-18T08:00:01.929Z	149.563	151.826	657.927637
2018-11-18T08:15:01.960Z	149.098	151.826	656.77669
2018-11-18T08:30:01.939Z	149.33	151.826	657.35066
2018-11-18T08:45:01.987Z	150.573	151.826	660.413178
2018-11-18T09:00:02.019Z	150.573	151.826	660.413178
2018-11-18T09:15:02.045Z	150.262	151.826	659.65018
2018-11-18T09:30:02.107Z	150.34	151.826	659.84226
2018-11-18T09:45:02.044Z	151.355	151.826	662.32948
2018-11-18T10:00:02.062Z	150.34	151.826	659.84226
2018-11-18T10:15:02.102Z	151.277	151.826	662.139429
2018-11-18T10:30:02.183Z	151.12	151.826	661.75448
2018-11-18T10:45:02.167Z	151.826	151.826	663.327794
2018-11-18T11:00:02.176Z	152.376	151.826	664.816488
2018-11-18T11:15:02.157Z	152.376	151.826	664.816488
2018-11-18T11:30:02.190Z	151.59	151.826	662.90307
2018-11-18T11:45:02.236Z	150.73	151.826	660.95105
2018-11-18T12:00:02.321Z	150.808	151.826	660.991464
2018-11-18T12:15:02.303Z	150.262	151.826	659.65018
2018-11-18T12:30:02.305Z	150.029	151.826	659.077397
2018-11-18T12:45:02.301Z	150.418	151.826	660.034184
2018-11-18T13:00:01.386Z	150.106	151.826	659.265552
2018-11-18T13:15:01.313Z	150.808	151.826	660.991464
2018-11-18T13:30:01.433Z	150.964	151.826	661.373284
2018-11-18T13:45:01.400Z	150.496	151.826	660.225952
2018-11-18T14:00:01.512Z	152.376	151.826	664.816488
2018-11-18T14:15:01.426Z	152.14	151.826	664.24324
2018-11-18T14:30:01.468Z	151.59	151.826	662.90307
2018-11-18T14:45:01.518Z	151.904	151.826	663.668576
2018-11-18T15:00:01.494Z	151.512	151.826	662.713488
2018-11-18T15:15:01.553Z	151.826	151.826	663.47962
2018-11-18T15:30:01.537Z	151.355	151.826	662.32948
2018-11-18T15:45:01.560Z	151.355	151.826	662.32948
2018-11-18T16:00:01.621Z	151.198	151.826	661.944844
2018-11-18T16:15:01.601Z	151.904	151.826	663.668576
2018-11-18T16:30:01.627Z	150.34	151.826	659.84226
2018-11-18T16:45:01.675Z	150.184	151.826	659.457944
2018-11-18T17:00:01.661Z	150.496	151.826	660.225952
2018-11-18T17:15:01.671Z	150.886	151.826	661.182452
2018-11-18T17:30:01.703Z	151.198	151.826	661.944844
2018-11-18T17:45:01.766Z	150.964	151.826	661.373284
2018-11-18T18:00:01.735Z	151.433	151.826	662.519375
2018-11-18T18:15:01.743Z	150.73	151.826	660.80032
2018-11-18T18:30:01.763Z	151.198	151.826	661.944844
2018-11-18T18:45:01.782Z	149.951	151.826	658.884694
2018-11-18T19:00:01.825Z	148.712	151.826	655.81992
2018-11-18T19:15:01.870Z	148.173	151.826	654.480141
2018-11-18T19:30:01.944Z	149.253	151.826	657.160959
2018-11-18T19:45:01.874Z	149.951	151.826	658.884694
2018-11-18T20:00:01.947Z	150.184	151.826	659.457944
2018-11-18T20:15:01.970Z	151.433	151.826	662.519375
2018-11-18T20:30:01.955Z	150.808	151.826	660.991464
2018-11-18T20:45:01.957Z	151.433	151.826	662.519375
2018-11-18T21:00:02.032Z	152.455	151.826	665.00871
2018-11-18T21:15:02.014Z	152.061	151.826	664.050387
2018-11-18T21:30:02.067Z	151.669	151.826	663.096868
2018-11-18T21:45:02.063Z	151.198	151.826	661.944844
2018-11-18T22:00:02.102Z	151.669	151.826	663.096868
2018-11-18T22:15:02.104Z	151.904	151.826	663.668576
2018-11-18T22:30:01.426Z	154.517	151.826	669.985712
2018-11-18T22:45:01.450Z	154.677	151.826	670.370118
2018-11-18T23:00:01.448Z	153.801	151.826	668.265345
2018-11-18T23:15:01.429Z	153.245	151.826	666.92224
2018-11-18T23:30:01.524Z	152.85	151.826	665.96745
2018-11-18T23:45:01.487Z	152.929	151.826	666.158724
2018-11-19T00:00:01.585Z	149.253	151.826	657.160959
2018-11-19T00:15:01.539Z	151.198	151.826	661.944844
2018-11-19T00:30:01.625Z	153.166	151.826	666.731598
2018-11-19T00:45:01.611Z	152.692	151.826	665.584428
2018-11-19T01:00:01.651Z	152.298	151.826	664.628472
2018-11-19T01:15:01.659Z	155.237	151.826	671.710499
2018-11-19T01:30:01.693Z	154.517	151.826	669.985712
2018-11-19T01:45:01.805Z	154.039	151.826	668.837338
2018-11-19T02:00:01.754Z	154.757	151.826	670.562081
2018-11-19T02:15:01.731Z	155.959	151.826	673.430962
2018-11-19T02:30:01.746Z	164.871	151.826	694.10691
2018-11-19T02:45:01.873Z	162.35	151.826	688.364
2018-11-19T03:00:01.775Z	164.279	151.826	692.764543
2018-11-19T03:15:01.849Z	161.85	151.826	687.2151
2018-11-19T03:30:01.914Z	162.6	151.826	688.7736
2018-11-19T03:45:01.915Z	162.6	151.826	688.9362
2018-11-19T04:00:01.926Z	161.85	151.826	687.2151
2018-11-19T04:15:01.885Z	163.69	151.826	691.42656
2018-11-19T04:30:01.924Z	163.858	151.826	691.808476
2018-11-19T04:45:01.971Z	165.804	151.826	696.210996
2018-11-19T05:00:01.961Z	165.04	151.826	694.48832
2018-11-19T05:15:01.989Z	167.428	151.826	699.84904
2018-11-19T05:30:02.058Z	168.807	151.826	702.912348
2018-11-19T05:45:02.041Z	168.461	151.826	702.145448
2018-11-19T06:00:02.075Z	170.895	151.826	707.5053
2018-11-19T06:15:02.091Z	171.509	151.826	708.846697
2018-11-19T06:30:02.092Z	175.414	151.826	717.267846
2018-11-19T06:45:02.100Z	174.341	151.826	715.146782
2018-11-19T07:00:02.127Z	173.629	151.826	713.61519
2018-11-19T07:15:02.141Z	173.895	151.826	714.01287
2018-11-19T07:30:02.214Z	174.877	151.826	716.121315
2018-11-19T07:45:02.203Z	174.341	151.826	714.972441
2018-11-19T08:00:02.243Z	174.162	151.826	714.586686
2018-11-19T08:15:02.252Z	178.125	151.826	723.009375
2018-11-19T08:30:02.285Z	184.422	151.826	736.950312
2018-11-19T08:45:02.341Z	177.671	151.826	722.054944
2018-11-19T09:00:01.355Z	179.13	151.826	725.29737
2018-11-19T09:15:01.358Z	180.96946435	151.825645	728.945002402
2018-11-19T09:30:01.463Z	182.92111351	151.825645	732.964901835
2018-11-19T09:45:01.446Z	191.42460912	151.825645	750.001618532
2018-11-19T10:00:01.398Z	194.57724642	151.825645	755.932602342
2018-11-19T10:15:01.469Z	185.93470765	151.825645	739.090462909
2018-11-19T10:30:01.502Z	185.93470765	151.825645	739.090462909
2018-11-19T10:45:01.511Z	184.32772009	151.825645	735.836258599
2018-11-19T11:00:01.501Z	183.29517786	151.825645	733.730596974
2018-11-19T11:15:01.585Z	184.5160667	151.825645	736.219106133
2018-11-19T11:30:01.613Z	185.27134516	151.825645	737.750496427
2018-11-19T11:45:01.569Z	188.90076069	151.825645	745.024600161
2018-11-19T12:00:01.601Z	188.90076069	151.825645	745.024600161
2018-11-19T12:15:01.637Z	186.88643146	151.825645	741.004700739
2018-11-19T12:30:01.644Z	187.84296803	151.825645	742.918938559
2018-11-19T12:45:01.766Z	193.09300765	151.825645	753.255822843
2018-11-19T13:00:01.643Z	194.57724642	151.825645	756.127179588
2018-11-19T13:15:01.844Z	199.81252381	151.825645	766.081216288
2018-11-19T13:30:01.825Z	194.77601111	151.825645	757.289131196
2018-11-19T13:45:01.862Z	197.98431677	151.825645	762.635588198
2018-11-19T14:00:01.866Z	191.32691879	151.825645	749.810194738
2018-11-19T14:15:01.827Z	192.99446413	151.825645	753.064399035
2018-11-19T14:30:01.820Z	195.67299127	151.825645	758.232841171
2018-11-19T14:45:01.972Z	191.2292783	151.825645	750.192458771
2018-11-19T15:00:01.862Z	193.68533133	151.825645	754.791736193
2018-11-19T15:15:01.838Z	194.57724642	151.825645	755.932602342
2018-11-19T15:30:02.520Z	189.28687698	151.825645	745.790295301
2018-11-19T15:45:01.917Z	192.0117999	151.825645	751.150161209
2018-11-19T16:00:01.947Z	191.13168762	151.825645	749.427347158
2018-11-19T16:15:01.981Z	196.67453532	151.825645	760.147079012
2018-11-19T16:30:02.070Z	195.97291129	151.825645	758.807112515
2018-11-19T16:45:01.965Z	187.74709676	151.825645	742.727514783
2018-11-19T17:00:02.001Z	189.09372089	151.825645	745.407447748
2018-11-19T17:15:01.994Z	188.99721632	151.825645	745.21602395
2018-11-19T17:30:02.049Z	189.38352858	151.825645	745.981719077
2018-11-19T17:45:02.042Z	190.44994417	151.825645	748.0873807
2018-11-19T18:00:02.073Z	189.09372089	151.825645	745.407447748
2018-11-19T18:15:02.110Z	188.03485609	151.825645	743.113751268
2018-11-19T18:30:02.275Z	190.44994417	151.825645	748.0873807
2018-11-19T18:45:02.137Z	190.25560639	151.825645	747.704533113
2018-11-19T19:00:02.198Z	190.83921402	151.825645	748.853075814
2018-11-19T19:15:02.286Z	191.42460912	151.825645	750.001618532
2018-11-19T19:30:02.237Z	192.20793063	151.825645	752.109632555
2018-11-19T19:45:02.209Z	189.96447032	151.825645	747.130261769
2018-11-19T20:00:02.358Z	187.45977353	151.825645	742.153243405
2018-11-19T20:15:02.323Z	185.17676943	151.825645	737.55907264
2018-11-19T20:30:02.259Z	189.67377806	151.825645	746.555990444
2018-11-19T20:45:02.282Z	189.38352858	151.825645	746.739253191
2018-11-19T21:00:01.374Z	192.10984019	151.825645	751.341584983
2018-11-19T21:15:01.342Z	196.87546637	151.825645	760.529926587
2018-11-19T21:30:01.359Z	193.29024632	151.825645	753.638670402
2018-11-19T21:45:01.482Z	196.77497484	151.825645	760.338502782
2018-11-19T22:00:01.384Z	192.0117999	151.825645	751.150161209
2018-11-19T22:15:01.473Z	193.38894155	151.825645	753.830094162
2018-11-19T22:30:01.748Z	191.81586961	151.825645	750.767313654
2018-11-19T22:45:01.683Z	193.38894155	151.825645	753.830094162
2018-11-19T23:00:01.707Z	192.50250323	151.825645	752.10728012
2018-11-19T23:15:01.788Z	189.19027443	151.825645	745.598871529
2018-11-19T23:30:01.749Z	189.86752364	151.825645	746.938838
2018-11-19T23:45:01.791Z	189.48022927	151.825645	746.173142865
2018-11-20T00:00:01.835Z	191.52234932	151.825645	750.193042286
2018-11-20T00:15:01.870Z	192.0117999	151.825645	751.150161209
2018-11-20T00:30:01.868Z	190.93665552	151.825645	749.044499605
2018-11-20T00:45:01.912Z	189.38352858	151.825645	745.981719077
2018-11-20T01:00:01.898Z	188.99721632	151.825645	745.21602395
2018-11-20T01:15:01.981Z	188.90076069	151.825645	745.024600161
2018-11-20T01:30:01.970Z	189.48022927	151.825645	746.173142865
2018-11-20T01:45:01.954Z	189.57697908	151.825645	746.364566638
2018-11-20T02:00:02.001Z	189.38352858	151.825645	745.981719077
2018-11-20T02:15:02.010Z	186.50516644	151.825645	740.2390056
2018-11-20T02:30:02.156Z	186.21972161	151.825645	739.664734235
2018-11-20T02:45:02.033Z	186.21972161	151.825645	739.664734235
2018-11-20T03:00:02.096Z	186.60041063	151.825645	740.43042938
2018-11-20T03:15:02.161Z	188.7079961	151.825645	744.641752611
2018-11-20T03:30:02.154Z	189.38352858	151.825645	745.981719077
2018-11-20T03:45:02.271Z	189.48022927	151.825645	745.983662636
2018-11-20T04:00:02.189Z	189.57697908	151.825645	746.364566638
2018-11-20T04:15:02.212Z	187.93888779	151.825645	743.110362322
2018-11-20T04:30:02.201Z	189.19027443	151.825645	745.788061803
2018-11-20T04:45:02.509Z	191.32691879	151.825645	749.810194738
2018-11-20T05:00:02.291Z	193.58648402	151.825645	754.212941742
2018-11-20T05:15:02.407Z	195.67299127	151.825645	758.03716818
2018-11-20T05:30:02.348Z	195.27381955	151.825645	757.467146034
2018-11-20T05:45:01.378Z	189.19027443	151.825645	745.598871529
2018-11-20T06:00:01.432Z	191.62013945	151.825645	750.384466086
2018-11-20T06:15:01.401Z	193.09300765	151.825645	753.255822843
2018-11-20T06:30:01.387Z	191.81586961	151.825645	750.767313654
2018-11-20T06:45:01.441Z	194.37868622	151.825645	755.744332023
2018-11-20T07:00:01.425Z	193.78422941	151.825645	754.595789323
2018-11-20T07:15:01.633Z	194.9749806	151.825645	756.892874689
2018-11-20T07:30:01.513Z	196.47381211	151.825645	759.960705241
2018-11-20T07:45:01.621Z	212.01892822	151.825645	788.074356194
2018-11-20T08:00:01.667Z	217.51841992	151.825645	797.857564267
2018-11-20T08:15:01.696Z	224.43427086	151.825645	809.534414992
2018-11-20T08:30:01.690Z	245.89400134	151.825645	843.416424596
2018-11-20T08:45:01.672Z	243.10692392	151.825645	839.205101372
2018-11-20T09:00:01.647Z	239.36312116	151.825645	833.462387879
2018-11-20T09:15:01.913Z	230.3984893	151.825645	819.297027951
2018-11-20T09:30:01.795Z	228.50902783	151.825645	815.777229353
2018-11-20T09:45:01.715Z	231.58806141	151.825645	821.442853821
2018-11-20T10:00:01.747Z	230.27989996	151.825645	818.645044358
2018-11-20T10:15:01.735Z	225.01153079	151.825645	810.491533906
2018-11-20T10:30:01.744Z	226.17087187	151.825645	812.405771757
2018-11-20T10:45:01.850Z	224.08868245	151.825645	808.960143644
2018-11-20T11:00:01.809Z	224.31901087	151.825645	809.342991219
2018-11-20T11:15:01.841Z	228.74428431	151.825645	816.617094987
2018-11-20T11:30:01.836Z	226.63641775	151.825645	813.398103305
2018-11-20T11:45:01.871Z	225.93848753	151.825645	812.24886267
2018-11-20T12:00:01.911Z	228.74428431	151.825645	817.074583555
2018-11-20T12:15:01.899Z	223.16991526	151.825645	807.428753411
2018-11-20T12:30:01.896Z	224.43427086	151.825645	809.534414992
2018-11-20T12:45:01.973Z	223.39922593	151.825645	808.258399415
2018-11-20T13:00:01.974Z	225.12717515	151.825645	810.45783054
2018-11-20T13:15:01.952Z	225.01153079	151.825645	810.491533906
2018-11-20T13:30:02.033Z	224.66498268	151.825645	809.917262561
2018-11-20T13:45:02.009Z	225.12717515	151.825645	810.682957715
2018-11-20T14:00:02.122Z	225.12717515	151.825645	810.682957715
2018-11-20T14:15:02.045Z	223.85860911	151.825645	808.577296105
2018-11-20T14:30:02.103Z	222.02715424	151.825645	805.514515583
2018-11-20T14:45:02.138Z	217.85316115	151.825645	798.431835615
2018-11-20T15:00:02.164Z	208.15000504	151.825645	781.39511892
2018-11-20T15:15:02.181Z	208.6829122	151.825645	781.517506189
2018-11-20T15:30:02.183Z	207.93723944	151.825645	781.012271337
2018-11-20T15:45:02.202Z	204.98213674	151.825645	775.652405424
2018-11-20T16:00:02.335Z	196.87546637	151.825645	760.529926587
2018-11-20T16:15:02.258Z	204.98213674	151.825645	775.652405424
2018-11-20T16:30:02.286Z	203.10541224	151.825645	772.206777336
2018-11-20T16:45:02.300Z	206.66538905	151.825645	778.71518594
2018-11-20T17:00:02.336Z	205.71680485	151.825645	776.992371918
2018-11-20T17:15:01.345Z	208.46957885	151.825645	781.969390266
2018-11-20T17:30:01.403Z	212.99789408	151.825645	790.009189143
2018-11-20T17:45:01.504Z	216.85057745	151.825645	796.709021551
2018-11-20T18:00:01.447Z	219.19762414	151.825645	800.728920983
2018-11-20T18:15:01.441Z	213.43451668	151.825645	790.774884299
2018-11-20T18:30:01.460Z	216.96173301	151.825645	796.900445346
2018-11-20T18:45:01.475Z	216.73948239	151.825645	796.517597783
2018-11-20T19:00:01.483Z	214.75005948	151.825645	793.07196966
2018-11-20T19:15:01.516Z	216.18491273	151.825645	795.560478846
2018-11-20T19:30:01.499Z	217.51841992	151.825645	797.857564267
2018-11-20T19:45:01.586Z	216.29570607	151.825645	795.751902632
2018-11-20T20:00:01.564Z	217.07294911	151.825645	797.091869132
2018-11-20T20:15:01.544Z	215.30072901	151.825645	794.029088589
2018-11-20T20:30:01.582Z	233.86683233	151.825645	824.848317628
2018-11-20T20:45:01.643Z	228.50902783	151.825645	816.234247409
2018-11-20T21:00:01.652Z	223.28453889	151.825645	807.620177165
2018-11-20T21:15:01.696Z	212.88888554	151.825645	789.817765353
2018-11-20T21:30:01.647Z	215.08028212	151.825645	793.646241023
2018-11-20T21:45:01.721Z	219.98598121	151.825645	802.068887492
2018-11-20T22:00:01.742Z	215.08028212	151.825645	793.646241023
2018-11-20T22:15:01.741Z	219.08524828	151.825645	800.537497215
2018-11-20T22:30:02.046Z	219.53512119	151.825645	801.742262586
2018-11-20T22:45:02.064Z	221.57181179	151.825645	804.748820421
2018-11-20T23:00:02.080Z	219.64774353	151.825645	801.274968397
2018-11-20T23:15:02.085Z	221.34451647	151.825645	804.365972852
2018-11-20T23:30:02.113Z	225.93848753	151.825645	812.022924183
2018-11-20T23:45:02.156Z	224.31901087	151.825645	809.342991219
2018-11-21T00:00:02.214Z	218.52429032	151.825645	799.798902571
2018-11-21T00:15:02.231Z	219.42256055	151.825645	801.111768568
2018-11-21T00:30:02.269Z	220.5509493	151.825645	803.026006401
2018-11-21T00:45:02.231Z	226.05464736	151.825645	811.084074728
2018-11-21T01:00:02.309Z	227.21981183	151.825645	814.128585787
2018-11-21T01:15:02.312Z	237.27012963	151.825645	830.208183575
2018-11-21T01:30:02.280Z	233.86683233	151.825645	824.848317628
2018-11-21T01:45:01.301Z	230.99243786	151.825645	820.254146841
2018-11-21T02:00:01.317Z	231.70738774	151.825645	821.402689538
2018-11-21T02:15:01.370Z	226.40351513	151.825645	812.788619317
2018-11-21T02:30:01.432Z	224.89595064	151.825645	810.300110156
2018-11-21T02:45:01.564Z	226.98625892	151.825645	813.745738228
2018-11-21T03:00:01.418Z	224.08868245	151.825645	808.960143644
2018-11-21T03:15:01.454Z	225.35865665	151.825645	811.065805283
2018-11-21T03:30:01.462Z	229.21558893	151.825645	817.382790124
2018-11-21T03:45:01.637Z	218.30033617	151.825645	799.415831055
2018-11-21T04:00:01.562Z	219.19762414	151.825645	800.728920983
2018-11-21T04:15:01.632Z	223.51397642	151.825645	808.003024758
2018-11-21T04:30:01.596Z	222.5977462	151.825645	806.471634483
2018-11-21T04:45:02.721Z	222.71205363	151.825645	806.663058248
2018-11-21T05:00:01.625Z	221.91322452	151.825645	805.323091783
2018-11-21T05:15:01.673Z	222.94085796	151.825645	807.045905815
2018-11-21T05:30:01.710Z	222.71205363	151.825645	806.663058248
2018-11-21T05:45:01.808Z	226.75296645	151.825645	813.13613769
2018-11-21T06:00:01.781Z	231.58806141	151.825645	821.21126576
2018-11-21T06:15:01.736Z	228.27403465	151.825645	815.851399839
2018-11-21T06:30:01.753Z	228.97980452	151.825645	816.999942527
2018-11-21T06:45:01.815Z	223.39922593	151.825645	807.811600963
2018-11-21T07:00:01.785Z	225.24288375	151.825645	810.8743815
2018-11-21T07:15:01.872Z	225.82239232	151.825645	811.83150039
2018-11-21T07:30:01.842Z	224.54959478	151.825645	809.725838777
2018-11-21T07:45:01.843Z	225.93848753	151.825645	812.022924183
2018-11-21T08:00:01.884Z	222.25520219	151.825645	805.897363141
2018-11-21T08:15:01.951Z	222.5977462	151.825645	806.471634483
2018-11-21T08:30:01.985Z	221.57181179	151.825645	804.748820421
2018-11-21T08:45:01.950Z	217.74151986	151.825645	798.240411807
2018-11-21T09:00:02.083Z	214.64010446	151.825645	792.880545875
2018-11-21T09:15:02.099Z	217.62993947	151.825645	798.048988036
2018-11-21T09:30:02.456Z	212.23606638	151.825645	788.456986602
2018-11-21T09:45:02.008Z	215.63184802	151.825645	794.603359954
2018-11-21T10:00:02.101Z	215.30072901	151.825645	794.029088589
2018-11-21T10:15:02.063Z	215.30072901	151.825645	794.029088589
2018-11-21T10:30:02.181Z	217.51841992	151.825645	797.857564267
2018-11-21T10:45:02.089Z	215.30072901	151.825645	794.029088589
2018-11-21T11:00:02.185Z	214.20087906	151.825645	792.114850764
2018-11-21T11:15:02.231Z	213.6531817	151.825645	791.157731835
2018-11-21T11:30:02.174Z	217.74151986	151.825645	798.240411807
2018-11-21T11:45:02.213Z	216.07417959	151.825645	795.369055071
2018-11-21T12:00:02.265Z	216.96173301	151.825645	796.900445346
2018-11-21T12:15:02.212Z	214.42037292	151.825645	792.712118685
2018-11-21T12:30:02.419Z	213.43451668	151.825645	790.774884299
2018-11-21T12:45:02.303Z	212.34472314	151.825645	788.648301742
2018-11-21T13:00:02.352Z	212.4534384	151.825645	789.052070218
2018-11-21T13:15:02.400Z	213.54381967	151.825645	790.966308058
2018-11-21T13:30:01.389Z	213.98162249	151.825645	791.732003213
2018-11-21T13:45:01.360Z	213.87208306	151.825645	791.540579405
2018-11-21T14:00:01.445Z	224.43427086	151.825645	809.534414992
2018-11-21T14:15:01.518Z	220.21178239	151.825645	802.451735029
2018-11-21T14:30:01.438Z	221.68555335	151.825645	804.940244214
2018-11-21T14:45:01.737Z	223.39922593	151.825645	807.811600963
2018-11-21T15:00:01.541Z	222.94085796	151.825645	807.268846673
2018-11-21T15:15:01.650Z	222.14114677	151.825645	805.705939335
2018-11-21T15:30:01.559Z	214.64010446	151.825645	792.880545875
2018-11-21T15:45:01.539Z	210.29019673	151.825645	785.22359459
2018-11-21T16:00:01.588Z	213.43451668	151.825645	790.774884299
2018-11-21T16:15:01.731Z	216.51747354	151.825645	796.134750207
2018-11-21T16:30:01.621Z	214.86007407	151.825645	793.263393466
2018-11-21T16:45:01.646Z	214.20087906	151.825645	792.114850764
2018-11-21T17:00:01.645Z	214.42037292	151.825645	792.497698312
2018-11-21T17:15:01.787Z	217.29556313	151.825645	797.474716687
2018-11-21T17:30:01.714Z	218.63635923	151.825645	800.427711141
2018-11-21T17:45:01.983Z	217.07294911	151.825645	797.091869132
2018-11-21T18:00:01.762Z	217.62993947	151.825645	798.048988036
2018-11-21T18:15:01.768Z	217.96486337	151.825645	798.623259388
2018-11-21T18:30:01.818Z	218.52429032	151.825645	799.580378281
2018-11-21T18:45:01.900Z	214.86007407	151.825645	793.263393466
2018-11-21T19:00:01.874Z	218.63635923	151.825645	799.771802063
2018-11-21T19:15:01.867Z	220.09885082	151.825645	802.260311239
2018-11-21T19:30:01.897Z	218.74848943	151.825645	799.963225846
2018-11-21T19:45:01.916Z	220.43783158	151.825645	803.055020446
2018-11-21T20:00:01.978Z	220.09885082	151.825645	802.260311239
2018-11-21T20:15:01.952Z	221.23096261	151.825645	804.174549087
2018-11-21T20:30:02.009Z	217.96486337	151.825645	798.623259388
2018-11-21T20:45:01.981Z	219.31006155	151.825645	800.920344781
2018-11-21T21:00:02.022Z	219.76042761	151.825645	801.686039921
2018-11-21T21:15:02.101Z	220.43783158	151.825645	802.834582614
2018-11-21T21:30:02.069Z	220.77737124	151.825645	803.408853942
2018-11-21T21:45:02.107Z	217.74151986	151.825645	798.240411807
2018-11-21T22:00:02.060Z	218.52429032	151.825645	799.580378281
2018-11-21T22:15:02.124Z	215.9635066	151.825645	795.177631301
2018-11-21T22:30:01.362Z	215.9635066	151.825645	795.177631301
2018-11-21T22:45:01.440Z	216.40655966	151.825645	795.943326429
2018-11-21T23:00:01.427Z	215.9635066	151.825645	795.177631301
2018-11-21T23:15:01.444Z	212.01892822	151.825645	788.286375122
2018-11-21T23:30:01.444Z	212.77993575	151.825645	789.626341568
2018-11-21T23:45:01.489Z	211.36891311	151.825645	787.137832422
2018-11-22T00:00:01.514Z	213.10696142	151.825645	790.200612945
2018-11-22T00:15:01.628Z	213.32527267	151.825645	790.583460515
2018-11-22T00:30:01.525Z	213.43451668	151.825645	790.774884299
2018-11-22T00:45:01.640Z	213.2160876	151.825645	790.392036733
2018-11-22T01:00:01.578Z	213.6531817	151.825645	791.157731835
2018-11-22T01:15:01.720Z	212.4534384	151.825645	789.052070218
2018-11-22T01:30:01.669Z	210.9367321	151.825645	786.372137269
2018-11-22T01:45:01.770Z	209.96770758	151.825645	784.649323226
2018-11-22T02:00:01.693Z	209.75300232	151.825645	784.266475674
2018-11-22T02:15:01.723Z	211.80202353	151.825645	788.115329555
2018-11-22T02:30:01.718Z	211.91044671	151.825645	788.094951314
2018-11-22T02:45:01.759Z	212.34472314	151.825645	788.648301742
2018-11-22T03:00:01.822Z	211.80202353	151.825645	787.903527532
2018-11-22T03:15:01.754Z	213.43451668	151.825645	790.774884299
2018-11-22T03:30:01.860Z	213.10696142	151.825645	790.200612945
2018-11-22T03:45:01.809Z	211.91044671	151.825645	788.094951314
2018-11-22T04:00:01.869Z	212.4534384	151.825645	789.052070218
2018-11-22T04:15:02.105Z	212.01892822	151.825645	788.286375122
2018-11-22T04:30:01.902Z	211.47710346	151.825645	787.329256182
2018-11-22T04:45:01.895Z	212.99789408	151.825645	790.009189143
2018-11-22T05:00:01.925Z	212.77993575	151.825645	789.626341568
2018-11-22T05:15:01.959Z	211.91044671	151.825645	788.094951314
2018-11-22T05:30:02.003Z	212.4534384	151.825645	789.052070218
2018-11-22T05:45:02.086Z	212.12746809	151.825645	788.477798891
2018-11-22T06:00:02.028Z	212.23606638	151.825645	788.669222668
2018-11-22T06:15:02.054Z	212.99789408	151.825645	790.222187037
2018-11-22T06:30:02.083Z	212.77993575	151.825645	789.626341568
2018-11-22T06:45:02.124Z	212.99789408	151.825645	790.009189143
2018-11-22T07:00:02.123Z	214.53020896	151.825645	792.689122107
2018-11-22T07:15:02.159Z	216.73948239	151.825645	796.517597783
2018-11-22T07:30:02.184Z	214.86007407	151.825645	793.263393466
2018-11-22T07:45:02.174Z	213.32527267	151.825645	790.583460515
2018-11-22T08:00:02.254Z	213.6531817	151.825645	791.157731835
2018-11-22T08:15:02.220Z	213.98162249	151.825645	791.732003213
2018-11-22T08:30:02.256Z	214.97014826	151.825645	793.239847079
2018-11-22T08:45:02.327Z	214.53020896	151.825645	792.689122107
2018-11-22T09:00:02.281Z	213.76260282	151.825645	791.34915564
2018-11-22T09:15:02.290Z	215.52141513	151.825645	794.411936169
2018-11-22T09:30:01.303Z	219.53512119	151.825645	801.742262586
2018-11-22T09:45:01.367Z	218.41228265	151.825645	799.388954499
2018-11-22T10:00:01.389Z	220.5509493	151.825645	803.026006401
2018-11-22T10:15:01.427Z	218.86068097	151.825645	800.154649626
2018-11-22T10:30:01.448Z	216.62844777	151.825645	796.326174003
2018-11-22T10:45:01.529Z	216.73948239	151.825645	796.517597783
2018-11-22T11:00:01.489Z	217.51841992	151.825645	797.857564267
2018-11-22T11:15:01.459Z	217.85316115	151.825645	798.431835615
2018-11-22T11:30:01.518Z	219.19762414	151.825645	800.509723359
2018-11-22T11:45:01.483Z	217.74151986	151.825645	798.240411807
2018-11-22T12:00:01.552Z	218.07662658	151.825645	798.814683163
2018-11-22T12:15:01.567Z	219.19762414	151.825645	800.728920983
2018-11-22T12:30:01.583Z	219.19762414	151.825645	800.728920983
2018-11-22T12:45:01.588Z	219.31006155	151.825645	800.920344781
2018-11-22T13:00:01.619Z	220.43783158	151.825645	802.834582614
2018-11-22T13:15:01.686Z	224.43427086	151.825645	809.534414992
2018-11-22T13:30:01.668Z	222.5977462	151.825645	806.471634483
2018-11-22T13:45:01.673Z	220.66412917	151.825645	803.217430179
2018-11-22T14:00:01.690Z	220.89067557	151.825645	803.600277724
2018-11-22T14:15:01.754Z	220.66412917	151.825645	803.217430179
2018-11-22T14:30:01.769Z	219.19762414	151.825645	800.728920983
2018-11-22T14:45:01.770Z	219.42256055	151.825645	801.111768568
2018-11-22T15:00:01.815Z	221.23096261	151.825645	804.174549087
2018-11-22T15:15:01.799Z	222.25520219	151.825645	805.897363141
2018-11-22T15:30:01.859Z	222.14114677	151.825645	805.705939335
2018-11-22T15:45:01.837Z	219.42256055	151.825645	801.111768568
2018-11-22T16:00:01.866Z	220.5509493	151.825645	803.026006401
2018-11-22T16:15:01.851Z	221.23096261	151.825645	804.174549087
2018-11-22T16:30:01.919Z	223.85860911	151.825645	808.577296105
2018-11-22T16:45:01.937Z	223.16991526	151.825645	807.428753411
2018-11-22T17:00:02.003Z	223.28453889	151.825645	807.620177165
2018-11-22T17:15:01.993Z	219.53512119	151.825645	801.303192343
2018-11-22T17:30:02.025Z	220.5509493	151.825645	803.246557351
2018-11-22T17:45:02.027Z	219.98598121	151.825645	802.068887492
2018-11-22T18:00:02.082Z	218.86068097	151.825645	800.154649626
2018-11-22T18:15:02.100Z	219.76042761	151.825645	801.686039921
2018-11-22T18:30:02.062Z	221.23096261	151.825645	804.174549087
2018-11-22T18:45:02.065Z	221.45813285	151.825645	804.778854777
2018-11-22T19:00:02.112Z	220.89067557	151.825645	803.821168399
2018-11-22T19:15:02.122Z	222.14114677	151.825645	805.705939335
2018-11-22T19:30:02.163Z	221.91322452	151.825645	805.323091783
2018-11-22T19:45:02.206Z	224.66498268	151.825645	810.141927544
2018-11-22T20:00:02.212Z	223.05535496	151.825645	807.2373296
2018-11-22T20:15:02.213Z	222.36932053	151.825645	806.088786921
2018-11-22T20:30:02.294Z	222.25520219	151.825645	805.897363141
2018-11-22T20:45:02.275Z	222.71205363	151.825645	806.440346194
2018-11-22T21:00:02.299Z	221.79935758	151.825645	805.131668015
2018-11-22T21:15:01.292Z	219.64774353	151.825645	801.494616141
2018-11-22T21:30:01.318Z	220.89067557	151.825645	803.600277724
2018-11-22T21:45:01.341Z	221.00404221	151.825645	803.791701518
2018-11-22T22:00:01.439Z	222.14114677	151.825645	805.705939335
2018-11-22T22:15:01.406Z	223.05535496	151.825645	807.2373296
2018-11-22T22:30:01.689Z	224.20381475	151.825645	809.151567433
2018-11-22T22:45:01.700Z	224.08868245	151.825645	808.960143644
2018-11-22T23:00:01.703Z	223.51397642	151.825645	808.003024758
2018-11-22T23:15:01.758Z	223.39922593	151.825645	807.811600963
2018-11-22T23:30:01.772Z	239.11582672	151.825645	833.079540292
2018-11-22T23:45:01.785Z	235.68327858	151.825645	827.719674373
2018-11-23T00:00:01.792Z	248.20107054	151.825645	846.862052682
2018-11-23T00:15:01.821Z	243.48488626	151.825645	839.292402938
2018-11-23T00:30:01.870Z	245.63915414	151.825645	843.033577008
2018-11-23T00:45:01.940Z	247.17270831	151.825645	845.33066242
2018-11-23T01:00:01.895Z	258.48623508	151.825645	863.344025167
2018-11-23T01:15:01.919Z	261.06490486	151.825645	865.430159611
2018-11-23T01:30:01.970Z	253.41607473	151.825645	854.51900399
2018-11-23T01:45:01.964Z	250.01235599	151.825645	849.541985654
2018-11-23T02:00:02.011Z	250.4024321	151.825645	850.11625698
2018-11-23T02:15:01.978Z	251.57680775	151.825645	851.839071042
2018-11-23T02:30:02.046Z	249.49332466	151.825645	848.776290493
2018-11-23T02:45:02.059Z	249.62296804	151.825645	849.217337272
2018-11-23T03:00:02.058Z	245.00333375	151.825645	842.076458099
2018-11-23T03:15:02.197Z	233.6258062	151.825645	824.46547008
2018-11-23T03:30:02.080Z	231.46880236	151.825645	821.482779576
2018-11-23T03:45:02.143Z	232.30503064	151.825645	822.359808466
2018-11-23T04:00:02.245Z	232.78436188	151.825645	823.125503608
2018-11-23T04:15:02.174Z	232.18536704	151.825645	821.936199322
2018-11-23T04:30:02.241Z	228.27403465	151.825645	815.851399839
2018-11-23T04:45:02.238Z	232.66442743	151.825645	822.93407982
2018-11-23T05:00:02.299Z	237.14764565	151.825645	830.016759775
2018-11-23T05:15:02.253Z	242.35296665	151.825645	838.056558676
2018-11-23T05:30:02.289Z	235.56169957	151.825645	827.528250589
2018-11-23T05:45:02.344Z	234.2288845	151.825645	825.422588978
2018-11-23T06:00:02.350Z	237.27012963	151.825645	830.208183575
2018-11-23T06:15:01.304Z	234.71258072	151.825645	826.188284134
2018-11-23T06:30:01.360Z	237.51530773	151.825645	830.591031132
2018-11-23T06:45:01.385Z	237.27012963	151.825645	830.208183575
2018-11-23T07:00:01.494Z	232.90436418	151.825645	823.316927376
2018-11-23T07:15:01.715Z	231.94624248	151.825645	821.785537107
2018-11-23T07:30:01.414Z	232.66442743	151.825645	822.93407982
2018-11-23T07:45:01.597Z	230.63586818	151.825645	819.679875512
2018-11-23T08:00:03.114Z	231.34961054	151.825645	820.828418196
2018-11-23T08:15:01.584Z	233.98744794	231.34961054	825.039741436
2018-11-23T08:30:01.517Z	234.71258072	231.34961054	826.188284134
2018-11-23T08:45:01.639Z	232.90436418	231.34961054	823.316927376
2018-11-23T09:00:01.595Z	229.21558893	231.34961054	817.382790124
2018-11-23T09:15:01.623Z	225.59039556	231.34961054	811.448652829
2018-11-23T09:30:02.740Z	225.01153079	231.34961054	810.266522375
2018-11-23T09:45:01.627Z	226.98625892	231.34961054	813.745738228
2018-11-23T10:00:01.766Z	227.10300279	231.34961054	814.391368005
2018-11-23T10:15:01.734Z	226.40351513	231.34961054	812.788619317
2018-11-23T10:30:01.695Z	225.93848753	231.34961054	812.022924183
2018-11-23T10:45:01.859Z	229.45163796	231.34961054	817.765637689
2018-11-23T11:00:01.739Z	230.3984893	231.34961054	819.297027951
2018-11-23T11:15:01.823Z	231.34961054	231.34961054	820.828418196
2018-11-23T11:30:01.797Z	229.92453169	231.34961054	818.531332816
2018-11-23T11:45:01.793Z	229.09766367	231.34961054	817.191366311
2018-11-23T12:00:01.845Z	227.57063049	231.34961054	814.702857154
2018-11-23T12:15:01.836Z	230.16137728	231.34961054	818.914180362
2018-11-23T12:30:01.883Z	230.51714535	231.34961054	819.488451719
2018-11-23T12:45:01.914Z	234.10813197	231.34961054	825.231165194
2018-11-23T13:00:01.889Z	233.3850531	231.34961054	823.849237443
2018-11-23T13:15:01.970Z	231.34961054	231.34961054	820.828418196
2018-11-23T13:30:02.001Z	232.54456078	231.34961054	822.74265604
2018-11-23T13:45:01.996Z	236.41420909	231.34961054	828.86821707
2018-11-23T14:00:01.960Z	232.66442743	231.34961054	822.701415392
2018-11-23T14:15:02.098Z	233.74628511	231.34961054	824.656893868
2018-11-23T14:30:02.107Z	235.07607491	231.34961054	826.762555458
2018-11-23T14:45:02.089Z	231.94624248	231.34961054	821.785537107
2018-11-23T15:00:02.070Z	231.46880236	231.34961054	821.019841971
2018-11-23T15:15:02.097Z	231.34961054	231.34961054	820.828418196
2018-11-23T15:30:02.154Z	233.98744794	231.34961054	825.039741436
2018-11-23T15:45:02.188Z	232.54456078	231.34961054	822.74265604
2018-11-23T16:00:02.180Z	231.58806141	231.34961054	821.21126576
2018-11-23T16:15:02.191Z	234.47059527	231.34961054	825.805436541
2018-11-23T16:30:02.227Z	236.17028778	231.34961054	828.485369532
2018-11-23T16:45:02.256Z	235.56169957	231.34961054	827.528250589
2018-11-23T17:00:02.271Z	234.71258072	231.34961054	826.188284134
2018-11-23T17:15:02.273Z	237.51530773	231.34961054	830.591031132
2018-11-23T17:30:02.367Z	238.25252759	231.34961054	831.739573817
2018-11-23T17:45:02.322Z	237.88360117	231.34961054	831.165302488
2018-11-23T18:00:01.324Z	240.35514627	231.34961054	834.993778142
2018-11-23T18:15:01.389Z	239.61069984	231.34961054	833.605624743
2018-11-23T18:30:01.397Z	238.86881605	231.34961054	832.69669275
2018-11-23T18:45:01.496Z	239.85856326	231.34961054	834.228083018
2018-11-23T19:00:01.444Z	240.35514627	231.34961054	834.993778142
2018-11-23T19:15:01.540Z	239.23943844	231.34961054	833.270964087
2018-11-23T19:30:01.556Z	235.92664443	231.34961054	828.102521949
2018-11-23T19:45:01.521Z	237.27012963	231.34961054	830.208183575
2018-11-23T20:00:01.540Z	237.14764565	231.34961054	830.016759775
2018-11-23T20:15:01.557Z	237.51530773	231.34961054	830.591031132
2018-11-23T20:30:01.548Z	236.65840886	231.34961054	829.251064645
2018-11-23T20:45:01.588Z	236.17028778	231.34961054	828.485369532
2018-11-23T21:00:01.573Z	235.80492685	231.34961054	827.91109817
2018-11-23T21:15:01.616Z	235.80492685	231.34961054	827.91109817
2018-11-23T21:30:01.695Z	235.44018976	231.34961054	827.336826817
2018-11-23T21:45:01.718Z	234.9548413	231.34961054	826.571131693
2018-11-23T22:00:01.732Z	231.34961054	231.34961054	820.828418196
2018-11-23T22:15:01.729Z	231.70738774	231.34961054	821.634396926
2018-11-23T22:30:01.936Z	229.68795206	231.34961054	818.148485238
2018-11-23T22:45:01.960Z	228.39149836	231.34961054	815.814432142
2018-11-23T23:00:01.997Z	228.97980452	231.34961054	816.999942527
2018-11-23T23:15:02.022Z	229.56976185	231.34961054	817.957061472
2018-11-23T23:30:02.086Z	230.16137728	231.34961054	818.914180362
2018-11-23T23:45:02.047Z	231.34961054	231.34961054	820.828418196
2018-11-24T00:00:02.085Z	230.3984893	231.34961054	819.297027951
2018-11-24T00:15:02.119Z	229.33358033	231.34961054	817.574213876
2018-11-24T00:30:02.150Z	227.9220376	231.34961054	815.277128495
2018-11-24T00:45:02.335Z	227.21981183	231.34961054	814.128585787
2018-11-24T01:00:02.244Z	225.59039556	231.34961054	811.674243225
2018-11-24T01:15:02.206Z	226.17087187	231.34961054	812.405771757
2018-11-24T01:30:02.313Z	227.68770073	231.34961054	814.666593212
2018-11-24T01:45:02.241Z	227.21981183	231.34961054	814.128585787
2018-11-24T02:00:02.288Z	226.40351513	231.34961054	812.788619317
2018-11-24T02:15:02.312Z	227.80483642	231.34961054	815.085704711
2018-11-24T02:30:02.408Z	229.92453169	231.34961054	818.531332816
2018-11-24T02:45:01.319Z	230.16137728	231.34961054	818.914180362
2018-11-24T03:00:01.358Z	230.16137728	231.34961054	818.914180362
2018-11-24T03:15:01.503Z	229.33358033	231.34961054	817.574213876
2018-11-24T03:30:01.376Z	228.27403465	231.34961054	815.851399839
2018-11-24T03:45:01.508Z	228.86201142	231.34961054	816.808518758
2018-11-24T04:00:01.437Z	230.16137728	231.34961054	818.914180362
2018-11-24T04:15:01.474Z	228.86201142	231.34961054	816.808518758
2018-11-24T04:30:01.491Z	227.21981183	231.34961054	814.128585787
2018-11-24T04:45:01.496Z	227.9220376	231.34961054	815.277128495
2018-11-24T05:00:01.508Z	228.74428431	231.34961054	816.617094987
2018-11-24T05:15:01.646Z	230.04292121	231.34961054	818.722756586
2018-11-24T05:30:01.533Z	230.16137728	231.34961054	818.914180362
2018-11-24T05:45:01.597Z	230.51714535	231.34961054	819.488451719
2018-11-24T06:00:01.611Z	229.80620866	231.34961054	818.339909038
2018-11-24T06:15:01.632Z	229.92453169	231.34961054	818.531332816
2018-11-24T06:30:01.654Z	229.56976185	231.34961054	817.957061472
2018-11-24T06:45:01.621Z	229.92453169	231.34961054	818.531332816
2018-11-24T07:00:01.680Z	229.21558893	231.34961054	817.382790124
2018-11-24T07:15:01.731Z	231.34961054	231.34961054	820.828418196
2018-11-24T07:30:01.717Z	231.23048589	231.34961054	820.636994424
2018-11-24T07:45:02.756Z	232.30503064	231.34961054	822.359808466
2018-11-24T08:00:02.845Z	230.51714535	231.34961054	819.488451719
2018-11-24T08:15:01.799Z	229.45163796	231.34961054	817.765637689
2018-11-24T08:30:01.785Z	230.3984893	231.34961054	819.297027951
2018-11-24T08:45:01.944Z	230.99243786	231.34961054	820.254146841
2018-11-24T09:00:01.816Z	229.68795206	231.34961054	818.148485238
2018-11-24T09:15:01.928Z	230.63586818	231.34961054	819.679875512
2018-11-24T09:30:01.854Z	231.94624248	231.34961054	821.785537107
2018-11-24T09:45:01.942Z	232.42476187	231.34961054	822.551232258
2018-11-24T10:00:01.918Z	229.45163796	231.34961054	817.765637689
2018-11-24T10:15:01.897Z	229.92453169	231.34961054	818.531332816
2018-11-24T10:30:01.949Z	230.99243786	231.34961054	820.254146841
2018-11-24T10:45:01.975Z	231.46880236	231.34961054	821.019841971
2018-11-24T11:00:02.019Z	232.78436188	231.34961054	823.125503608
2018-11-24T11:15:02.089Z	232.78436188	231.34961054	823.125503608
2018-11-24T11:30:02.087Z	232.54456078	231.34961054	822.74265604
2018-11-24T11:45:02.051Z	232.18536704	231.34961054	822.168384689
2018-11-24T12:00:02.044Z	231.94624248	231.34961054	821.785537107
2018-11-24T12:15:02.095Z	233.6258062	231.34961054	824.46547008
2018-11-24T12:30:02.133Z	234.34970558	231.34961054	825.614012758
2018-11-24T12:45:02.123Z	234.10813197	231.34961054	825.231165194
2018-11-24T13:00:02.140Z	233.0244344	231.34961054	823.50835117
2018-11-24T13:15:02.282Z	233.0244344	231.34961054	823.50835117
2018-11-24T13:30:02.236Z	232.30503064	231.34961054	822.359808466
2018-11-24T13:45:02.244Z	232.54456078	231.34961054	822.74265604
2018-11-24T14:00:02.235Z	233.3850531	231.34961054	824.082622496
2018-11-24T14:15:02.293Z	233.50539555	231.34961054	824.274046291
2018-11-24T14:30:02.319Z	232.42476187	231.34961054	822.551232258
2018-11-24T14:45:02.281Z	230.51714535	231.34961054	819.257934574
2018-11-24T15:00:01.309Z	230.99243786	231.34961054	820.254146841
2018-11-24T15:15:01.455Z	231.94624248	231.34961054	821.785537107
2018-11-24T15:30:01.368Z	231.70738774	231.34961054	821.402689538
2018-11-24T15:45:01.457Z	229.92453169	231.34961054	818.531332816
2018-11-24T16:00:01.465Z	230.87351438	231.34961054	820.062723078
2018-11-24T16:15:01.559Z	231.82678141	231.34961054	821.594113317
2018-11-24T16:30:01.490Z	232.54456078	231.34961054	822.74265604
2018-11-24T16:45:01.539Z	233.2647788	231.34961054	823.891198722
2018-11-24T17:00:01.502Z	233.3850531	231.34961054	824.082622496
2018-11-24T17:15:01.611Z	234.10813197	231.34961054	825.231165194
2018-11-24T17:30:01.550Z	233.74628511	231.34961054	824.656893868
2018-11-24T17:45:01.619Z	233.3850531	231.34961054	824.082622496
2018-11-24T18:00:01.581Z	233.2647788	231.34961054	823.891198722
2018-11-24T18:15:01.606Z	232.90436418	231.34961054	823.316927376
2018-11-24T18:30:01.629Z	233.0244344	231.34961054	823.50835117
2018-11-24T18:45:01.636Z	233.50539555	231.34961054	824.274046291
2018-11-24T19:00:01.654Z	234.2288845	231.34961054	825.422588978
2018-11-24T19:15:01.678Z	233.3850531	231.34961054	824.082622496
2018-11-24T19:30:01.691Z	233.98744794	231.34961054	825.039741436
2018-11-24T19:45:01.739Z	254.7392153	231.34961054	856.433241839
2018-11-24T20:00:01.714Z	252.10075877	231.34961054	852.856866919
2018-11-24T20:15:01.825Z	252.62595065	231.34961054	853.623087246
2018-11-24T20:30:01.830Z	243.98986004	231.34961054	840.545067838
2018-11-24T20:45:01.828Z	240.60386685	231.34961054	835.376625703
2018-11-24T21:00:01.822Z	241.72666467	231.34961054	837.099439752
2018-11-24T21:15:01.827Z	243.61101986	231.34961054	839.970796477
2018-11-24T21:30:01.919Z	254.7392153	231.34961054	856.433241839
2018-11-24T21:45:01.936Z	259.83975499	231.34961054	863.967185342
2018-11-24T22:00:01.930Z	266.45167496	231.34961054	872.895687169
2018-11-24T22:15:01.899Z	279.23828172	231.34961054	889.932403842
2018-11-24T22:30:02.290Z	306.25372206	231.34961054	923.048718289
2018-11-24T22:45:01.290Z	289.80817088	231.34961054	903.332068633
2018-11-24T23:00:01.879Z	291.35703459	231.34961054	905.246306471
2018-11-24T23:15:01.921Z	278.94310325	231.34961054	889.549556264
2018-11-24T23:30:01.931Z	282.95951879	231.34961054	894.717998414
2018-11-24T23:45:01.921Z	278.50102911	231.34961054	888.975284919
2018-11-25T00:00:01.961Z	282.95951879	231.34961054	894.717998414
2018-11-25T00:15:02.044Z	280.86840852	231.34961054	892.03806546
2018-11-25T00:30:01.998Z	287.0451166	231.34961054	899.886440541
2018-11-25T00:45:01.999Z	285.82725112	231.34961054	899.212532024
2018-11-25T01:00:02.068Z	286.58768936	231.34961054	899.598756901
2018-11-25T01:15:02.067Z	284.31361004	231.34961054	896.440812456
2018-11-25T01:30:02.080Z	286.28322345	231.34961054	898.929321633
2018-11-25T01:45:02.106Z	285.22064034	231.34961054	897.58935515
2018-11-25T02:00:02.144Z	284.46454195	231.34961054	896.632236226
2018-11-25T02:15:02.120Z	287.65638316	231.34961054	900.652135674
2018-11-25T02:30:02.154Z	288.42266622	231.34961054	901.609254604
2018-11-25T02:45:02.224Z	289.65383094	231.34961054	903.140644871
2018-11-25T03:00:02.205Z	287.50342015	231.34961054	900.46071191
2018-11-25T03:15:02.230Z	292.6033226	231.34961054	906.777696737
2018-11-25T03:30:02.312Z	289.80817088	231.34961054	903.332068633
2018-11-25T03:45:02.315Z	298.61215305	231.34961054	914.051800486
2018-11-25T04:00:02.358Z	294.01311028	231.34961054	908.500510765
2018-11-25T04:15:01.295Z	292.75956117	231.34961054	906.969120505
2018-11-25T04:30:01.394Z	292.75956117	231.34961054	906.969120505
2018-11-25T04:45:01.469Z	290.73629423	231.34961054	904.48061135
2018-11-25T05:00:01.390Z	294.48486625	231.34961054	909.074782114
2018-11-25T05:15:01.483Z	293.54226946	231.34961054	907.92623944
2018-11-25T05:30:01.476Z	292.13521128	231.34961054	906.203425391
2018-11-25T05:45:01.459Z	293.38552542	231.34961054	907.734815649
2018-11-25T06:00:01.491Z	292.91590064	231.34961054	907.160544282
2018-11-25T06:15:01.488Z	292.44718482	231.34961054	906.586272942
2018-11-25T06:30:01.499Z	292.91590064	231.34961054	907.160544282
2018-11-25T06:45:01.637Z	294.64232207	231.34961054	909.266205908
2018-11-25T07:00:01.553Z	294.64232207	231.34961054	909.266205908
2018-11-25T07:15:01.612Z	292.13521128	231.34961054	906.203425391
2018-11-25T07:30:01.610Z	289.19140452	231.34961054	902.566373507
2018-11-25T07:45:01.629Z	289.65383094	231.34961054	903.140644871
